#
# There is insufficient memory for the Java Runtime Environment to continue.
# Native memory allocation (malloc) failed to allocate 963968 bytes. Error detail: Chunk::new
# Possible reasons:
#   The system is out of physical RAM or swap space
#   This process is running with CompressedOops enabled, and the Java Heap may be blocking the growth of the native heap
# Possible solutions:
#   Reduce memory load on the system
#   Increase physical memory or swap space
#   Check if swap backing store is full
#   Decrease Java heap size (-Xmx/-Xms)
#   Decrease number of Java threads
#   Decrease Java thread stack sizes (-Xss)
#   Set larger code cache with -XX:ReservedCodeCacheSize=
#   JVM is running with Unscaled Compressed Oops mode in which the Java heap is
#     placed in the first 4GB address space. The Java Heap base address is the
#     maximum limit for the native heap growth. Please use -XX:HeapBaseMinAddress
#     to set the Java Heap base and to place the Java Heap above 4GB virtual address.
# This output file may be truncated or incomplete.
#
#  Out of Memory Error (arena.cpp:150), pid=376, tid=16396
#
# JRE version: Java(TM) SE Runtime Environment (22.0.2+9) (build 22.0.2+9-70)
# Java VM: Java HotSpot(TM) 64-Bit Server VM (22.0.2+9-70, mixed mode, sharing, tiered, compressed oops, compressed class ptrs, g1 gc, windows-amd64)
# No core dump will be written. Minidumps are not enabled by default on client versions of Windows
#

---------------  S U M M A R Y ------------

Command Line: org.jetbrains.kotlin.cli.jvm.K2JVMCompiler @C:\Users\Victus\Desktop\andridstudio\jawafai\app\build\20250716_10118920805205457467.compiler.options

Host: 13th Gen Intel(R) Core(TM) i5-13420H, 12 cores, 7G,  Windows 11 , 64 bit Build 26100 (10.0.26100.4484)
Time: Wed Jul 16 14:32:29 2025 Nepal Standard Time elapsed time: 15.033584 seconds (0d 0h 0m 15s)

---------------  T H R E A D  ---------------

Current thread (0x00000175f56dbc20):  JavaThread "C2 CompilerThread1" daemon [_thread_in_native, id=16396, stack(0x0000001f4e500000,0x0000001f4e600000) (1024K)]


Current CompileTask:
C2:15033 9027       4       org.jetbrains.kotlin.name.FqNameUnsafe::pathSegments (39 bytes)

Stack: [0x0000001f4e500000,0x0000001f4e600000]
Native frames: (J=compiled Java code, j=interpreted, Vv=VM code, C=native code)
V  [jvm.dll+0x6e26e9]  (no source info available)
V  [jvm.dll+0x875753]  (no source info available)
V  [jvm.dll+0x877b7e]  (no source info available)
V  [jvm.dll+0x878253]  (no source info available)
V  [jvm.dll+0x27fc86]  (no source info available)
V  [jvm.dll+0xc3d0f]  (no source info available)
V  [jvm.dll+0xc3f6b]  (no source info available)
V  [jvm.dll+0x3bb47c]  (no source info available)
V  [jvm.dll+0x387d4b]  (no source info available)
V  [jvm.dll+0x3871ba]  (no source info available)
V  [jvm.dll+0x2477f8]  (no source info available)
V  [jvm.dll+0x246e9f]  (no source info available)
V  [jvm.dll+0x1c4e80]  (no source info available)
V  [jvm.dll+0x2568f3]  (no source info available)
V  [jvm.dll+0x254baa]  (no source info available)
V  [jvm.dll+0x3f57a6]  (no source info available)
V  [jvm.dll+0x81dc0b]  (no source info available)
V  [jvm.dll+0x6e0d85]  (no source info available)
C  [ucrtbase.dll+0x37b0]  (no source info available)
C  [KERNEL32.DLL+0x2e8d7]  (no source info available)
C  [ntdll.dll+0x3c34c]  (no source info available)


---------------  P R O C E S S  ---------------

Threads class SMR info:
_java_thread_list=0x00000175f79af120, length=12, elements={
0x0000017590629360, 0x00000175ad1a7ad0, 0x00000175ad1a9250, 0x00000175ad1af1a0,
0x00000175ad1cfe70, 0x00000175ad1d1790, 0x00000175ad1d21f0, 0x00000175ad1d40b0,
0x00000175ad1d7fe0, 0x00000175ad437e00, 0x00000175ad4434b0, 0x00000175f56dbc20
}

Java Threads: ( => current thread )
  0x0000017590629360 JavaThread "main"                              [_thread_in_Java, id=11756, stack(0x0000001f4d300000,0x0000001f4d400000) (1024K)]
  0x00000175ad1a7ad0 JavaThread "Reference Handler"          daemon [_thread_blocked, id=24780, stack(0x0000001f4db00000,0x0000001f4dc00000) (1024K)]
  0x00000175ad1a9250 JavaThread "Finalizer"                  daemon [_thread_blocked, id=20408, stack(0x0000001f4dc00000,0x0000001f4dd00000) (1024K)]
  0x00000175ad1af1a0 JavaThread "Signal Dispatcher"          daemon [_thread_blocked, id=22980, stack(0x0000001f4dd00000,0x0000001f4de00000) (1024K)]
  0x00000175ad1cfe70 JavaThread "Attach Listener"            daemon [_thread_blocked, id=24748, stack(0x0000001f4de00000,0x0000001f4df00000) (1024K)]
  0x00000175ad1d1790 JavaThread "Service Thread"             daemon [_thread_blocked, id=3028, stack(0x0000001f4df00000,0x0000001f4e000000) (1024K)]
  0x00000175ad1d21f0 JavaThread "Monitor Deflation Thread"   daemon [_thread_blocked, id=17660, stack(0x0000001f4e000000,0x0000001f4e100000) (1024K)]
  0x00000175ad1d40b0 JavaThread "C2 CompilerThread0"         daemon [_thread_in_native, id=18208, stack(0x0000001f4e100000,0x0000001f4e200000) (1024K)]
  0x00000175ad1d7fe0 JavaThread "C1 CompilerThread0"         daemon [_thread_blocked, id=15448, stack(0x0000001f4e200000,0x0000001f4e300000) (1024K)]
  0x00000175ad437e00 JavaThread "Notification Thread"        daemon [_thread_blocked, id=9188, stack(0x0000001f4e300000,0x0000001f4e400000) (1024K)]
  0x00000175ad4434b0 JavaThread "Common-Cleaner"             daemon [_thread_blocked, id=26928, stack(0x0000001f4e400000,0x0000001f4e500000) (1024K)]
=>0x00000175f56dbc20 JavaThread "C2 CompilerThread1"         daemon [_thread_in_native, id=16396, stack(0x0000001f4e500000,0x0000001f4e600000) (1024K)]
Total: 12

Other Threads:
  0x00000175ad189d90 VMThread "VM Thread"                           [id=29152, stack(0x0000001f4da00000,0x0000001f4db00000) (1024K)]
  0x00000175ad16c8a0 WatcherThread "VM Periodic Task Thread"        [id=22624, stack(0x0000001f4d900000,0x0000001f4da00000) (1024K)]
  0x0000017590684190 WorkerThread "GC Thread#0"                     [id=31688, stack(0x0000001f4d400000,0x0000001f4d500000) (1024K)]
  0x00000175adb57a50 WorkerThread "GC Thread#1"                     [id=4772, stack(0x0000001f4e700000,0x0000001f4e800000) (1024K)]
  0x00000175adb84300 WorkerThread "GC Thread#2"                     [id=10784, stack(0x0000001f4e800000,0x0000001f4e900000) (1024K)]
  0x00000175adb846b0 WorkerThread "GC Thread#3"                     [id=17664, stack(0x0000001f4e900000,0x0000001f4ea00000) (1024K)]
  0x00000175adb84a60 WorkerThread "GC Thread#4"                     [id=21888, stack(0x0000001f4ea00000,0x0000001f4eb00000) (1024K)]
  0x00000175adb84e10 WorkerThread "GC Thread#5"                     [id=22176, stack(0x0000001f4eb00000,0x0000001f4ec00000) (1024K)]
  0x00000175adefd630 WorkerThread "GC Thread#6"                     [id=11680, stack(0x0000001f4e600000,0x0000001f4e700000) (1024K)]
  0x00000175adefc770 WorkerThread "GC Thread#7"                     [id=14188, stack(0x0000001f4ec00000,0x0000001f4ed00000) (1024K)]
  0x00000175adefd9e0 WorkerThread "GC Thread#8"                     [id=12412, stack(0x0000001f4ed00000,0x0000001f4ee00000) (1024K)]
  0x00000175f37cb9c0 WorkerThread "GC Thread#9"                     [id=14256, stack(0x0000001f4ef00000,0x0000001f4f000000) (1024K)]
  0x0000017590694590 ConcurrentGCThread "G1 Main Marker"            [id=14604, stack(0x0000001f4d500000,0x0000001f4d600000) (1024K)]
  0x0000017590695ed0 WorkerThread "G1 Conc#0"                       [id=4156, stack(0x0000001f4d600000,0x0000001f4d700000) (1024K)]
  0x00000175f37c9890 WorkerThread "G1 Conc#1"                       [id=10124, stack(0x0000001f4f000000,0x0000001f4f100000) (1024K)]
  0x00000175f37cb610 WorkerThread "G1 Conc#2"                       [id=19696, stack(0x0000001f4f100000,0x0000001f4f200000) (1024K)]
  0x00000175906ee1a0 ConcurrentGCThread "G1 Refine#0"               [id=14652, stack(0x0000001f4d700000,0x0000001f4d800000) (1024K)]
  0x00000175ad03cd60 ConcurrentGCThread "G1 Service"                [id=21852, stack(0x0000001f4d800000,0x0000001f4d900000) (1024K)]
Total: 18

Threads with active compile tasks:
C2 CompilerThread0  15177 9177       4       org.jetbrains.kotlin.fir.types.FunctionalTypeUtilsKt::functionTypeKind (30 bytes)
C2 CompilerThread1  15177 9027       4       org.jetbrains.kotlin.name.FqNameUnsafe::pathSegments (39 bytes)
Total: 2

VM state: not at safepoint (normal execution)

VM Mutex/Monitor currently owned by a thread: None

Heap address: 0x0000000085800000, size: 1960 MB, Compressed Oops mode: 32-bit

CDS archive(s) mapped at: [0x00000175ae000000-0x00000175aec60000-0x00000175aec60000), size 12976128, SharedBaseAddress: 0x00000175ae000000, ArchiveRelocationMode: 1.
Compressed class space mapped at: 0x00000175af000000-0x00000175ef000000, reserved size: 1073741824
Narrow klass base: 0x00000175ae000000, Narrow klass shift: 0, Narrow klass range: 0x41000000

GC Precious Log:
 CardTable entry size: 512
 Card Set container configuration: InlinePtr #cards 5 size 8 Array Of Cards #cards 12 size 40 Howl #buckets 4 coarsen threshold 1843 Howl Bitmap #cards 512 size 80 coarsen threshold 460 Card regions per heap region 1 cards per card region 2048
 CPUs: 12 total, 12 available
 Memory: 7832M
 Large Page Support: Disabled
 NUMA Support: Disabled
 Compressed Oops: Enabled (32-bit)
 Heap Region Size: 1M
 Heap Min Capacity: 8M
 Heap Initial Capacity: 124M
 Heap Max Capacity: 1960M
 Pre-touch: Disabled
 Parallel Workers: 10
 Concurrent Workers: 3
 Concurrent Refinement Workers: 10
 Periodic GC: Disabled

Heap:
 garbage-first heap   total reserved 2007040K, committed 332800K, used 204550K [0x0000000085800000, 0x0000000100000000)
  region size 1024K, 40 young (40960K), 15 survivors (15360K)
 Metaspace       used 54879K, committed 55232K, reserved 1114112K
  class space    used 6445K, committed 6592K, reserved 1048576K

Heap Regions: E=young(eden), S=young(survivor), O=old, HS=humongous(starts), HC=humongous(continues), CS=collection set, F=free, TAMS=top-at-mark-start, PB=parsable bottom
|   0|0x0000000085800000, 0x0000000085900000, 0x0000000085900000|100%|HS|  |TAMS 0x0000000085800000| PB 0x0000000085800000| Complete |  0
|   1|0x0000000085900000, 0x0000000085a00000, 0x0000000085a00000|100%|HC|  |TAMS 0x0000000085900000| PB 0x0000000085900000| Complete |  0
|   2|0x0000000085a00000, 0x0000000085b00000, 0x0000000085b00000|100%|HC|  |TAMS 0x0000000085a00000| PB 0x0000000085a00000| Complete |  0
|   3|0x0000000085b00000, 0x0000000085c00000, 0x0000000085c00000|100%| O|  |TAMS 0x0000000085b00000| PB 0x0000000085b00000| Untracked |  0
|   4|0x0000000085c00000, 0x0000000085d00000, 0x0000000085d00000|100%| O|  |TAMS 0x0000000085c00000| PB 0x0000000085c00000| Untracked |  0
|   5|0x0000000085d00000, 0x0000000085e00000, 0x0000000085e00000|100%| O|  |TAMS 0x0000000085d00000| PB 0x0000000085d00000| Untracked |  0
|   6|0x0000000085e00000, 0x0000000085f00000, 0x0000000085f00000|100%| O|  |TAMS 0x0000000085e00000| PB 0x0000000085e00000| Untracked |  0
|   7|0x0000000085f00000, 0x0000000086000000, 0x0000000086000000|100%| O|  |TAMS 0x0000000085f00000| PB 0x0000000085f00000| Untracked |  0
|   8|0x0000000086000000, 0x0000000086100000, 0x0000000086100000|100%| O|  |TAMS 0x0000000086000000| PB 0x0000000086000000| Untracked |  0
|   9|0x0000000086100000, 0x0000000086200000, 0x0000000086200000|100%| O|  |TAMS 0x0000000086100000| PB 0x0000000086100000| Untracked |  0
|  10|0x0000000086200000, 0x0000000086300000, 0x0000000086300000|100%| O|  |TAMS 0x0000000086200000| PB 0x0000000086200000| Untracked |  0
|  11|0x0000000086300000, 0x0000000086400000, 0x0000000086400000|100%| O|  |TAMS 0x0000000086300000| PB 0x0000000086300000| Untracked |  0
|  12|0x0000000086400000, 0x0000000086500000, 0x0000000086500000|100%| O|  |TAMS 0x0000000086400000| PB 0x0000000086400000| Untracked |  0
|  13|0x0000000086500000, 0x0000000086600000, 0x0000000086600000|100%| O|  |TAMS 0x0000000086500000| PB 0x0000000086500000| Untracked |  0
|  14|0x0000000086600000, 0x0000000086700000, 0x0000000086700000|100%| O|  |TAMS 0x0000000086600000| PB 0x0000000086600000| Untracked |  0
|  15|0x0000000086700000, 0x0000000086800000, 0x0000000086800000|100%| O|  |TAMS 0x0000000086700000| PB 0x0000000086700000| Untracked |  0
|  16|0x0000000086800000, 0x0000000086900000, 0x0000000086900000|100%| O|  |TAMS 0x0000000086800000| PB 0x0000000086800000| Untracked |  0
|  17|0x0000000086900000, 0x0000000086a00000, 0x0000000086a00000|100%| O|  |TAMS 0x0000000086900000| PB 0x0000000086900000| Untracked |  0
|  18|0x0000000086a00000, 0x0000000086b00000, 0x0000000086b00000|100%| O|  |TAMS 0x0000000086a00000| PB 0x0000000086a00000| Untracked |  0
|  19|0x0000000086b00000, 0x0000000086c00000, 0x0000000086c00000|100%| O|  |TAMS 0x0000000086b00000| PB 0x0000000086b00000| Untracked |  0
|  20|0x0000000086c00000, 0x0000000086d00000, 0x0000000086d00000|100%| O|  |TAMS 0x0000000086c00000| PB 0x0000000086c00000| Untracked |  0
|  21|0x0000000086d00000, 0x0000000086e00000, 0x0000000086e00000|100%| O|  |TAMS 0x0000000086d00000| PB 0x0000000086d00000| Untracked |  0
|  22|0x0000000086e00000, 0x0000000086f00000, 0x0000000086f00000|100%| O|  |TAMS 0x0000000086e00000| PB 0x0000000086e00000| Untracked |  0
|  23|0x0000000086f00000, 0x0000000087000000, 0x0000000087000000|100%| O|  |TAMS 0x0000000086f00000| PB 0x0000000086f00000| Untracked |  0
|  24|0x0000000087000000, 0x0000000087100000, 0x0000000087100000|100%| O|  |TAMS 0x0000000087000000| PB 0x0000000087000000| Untracked |  0
|  25|0x0000000087100000, 0x0000000087200000, 0x0000000087200000|100%| O|  |TAMS 0x0000000087100000| PB 0x0000000087100000| Untracked |  0
|  26|0x0000000087200000, 0x0000000087300000, 0x0000000087300000|100%| O|  |TAMS 0x0000000087200000| PB 0x0000000087200000| Untracked |  0
|  27|0x0000000087300000, 0x0000000087400000, 0x0000000087400000|100%| O|  |TAMS 0x0000000087300000| PB 0x0000000087300000| Untracked |  0
|  28|0x0000000087400000, 0x0000000087500000, 0x0000000087500000|100%| O|  |TAMS 0x0000000087400000| PB 0x0000000087400000| Untracked |  0
|  29|0x0000000087500000, 0x0000000087600000, 0x0000000087600000|100%| O|  |TAMS 0x0000000087500000| PB 0x0000000087500000| Untracked |  0
|  30|0x0000000087600000, 0x0000000087700000, 0x0000000087700000|100%| O|  |TAMS 0x0000000087600000| PB 0x0000000087600000| Untracked |  0
|  31|0x0000000087700000, 0x0000000087800000, 0x0000000087800000|100%| O|  |TAMS 0x0000000087700000| PB 0x0000000087700000| Untracked |  0
|  32|0x0000000087800000, 0x0000000087900000, 0x0000000087900000|100%| O|  |TAMS 0x0000000087800000| PB 0x0000000087800000| Untracked |  0
|  33|0x0000000087900000, 0x0000000087a00000, 0x0000000087a00000|100%| O|  |TAMS 0x0000000087900000| PB 0x0000000087900000| Untracked |  0
|  34|0x0000000087a00000, 0x0000000087b00000, 0x0000000087b00000|100%| O|  |TAMS 0x0000000087a00000| PB 0x0000000087a00000| Untracked |  0
|  35|0x0000000087b00000, 0x0000000087c00000, 0x0000000087c00000|100%| O|  |TAMS 0x0000000087b00000| PB 0x0000000087b00000| Untracked |  0
|  36|0x0000000087c00000, 0x0000000087d00000, 0x0000000087d00000|100%|HS|  |TAMS 0x0000000087c00000| PB 0x0000000087c00000| Complete |  0
|  37|0x0000000087d00000, 0x0000000087e00000, 0x0000000087e00000|100%| O|  |TAMS 0x0000000087d00000| PB 0x0000000087d00000| Untracked |  0
|  38|0x0000000087e00000, 0x0000000087f00000, 0x0000000087f00000|100%| O|  |TAMS 0x0000000087e00000| PB 0x0000000087e00000| Untracked |  0
|  39|0x0000000087f00000, 0x0000000088000000, 0x0000000088000000|100%| O|  |TAMS 0x0000000087f00000| PB 0x0000000087f00000| Untracked |  0
|  40|0x0000000088000000, 0x0000000088100000, 0x0000000088100000|100%| O|  |TAMS 0x0000000088000000| PB 0x0000000088000000| Untracked |  0
|  41|0x0000000088100000, 0x0000000088200000, 0x0000000088200000|100%| O|  |TAMS 0x0000000088100000| PB 0x0000000088100000| Untracked |  0
|  42|0x0000000088200000, 0x0000000088300000, 0x0000000088300000|100%| O|  |TAMS 0x0000000088200000| PB 0x0000000088200000| Untracked |  0
|  43|0x0000000088300000, 0x0000000088400000, 0x0000000088400000|100%| O|  |TAMS 0x0000000088300000| PB 0x0000000088300000| Untracked |  0
|  44|0x0000000088400000, 0x0000000088500000, 0x0000000088500000|100%| O|  |TAMS 0x0000000088400000| PB 0x0000000088400000| Untracked |  0
|  45|0x0000000088500000, 0x0000000088600000, 0x0000000088600000|100%| O|  |TAMS 0x0000000088500000| PB 0x0000000088500000| Untracked |  0
|  46|0x0000000088600000, 0x0000000088700000, 0x0000000088700000|100%| O|  |TAMS 0x0000000088600000| PB 0x0000000088600000| Untracked |  0
|  47|0x0000000088700000, 0x0000000088800000, 0x0000000088800000|100%| O|  |TAMS 0x0000000088700000| PB 0x0000000088700000| Untracked |  0
|  48|0x0000000088800000, 0x0000000088900000, 0x0000000088900000|100%| O|  |TAMS 0x0000000088800000| PB 0x0000000088800000| Untracked |  0
|  49|0x0000000088900000, 0x0000000088a00000, 0x0000000088a00000|100%| O|  |TAMS 0x0000000088900000| PB 0x0000000088900000| Untracked |  0
|  50|0x0000000088a00000, 0x0000000088b00000, 0x0000000088b00000|100%| O|  |TAMS 0x0000000088a00000| PB 0x0000000088a00000| Untracked |  0
|  51|0x0000000088b00000, 0x0000000088c00000, 0x0000000088c00000|100%| O|  |TAMS 0x0000000088b00000| PB 0x0000000088b00000| Untracked |  0
|  52|0x0000000088c00000, 0x0000000088d00000, 0x0000000088d00000|100%| O|  |TAMS 0x0000000088c00000| PB 0x0000000088c00000| Untracked |  0
|  53|0x0000000088d00000, 0x0000000088e00000, 0x0000000088e00000|100%| O|  |TAMS 0x0000000088d00000| PB 0x0000000088d00000| Untracked |  0
|  54|0x0000000088e00000, 0x0000000088f00000, 0x0000000088f00000|100%| O|  |TAMS 0x0000000088e00000| PB 0x0000000088e00000| Untracked |  0
|  55|0x0000000088f00000, 0x0000000089000000, 0x0000000089000000|100%| O|  |TAMS 0x0000000088f00000| PB 0x0000000088f00000| Untracked |  0
|  56|0x0000000089000000, 0x0000000089100000, 0x0000000089100000|100%| O|  |TAMS 0x0000000089000000| PB 0x0000000089000000| Untracked |  0
|  57|0x0000000089100000, 0x0000000089200000, 0x0000000089200000|100%| O|  |TAMS 0x0000000089100000| PB 0x0000000089100000| Untracked |  0
|  58|0x0000000089200000, 0x0000000089300000, 0x0000000089300000|100%| O|  |TAMS 0x0000000089200000| PB 0x0000000089200000| Untracked |  0
|  59|0x0000000089300000, 0x0000000089400000, 0x0000000089400000|100%| O|  |TAMS 0x0000000089300000| PB 0x0000000089300000| Untracked |  0
|  60|0x0000000089400000, 0x0000000089500000, 0x0000000089500000|100%| O|  |TAMS 0x0000000089400000| PB 0x0000000089400000| Untracked |  0
|  61|0x0000000089500000, 0x0000000089600000, 0x0000000089600000|100%| O|  |TAMS 0x0000000089500000| PB 0x0000000089500000| Untracked |  0
|  62|0x0000000089600000, 0x0000000089700000, 0x0000000089700000|100%| O|  |TAMS 0x0000000089600000| PB 0x0000000089600000| Untracked |  0
|  63|0x0000000089700000, 0x0000000089800000, 0x0000000089800000|100%| O|  |TAMS 0x0000000089700000| PB 0x0000000089700000| Untracked |  0
|  64|0x0000000089800000, 0x0000000089900000, 0x0000000089900000|100%| O|  |TAMS 0x0000000089800000| PB 0x0000000089800000| Untracked |  0
|  65|0x0000000089900000, 0x0000000089a00000, 0x0000000089a00000|100%| O|  |TAMS 0x0000000089900000| PB 0x0000000089900000| Untracked |  0
|  66|0x0000000089a00000, 0x0000000089b00000, 0x0000000089b00000|100%| O|  |TAMS 0x0000000089a00000| PB 0x0000000089a00000| Untracked |  0
|  67|0x0000000089b00000, 0x0000000089c00000, 0x0000000089c00000|100%| O|  |TAMS 0x0000000089b00000| PB 0x0000000089b00000| Untracked |  0
|  68|0x0000000089c00000, 0x0000000089d00000, 0x0000000089d00000|100%| O|  |TAMS 0x0000000089c00000| PB 0x0000000089c00000| Untracked |  0
|  69|0x0000000089d00000, 0x0000000089e00000, 0x0000000089e00000|100%| O|  |TAMS 0x0000000089d00000| PB 0x0000000089d00000| Untracked |  0
|  70|0x0000000089e00000, 0x0000000089f00000, 0x0000000089f00000|100%| O|  |TAMS 0x0000000089e00000| PB 0x0000000089e00000| Untracked |  0
|  71|0x0000000089f00000, 0x000000008a000000, 0x000000008a000000|100%| O|  |TAMS 0x0000000089f00000| PB 0x0000000089f00000| Untracked |  0
|  72|0x000000008a000000, 0x000000008a100000, 0x000000008a100000|100%| O|  |TAMS 0x000000008a000000| PB 0x000000008a000000| Untracked |  0
|  73|0x000000008a100000, 0x000000008a200000, 0x000000008a200000|100%| O|  |TAMS 0x000000008a100000| PB 0x000000008a100000| Untracked |  0
|  74|0x000000008a200000, 0x000000008a300000, 0x000000008a300000|100%| O|  |TAMS 0x000000008a200000| PB 0x000000008a200000| Untracked |  0
|  75|0x000000008a300000, 0x000000008a400000, 0x000000008a400000|100%| O|  |TAMS 0x000000008a300000| PB 0x000000008a300000| Untracked |  0
|  76|0x000000008a400000, 0x000000008a500000, 0x000000008a500000|100%| O|  |TAMS 0x000000008a400000| PB 0x000000008a400000| Untracked |  0
|  77|0x000000008a500000, 0x000000008a600000, 0x000000008a600000|100%| O|  |TAMS 0x000000008a500000| PB 0x000000008a500000| Untracked |  0
|  78|0x000000008a600000, 0x000000008a700000, 0x000000008a700000|100%| O|  |TAMS 0x000000008a600000| PB 0x000000008a600000| Untracked |  0
|  79|0x000000008a700000, 0x000000008a800000, 0x000000008a800000|100%| O|  |TAMS 0x000000008a700000| PB 0x000000008a700000| Untracked |  0
|  80|0x000000008a800000, 0x000000008a900000, 0x000000008a900000|100%| O|  |TAMS 0x000000008a800000| PB 0x000000008a800000| Untracked |  0
|  81|0x000000008a900000, 0x000000008aa00000, 0x000000008aa00000|100%| O|  |TAMS 0x000000008a900000| PB 0x000000008a900000| Untracked |  0
|  82|0x000000008aa00000, 0x000000008ab00000, 0x000000008ab00000|100%| O|  |TAMS 0x000000008aa00000| PB 0x000000008aa00000| Untracked |  0
|  83|0x000000008ab00000, 0x000000008ac00000, 0x000000008ac00000|100%| O|  |TAMS 0x000000008ab00000| PB 0x000000008ab00000| Untracked |  0
|  84|0x000000008ac00000, 0x000000008ad00000, 0x000000008ad00000|100%| O|  |TAMS 0x000000008ac00000| PB 0x000000008ac00000| Untracked |  0
|  85|0x000000008ad00000, 0x000000008ae00000, 0x000000008ae00000|100%| O|  |TAMS 0x000000008ad00000| PB 0x000000008ad00000| Untracked |  0
|  86|0x000000008ae00000, 0x000000008af00000, 0x000000008af00000|100%| O|  |TAMS 0x000000008ae00000| PB 0x000000008ae00000| Untracked |  0
|  87|0x000000008af00000, 0x000000008b000000, 0x000000008b000000|100%| O|  |TAMS 0x000000008af00000| PB 0x000000008af00000| Untracked |  0
|  88|0x000000008b000000, 0x000000008b100000, 0x000000008b100000|100%| O|  |TAMS 0x000000008b000000| PB 0x000000008b000000| Untracked |  0
|  89|0x000000008b100000, 0x000000008b200000, 0x000000008b200000|100%| O|  |TAMS 0x000000008b100000| PB 0x000000008b100000| Untracked |  0
|  90|0x000000008b200000, 0x000000008b300000, 0x000000008b300000|100%| O|  |TAMS 0x000000008b200000| PB 0x000000008b200000| Untracked |  0
|  91|0x000000008b300000, 0x000000008b400000, 0x000000008b400000|100%| O|  |TAMS 0x000000008b300000| PB 0x000000008b300000| Untracked |  0
|  92|0x000000008b400000, 0x000000008b500000, 0x000000008b500000|100%| O|  |TAMS 0x000000008b400000| PB 0x000000008b400000| Untracked |  0
|  93|0x000000008b500000, 0x000000008b600000, 0x000000008b600000|100%| O|  |TAMS 0x000000008b500000| PB 0x000000008b500000| Untracked |  0
|  94|0x000000008b600000, 0x000000008b700000, 0x000000008b700000|100%| O|  |TAMS 0x000000008b600000| PB 0x000000008b600000| Untracked |  0
|  95|0x000000008b700000, 0x000000008b800000, 0x000000008b800000|100%| O|  |TAMS 0x000000008b700000| PB 0x000000008b700000| Untracked |  0
|  96|0x000000008b800000, 0x000000008b900000, 0x000000008b900000|100%| O|  |TAMS 0x000000008b800000| PB 0x000000008b800000| Untracked |  0
|  97|0x000000008b900000, 0x000000008ba00000, 0x000000008ba00000|100%| O|  |TAMS 0x000000008b900000| PB 0x000000008b900000| Untracked |  0
|  98|0x000000008ba00000, 0x000000008bb00000, 0x000000008bb00000|100%| O|  |TAMS 0x000000008ba00000| PB 0x000000008ba00000| Untracked |  0
|  99|0x000000008bb00000, 0x000000008bc00000, 0x000000008bc00000|100%| O|  |TAMS 0x000000008bb00000| PB 0x000000008bb00000| Untracked |  0
| 100|0x000000008bc00000, 0x000000008bd00000, 0x000000008bd00000|100%| O|  |TAMS 0x000000008bc00000| PB 0x000000008bc00000| Untracked |  0
| 101|0x000000008bd00000, 0x000000008be00000, 0x000000008be00000|100%| O|  |TAMS 0x000000008bd00000| PB 0x000000008bd00000| Untracked |  0
| 102|0x000000008be00000, 0x000000008bf00000, 0x000000008bf00000|100%| O|  |TAMS 0x000000008be00000| PB 0x000000008be00000| Untracked |  0
| 103|0x000000008bf00000, 0x000000008c000000, 0x000000008c000000|100%| O|  |TAMS 0x000000008bf00000| PB 0x000000008bf00000| Untracked |  0
| 104|0x000000008c000000, 0x000000008c100000, 0x000000008c100000|100%| O|  |TAMS 0x000000008c000000| PB 0x000000008c000000| Untracked |  0
| 105|0x000000008c100000, 0x000000008c200000, 0x000000008c200000|100%| O|  |TAMS 0x000000008c100000| PB 0x000000008c100000| Untracked |  0
| 106|0x000000008c200000, 0x000000008c300000, 0x000000008c300000|100%| O|  |TAMS 0x000000008c200000| PB 0x000000008c200000| Untracked |  0
| 107|0x000000008c300000, 0x000000008c400000, 0x000000008c400000|100%| O|  |TAMS 0x000000008c300000| PB 0x000000008c300000| Untracked |  0
| 108|0x000000008c400000, 0x000000008c500000, 0x000000008c500000|100%| O|  |TAMS 0x000000008c400000| PB 0x000000008c400000| Untracked |  0
| 109|0x000000008c500000, 0x000000008c600000, 0x000000008c600000|100%| O|  |TAMS 0x000000008c500000| PB 0x000000008c500000| Untracked |  0
| 110|0x000000008c600000, 0x000000008c700000, 0x000000008c700000|100%| O|  |TAMS 0x000000008c600000| PB 0x000000008c600000| Untracked |  0
| 111|0x000000008c700000, 0x000000008c800000, 0x000000008c800000|100%| O|  |TAMS 0x000000008c700000| PB 0x000000008c700000| Untracked |  0
| 112|0x000000008c800000, 0x000000008c900000, 0x000000008c900000|100%| O|  |TAMS 0x000000008c800000| PB 0x000000008c800000| Untracked |  0
| 113|0x000000008c900000, 0x000000008ca00000, 0x000000008ca00000|100%| O|  |TAMS 0x000000008c900000| PB 0x000000008c900000| Untracked |  0
| 114|0x000000008ca00000, 0x000000008cb00000, 0x000000008cb00000|100%| O|  |TAMS 0x000000008ca00000| PB 0x000000008ca00000| Untracked |  0
| 115|0x000000008cb00000, 0x000000008cc00000, 0x000000008cc00000|100%| O|  |TAMS 0x000000008cb00000| PB 0x000000008cb00000| Untracked |  0
| 116|0x000000008cc00000, 0x000000008cd00000, 0x000000008cd00000|100%| O|  |TAMS 0x000000008cc00000| PB 0x000000008cc00000| Untracked |  0
| 117|0x000000008cd00000, 0x000000008ce00000, 0x000000008ce00000|100%| O|  |TAMS 0x000000008cd00000| PB 0x000000008cd00000| Untracked |  0
| 118|0x000000008ce00000, 0x000000008cf00000, 0x000000008cf00000|100%| O|  |TAMS 0x000000008ce00000| PB 0x000000008ce00000| Untracked |  0
| 119|0x000000008cf00000, 0x000000008d000000, 0x000000008d000000|100%| O|  |TAMS 0x000000008cf00000| PB 0x000000008cf00000| Untracked |  0
| 120|0x000000008d000000, 0x000000008d100000, 0x000000008d100000|100%| O|  |TAMS 0x000000008d000000| PB 0x000000008d000000| Untracked |  0
| 121|0x000000008d100000, 0x000000008d200000, 0x000000008d200000|100%| O|  |TAMS 0x000000008d100000| PB 0x000000008d100000| Untracked |  0
| 122|0x000000008d200000, 0x000000008d300000, 0x000000008d300000|100%| O|  |TAMS 0x000000008d200000| PB 0x000000008d200000| Untracked |  0
| 123|0x000000008d300000, 0x000000008d400000, 0x000000008d400000|100%| O|  |TAMS 0x000000008d300000| PB 0x000000008d300000| Untracked |  0
| 124|0x000000008d400000, 0x000000008d500000, 0x000000008d500000|100%| O|  |TAMS 0x000000008d400000| PB 0x000000008d400000| Untracked |  0
| 125|0x000000008d500000, 0x000000008d600000, 0x000000008d600000|100%| O|  |TAMS 0x000000008d500000| PB 0x000000008d500000| Untracked |  0
| 126|0x000000008d600000, 0x000000008d700000, 0x000000008d700000|100%| O|  |TAMS 0x000000008d600000| PB 0x000000008d600000| Untracked |  0
| 127|0x000000008d700000, 0x000000008d800000, 0x000000008d800000|100%| O|  |TAMS 0x000000008d700000| PB 0x000000008d700000| Untracked |  0
| 128|0x000000008d800000, 0x000000008d900000, 0x000000008d900000|100%| O|  |TAMS 0x000000008d800000| PB 0x000000008d800000| Untracked |  0
| 129|0x000000008d900000, 0x000000008da00000, 0x000000008da00000|100%| O|  |TAMS 0x000000008d900000| PB 0x000000008d900000| Untracked |  0
| 130|0x000000008da00000, 0x000000008db00000, 0x000000008db00000|100%| O|  |TAMS 0x000000008da00000| PB 0x000000008da00000| Untracked |  0
| 131|0x000000008db00000, 0x000000008dc00000, 0x000000008dc00000|100%| O|  |TAMS 0x000000008db00000| PB 0x000000008db00000| Untracked |  0
| 132|0x000000008dc00000, 0x000000008dd00000, 0x000000008dd00000|100%| O|  |TAMS 0x000000008dc00000| PB 0x000000008dc00000| Untracked |  0
| 133|0x000000008dd00000, 0x000000008de00000, 0x000000008de00000|100%| O|  |TAMS 0x000000008dd00000| PB 0x000000008dd00000| Untracked |  0
| 134|0x000000008de00000, 0x000000008df00000, 0x000000008df00000|100%| O|  |TAMS 0x000000008de00000| PB 0x000000008de00000| Untracked |  0
| 135|0x000000008df00000, 0x000000008e000000, 0x000000008e000000|100%| O|  |TAMS 0x000000008df00000| PB 0x000000008df00000| Untracked |  0
| 136|0x000000008e000000, 0x000000008e100000, 0x000000008e100000|100%| O|  |TAMS 0x000000008e000000| PB 0x000000008e000000| Untracked |  0
| 137|0x000000008e100000, 0x000000008e200000, 0x000000008e200000|100%| O|  |TAMS 0x000000008e100000| PB 0x000000008e100000| Untracked |  0
| 138|0x000000008e200000, 0x000000008e300000, 0x000000008e300000|100%| O|  |TAMS 0x000000008e200000| PB 0x000000008e200000| Untracked |  0
| 139|0x000000008e300000, 0x000000008e400000, 0x000000008e400000|100%| O|  |TAMS 0x000000008e300000| PB 0x000000008e300000| Untracked |  0
| 140|0x000000008e400000, 0x000000008e500000, 0x000000008e500000|100%| O|  |TAMS 0x000000008e400000| PB 0x000000008e400000| Untracked |  0
| 141|0x000000008e500000, 0x000000008e600000, 0x000000008e600000|100%| O|  |TAMS 0x000000008e500000| PB 0x000000008e500000| Untracked |  0
| 142|0x000000008e600000, 0x000000008e700000, 0x000000008e700000|100%| O|  |TAMS 0x000000008e600000| PB 0x000000008e600000| Untracked |  0
| 143|0x000000008e700000, 0x000000008e800000, 0x000000008e800000|100%| O|  |TAMS 0x000000008e700000| PB 0x000000008e700000| Untracked |  0
| 144|0x000000008e800000, 0x000000008e900000, 0x000000008e900000|100%| O|  |TAMS 0x000000008e800000| PB 0x000000008e800000| Untracked |  0
| 145|0x000000008e900000, 0x000000008ea00000, 0x000000008ea00000|100%| O|  |TAMS 0x000000008e900000| PB 0x000000008e900000| Untracked |  0
| 146|0x000000008ea00000, 0x000000008eb00000, 0x000000008eb00000|100%| O|  |TAMS 0x000000008ea00000| PB 0x000000008ea00000| Untracked |  0
| 147|0x000000008eb00000, 0x000000008ec00000, 0x000000008ec00000|100%| O|  |TAMS 0x000000008eb00000| PB 0x000000008eb00000| Untracked |  0
| 148|0x000000008ec00000, 0x000000008ed00000, 0x000000008ed00000|100%| O|  |TAMS 0x000000008ec00000| PB 0x000000008ec00000| Untracked |  0
| 149|0x000000008ed00000, 0x000000008ee00000, 0x000000008ee00000|100%| O|  |TAMS 0x000000008ed00000| PB 0x000000008ed00000| Untracked |  0
| 150|0x000000008ee00000, 0x000000008ef00000, 0x000000008ef00000|100%| O|  |TAMS 0x000000008ee00000| PB 0x000000008ee00000| Untracked |  0
| 151|0x000000008ef00000, 0x000000008efc1a10, 0x000000008f000000| 75%| O|  |TAMS 0x000000008ef00000| PB 0x000000008ef00000| Untracked |  0
| 152|0x000000008f000000, 0x000000008f000000, 0x000000008f100000|  0%| F|  |TAMS 0x000000008f000000| PB 0x000000008f000000| Untracked |  0
| 153|0x000000008f100000, 0x000000008f100000, 0x000000008f200000|  0%| F|  |TAMS 0x000000008f100000| PB 0x000000008f100000| Untracked |  0
| 154|0x000000008f200000, 0x000000008f200000, 0x000000008f300000|  0%| F|  |TAMS 0x000000008f200000| PB 0x000000008f200000| Untracked |  0
| 155|0x000000008f300000, 0x000000008f300000, 0x000000008f400000|  0%| F|  |TAMS 0x000000008f300000| PB 0x000000008f300000| Untracked |  0
| 156|0x000000008f400000, 0x000000008f400000, 0x000000008f500000|  0%| F|  |TAMS 0x000000008f400000| PB 0x000000008f400000| Untracked |  0
| 157|0x000000008f500000, 0x000000008f500000, 0x000000008f600000|  0%| F|  |TAMS 0x000000008f500000| PB 0x000000008f500000| Untracked |  0
| 158|0x000000008f600000, 0x000000008f600000, 0x000000008f700000|  0%| F|  |TAMS 0x000000008f600000| PB 0x000000008f600000| Untracked |  0
| 159|0x000000008f700000, 0x000000008f700000, 0x000000008f800000|  0%| F|  |TAMS 0x000000008f700000| PB 0x000000008f700000| Untracked |  0
| 160|0x000000008f800000, 0x000000008f800000, 0x000000008f900000|  0%| F|  |TAMS 0x000000008f800000| PB 0x000000008f800000| Untracked |  0
| 161|0x000000008f900000, 0x000000008f900000, 0x000000008fa00000|  0%| F|  |TAMS 0x000000008f900000| PB 0x000000008f900000| Untracked |  0
| 162|0x000000008fa00000, 0x000000008fa00000, 0x000000008fb00000|  0%| F|  |TAMS 0x000000008fa00000| PB 0x000000008fa00000| Untracked |  0
| 163|0x000000008fb00000, 0x000000008fb00000, 0x000000008fc00000|  0%| F|  |TAMS 0x000000008fb00000| PB 0x000000008fb00000| Untracked |  0
| 164|0x000000008fc00000, 0x000000008fc00000, 0x000000008fd00000|  0%| F|  |TAMS 0x000000008fc00000| PB 0x000000008fc00000| Untracked |  0
| 165|0x000000008fd00000, 0x000000008fd00000, 0x000000008fe00000|  0%| F|  |TAMS 0x000000008fd00000| PB 0x000000008fd00000| Untracked |  0
| 166|0x000000008fe00000, 0x000000008fe00000, 0x000000008ff00000|  0%| F|  |TAMS 0x000000008fe00000| PB 0x000000008fe00000| Untracked |  0
| 167|0x000000008ff00000, 0x000000008ff00000, 0x0000000090000000|  0%| F|  |TAMS 0x000000008ff00000| PB 0x000000008ff00000| Untracked |  0
| 168|0x0000000090000000, 0x0000000090000000, 0x0000000090100000|  0%| F|  |TAMS 0x0000000090000000| PB 0x0000000090000000| Untracked |  0
| 169|0x0000000090100000, 0x0000000090100000, 0x0000000090200000|  0%| F|  |TAMS 0x0000000090100000| PB 0x0000000090100000| Untracked |  0
| 170|0x0000000090200000, 0x0000000090200000, 0x0000000090300000|  0%| F|  |TAMS 0x0000000090200000| PB 0x0000000090200000| Untracked |  0
| 171|0x0000000090300000, 0x0000000090300000, 0x0000000090400000|  0%| F|  |TAMS 0x0000000090300000| PB 0x0000000090300000| Untracked |  0
| 172|0x0000000090400000, 0x0000000090400000, 0x0000000090500000|  0%| F|  |TAMS 0x0000000090400000| PB 0x0000000090400000| Untracked |  0
| 173|0x0000000090500000, 0x0000000090500000, 0x0000000090600000|  0%| F|  |TAMS 0x0000000090500000| PB 0x0000000090500000| Untracked |  0
| 174|0x0000000090600000, 0x0000000090600000, 0x0000000090700000|  0%| F|  |TAMS 0x0000000090600000| PB 0x0000000090600000| Untracked |  0
| 175|0x0000000090700000, 0x0000000090700000, 0x0000000090800000|  0%| F|  |TAMS 0x0000000090700000| PB 0x0000000090700000| Untracked |  0
| 176|0x0000000090800000, 0x0000000090800000, 0x0000000090900000|  0%| F|  |TAMS 0x0000000090800000| PB 0x0000000090800000| Untracked |  0
| 177|0x0000000090900000, 0x0000000090900000, 0x0000000090a00000|  0%| F|  |TAMS 0x0000000090900000| PB 0x0000000090900000| Untracked |  0
| 178|0x0000000090a00000, 0x0000000090a00000, 0x0000000090b00000|  0%| F|  |TAMS 0x0000000090a00000| PB 0x0000000090a00000| Untracked |  0
| 179|0x0000000090b00000, 0x0000000090b00000, 0x0000000090c00000|  0%| F|  |TAMS 0x0000000090b00000| PB 0x0000000090b00000| Untracked |  0
| 180|0x0000000090c00000, 0x0000000090c00000, 0x0000000090d00000|  0%| F|  |TAMS 0x0000000090c00000| PB 0x0000000090c00000| Untracked |  0
| 181|0x0000000090d00000, 0x0000000090d00000, 0x0000000090e00000|  0%| F|  |TAMS 0x0000000090d00000| PB 0x0000000090d00000| Untracked |  0
| 182|0x0000000090e00000, 0x0000000090e00000, 0x0000000090f00000|  0%| F|  |TAMS 0x0000000090e00000| PB 0x0000000090e00000| Untracked |  0
| 183|0x0000000090f00000, 0x0000000090f00000, 0x0000000091000000|  0%| F|  |TAMS 0x0000000090f00000| PB 0x0000000090f00000| Untracked |  0
| 184|0x0000000091000000, 0x0000000091000000, 0x0000000091100000|  0%| F|  |TAMS 0x0000000091000000| PB 0x0000000091000000| Untracked |  0
| 185|0x0000000091100000, 0x0000000091100000, 0x0000000091200000|  0%| F|  |TAMS 0x0000000091100000| PB 0x0000000091100000| Untracked |  0
| 186|0x0000000091200000, 0x0000000091200000, 0x0000000091300000|  0%| F|  |TAMS 0x0000000091200000| PB 0x0000000091200000| Untracked |  0
| 187|0x0000000091300000, 0x0000000091300000, 0x0000000091400000|  0%| F|  |TAMS 0x0000000091300000| PB 0x0000000091300000| Untracked |  0
| 188|0x0000000091400000, 0x0000000091400000, 0x0000000091500000|  0%| F|  |TAMS 0x0000000091400000| PB 0x0000000091400000| Untracked |  0
| 189|0x0000000091500000, 0x0000000091500000, 0x0000000091600000|  0%| F|  |TAMS 0x0000000091500000| PB 0x0000000091500000| Untracked |  0
| 190|0x0000000091600000, 0x0000000091600000, 0x0000000091700000|  0%| F|  |TAMS 0x0000000091600000| PB 0x0000000091600000| Untracked |  0
| 191|0x0000000091700000, 0x0000000091700000, 0x0000000091800000|  0%| F|  |TAMS 0x0000000091700000| PB 0x0000000091700000| Untracked |  0
| 192|0x0000000091800000, 0x0000000091800000, 0x0000000091900000|  0%| F|  |TAMS 0x0000000091800000| PB 0x0000000091800000| Untracked |  0
| 193|0x0000000091900000, 0x0000000091900000, 0x0000000091a00000|  0%| F|  |TAMS 0x0000000091900000| PB 0x0000000091900000| Untracked |  0
| 194|0x0000000091a00000, 0x0000000091a00000, 0x0000000091b00000|  0%| F|  |TAMS 0x0000000091a00000| PB 0x0000000091a00000| Untracked |  0
| 195|0x0000000091b00000, 0x0000000091b00000, 0x0000000091c00000|  0%| F|  |TAMS 0x0000000091b00000| PB 0x0000000091b00000| Untracked |  0
| 196|0x0000000091c00000, 0x0000000091c00000, 0x0000000091d00000|  0%| F|  |TAMS 0x0000000091c00000| PB 0x0000000091c00000| Untracked |  0
| 197|0x0000000091d00000, 0x0000000091d00000, 0x0000000091e00000|  0%| F|  |TAMS 0x0000000091d00000| PB 0x0000000091d00000| Untracked |  0
| 198|0x0000000091e00000, 0x0000000091e00000, 0x0000000091f00000|  0%| F|  |TAMS 0x0000000091e00000| PB 0x0000000091e00000| Untracked |  0
| 199|0x0000000091f00000, 0x0000000091f00000, 0x0000000092000000|  0%| F|  |TAMS 0x0000000091f00000| PB 0x0000000091f00000| Untracked |  0
| 200|0x0000000092000000, 0x0000000092000000, 0x0000000092100000|  0%| F|  |TAMS 0x0000000092000000| PB 0x0000000092000000| Untracked |  0
| 201|0x0000000092100000, 0x0000000092200000, 0x0000000092200000|100%| S|CS|TAMS 0x0000000092100000| PB 0x0000000092100000| Complete |  0
| 202|0x0000000092200000, 0x0000000092300000, 0x0000000092300000|100%| S|CS|TAMS 0x0000000092200000| PB 0x0000000092200000| Complete |  0
| 203|0x0000000092300000, 0x0000000092400000, 0x0000000092400000|100%| S|CS|TAMS 0x0000000092300000| PB 0x0000000092300000| Complete |  0
| 204|0x0000000092400000, 0x0000000092500000, 0x0000000092500000|100%| S|CS|TAMS 0x0000000092400000| PB 0x0000000092400000| Complete |  0
| 205|0x0000000092500000, 0x0000000092600000, 0x0000000092600000|100%| S|CS|TAMS 0x0000000092500000| PB 0x0000000092500000| Complete |  0
| 206|0x0000000092600000, 0x0000000092700000, 0x0000000092700000|100%| S|CS|TAMS 0x0000000092600000| PB 0x0000000092600000| Complete |  0
| 207|0x0000000092700000, 0x0000000092800000, 0x0000000092800000|100%| S|CS|TAMS 0x0000000092700000| PB 0x0000000092700000| Complete |  0
| 208|0x0000000092800000, 0x0000000092900000, 0x0000000092900000|100%| S|CS|TAMS 0x0000000092800000| PB 0x0000000092800000| Complete |  0
| 209|0x0000000092900000, 0x0000000092a00000, 0x0000000092a00000|100%| S|CS|TAMS 0x0000000092900000| PB 0x0000000092900000| Complete |  0
| 210|0x0000000092a00000, 0x0000000092b00000, 0x0000000092b00000|100%| S|CS|TAMS 0x0000000092a00000| PB 0x0000000092a00000| Complete |  0
| 211|0x0000000092b00000, 0x0000000092c00000, 0x0000000092c00000|100%| S|CS|TAMS 0x0000000092b00000| PB 0x0000000092b00000| Complete |  0
| 212|0x0000000092c00000, 0x0000000092d00000, 0x0000000092d00000|100%| S|CS|TAMS 0x0000000092c00000| PB 0x0000000092c00000| Complete |  0
| 213|0x0000000092d00000, 0x0000000092e00000, 0x0000000092e00000|100%| S|CS|TAMS 0x0000000092d00000| PB 0x0000000092d00000| Complete |  0
| 214|0x0000000092e00000, 0x0000000092f00000, 0x0000000092f00000|100%| S|CS|TAMS 0x0000000092e00000| PB 0x0000000092e00000| Complete |  0
| 215|0x0000000092f00000, 0x0000000093000000, 0x0000000093000000|100%| S|CS|TAMS 0x0000000092f00000| PB 0x0000000092f00000| Complete |  0
| 216|0x0000000093000000, 0x0000000093000000, 0x0000000093100000|  0%| F|  |TAMS 0x0000000093000000| PB 0x0000000093000000| Untracked |  0
| 217|0x0000000093100000, 0x0000000093100000, 0x0000000093200000|  0%| F|  |TAMS 0x0000000093100000| PB 0x0000000093100000| Untracked |  0
| 218|0x0000000093200000, 0x0000000093200000, 0x0000000093300000|  0%| F|  |TAMS 0x0000000093200000| PB 0x0000000093200000| Untracked |  0
| 219|0x0000000093300000, 0x0000000093300000, 0x0000000093400000|  0%| F|  |TAMS 0x0000000093300000| PB 0x0000000093300000| Untracked |  0
| 220|0x0000000093400000, 0x0000000093400000, 0x0000000093500000|  0%| F|  |TAMS 0x0000000093400000| PB 0x0000000093400000| Untracked |  0
| 221|0x0000000093500000, 0x0000000093500000, 0x0000000093600000|  0%| F|  |TAMS 0x0000000093500000| PB 0x0000000093500000| Untracked |  0
| 222|0x0000000093600000, 0x0000000093600000, 0x0000000093700000|  0%| F|  |TAMS 0x0000000093600000| PB 0x0000000093600000| Untracked |  0
| 223|0x0000000093700000, 0x0000000093700000, 0x0000000093800000|  0%| F|  |TAMS 0x0000000093700000| PB 0x0000000093700000| Untracked |  0
| 224|0x0000000093800000, 0x0000000093800000, 0x0000000093900000|  0%| F|  |TAMS 0x0000000093800000| PB 0x0000000093800000| Untracked |  0
| 225|0x0000000093900000, 0x0000000093900000, 0x0000000093a00000|  0%| F|  |TAMS 0x0000000093900000| PB 0x0000000093900000| Untracked |  0
| 226|0x0000000093a00000, 0x0000000093a00000, 0x0000000093b00000|  0%| F|  |TAMS 0x0000000093a00000| PB 0x0000000093a00000| Untracked |  0
| 227|0x0000000093b00000, 0x0000000093b00000, 0x0000000093c00000|  0%| F|  |TAMS 0x0000000093b00000| PB 0x0000000093b00000| Untracked |  0
| 228|0x0000000093c00000, 0x0000000093c00000, 0x0000000093d00000|  0%| F|  |TAMS 0x0000000093c00000| PB 0x0000000093c00000| Untracked |  0
| 229|0x0000000093d00000, 0x0000000093d00000, 0x0000000093e00000|  0%| F|  |TAMS 0x0000000093d00000| PB 0x0000000093d00000| Untracked |  0
| 230|0x0000000093e00000, 0x0000000093e00000, 0x0000000093f00000|  0%| F|  |TAMS 0x0000000093e00000| PB 0x0000000093e00000| Untracked |  0
| 231|0x0000000093f00000, 0x0000000093f00000, 0x0000000094000000|  0%| F|  |TAMS 0x0000000093f00000| PB 0x0000000093f00000| Untracked |  0
| 232|0x0000000094000000, 0x0000000094000000, 0x0000000094100000|  0%| F|  |TAMS 0x0000000094000000| PB 0x0000000094000000| Untracked |  0
| 233|0x0000000094100000, 0x0000000094100000, 0x0000000094200000|  0%| F|  |TAMS 0x0000000094100000| PB 0x0000000094100000| Untracked |  0
| 234|0x0000000094200000, 0x0000000094200000, 0x0000000094300000|  0%| F|  |TAMS 0x0000000094200000| PB 0x0000000094200000| Untracked |  0
| 235|0x0000000094300000, 0x0000000094300000, 0x0000000094400000|  0%| F|  |TAMS 0x0000000094300000| PB 0x0000000094300000| Untracked |  0
| 236|0x0000000094400000, 0x0000000094400000, 0x0000000094500000|  0%| F|  |TAMS 0x0000000094400000| PB 0x0000000094400000| Untracked |  0
| 237|0x0000000094500000, 0x0000000094500000, 0x0000000094600000|  0%| F|  |TAMS 0x0000000094500000| PB 0x0000000094500000| Untracked |  0
| 238|0x0000000094600000, 0x0000000094600000, 0x0000000094700000|  0%| F|  |TAMS 0x0000000094600000| PB 0x0000000094600000| Untracked |  0
| 239|0x0000000094700000, 0x0000000094700000, 0x0000000094800000|  0%| F|  |TAMS 0x0000000094700000| PB 0x0000000094700000| Untracked |  0
| 240|0x0000000094800000, 0x0000000094800000, 0x0000000094900000|  0%| F|  |TAMS 0x0000000094800000| PB 0x0000000094800000| Untracked |  0
| 241|0x0000000094900000, 0x0000000094900000, 0x0000000094a00000|  0%| F|  |TAMS 0x0000000094900000| PB 0x0000000094900000| Untracked |  0
| 242|0x0000000094a00000, 0x0000000094a00000, 0x0000000094b00000|  0%| F|  |TAMS 0x0000000094a00000| PB 0x0000000094a00000| Untracked |  0
| 243|0x0000000094b00000, 0x0000000094b00000, 0x0000000094c00000|  0%| F|  |TAMS 0x0000000094b00000| PB 0x0000000094b00000| Untracked |  0
| 244|0x0000000094c00000, 0x0000000094c00000, 0x0000000094d00000|  0%| F|  |TAMS 0x0000000094c00000| PB 0x0000000094c00000| Untracked |  0
| 245|0x0000000094d00000, 0x0000000094d00000, 0x0000000094e00000|  0%| F|  |TAMS 0x0000000094d00000| PB 0x0000000094d00000| Untracked |  0
| 246|0x0000000094e00000, 0x0000000094e00000, 0x0000000094f00000|  0%| F|  |TAMS 0x0000000094e00000| PB 0x0000000094e00000| Untracked |  0
| 247|0x0000000094f00000, 0x0000000094f00000, 0x0000000095000000|  0%| F|  |TAMS 0x0000000094f00000| PB 0x0000000094f00000| Untracked |  0
| 248|0x0000000095000000, 0x0000000095000000, 0x0000000095100000|  0%| F|  |TAMS 0x0000000095000000| PB 0x0000000095000000| Untracked |  0
| 249|0x0000000095100000, 0x0000000095100000, 0x0000000095200000|  0%| F|  |TAMS 0x0000000095100000| PB 0x0000000095100000| Untracked |  0
| 250|0x0000000095200000, 0x0000000095200000, 0x0000000095300000|  0%| F|  |TAMS 0x0000000095200000| PB 0x0000000095200000| Untracked |  0
| 251|0x0000000095300000, 0x0000000095300000, 0x0000000095400000|  0%| F|  |TAMS 0x0000000095300000| PB 0x0000000095300000| Untracked |  0
| 252|0x0000000095400000, 0x0000000095400000, 0x0000000095500000|  0%| F|  |TAMS 0x0000000095400000| PB 0x0000000095400000| Untracked |  0
| 253|0x0000000095500000, 0x0000000095500000, 0x0000000095600000|  0%| F|  |TAMS 0x0000000095500000| PB 0x0000000095500000| Untracked |  0
| 254|0x0000000095600000, 0x0000000095600000, 0x0000000095700000|  0%| F|  |TAMS 0x0000000095600000| PB 0x0000000095600000| Untracked |  0
| 255|0x0000000095700000, 0x0000000095700000, 0x0000000095800000|  0%| F|  |TAMS 0x0000000095700000| PB 0x0000000095700000| Untracked |  0
| 256|0x0000000095800000, 0x0000000095800000, 0x0000000095900000|  0%| F|  |TAMS 0x0000000095800000| PB 0x0000000095800000| Untracked |  0
| 257|0x0000000095900000, 0x0000000095900000, 0x0000000095a00000|  0%| F|  |TAMS 0x0000000095900000| PB 0x0000000095900000| Untracked |  0
| 258|0x0000000095a00000, 0x0000000095a00000, 0x0000000095b00000|  0%| F|  |TAMS 0x0000000095a00000| PB 0x0000000095a00000| Untracked |  0
| 259|0x0000000095b00000, 0x0000000095b00000, 0x0000000095c00000|  0%| F|  |TAMS 0x0000000095b00000| PB 0x0000000095b00000| Untracked |  0
| 260|0x0000000095c00000, 0x0000000095c00000, 0x0000000095d00000|  0%| F|  |TAMS 0x0000000095c00000| PB 0x0000000095c00000| Untracked |  0
| 261|0x0000000095d00000, 0x0000000095d00000, 0x0000000095e00000|  0%| F|  |TAMS 0x0000000095d00000| PB 0x0000000095d00000| Untracked |  0
| 262|0x0000000095e00000, 0x0000000095e00000, 0x0000000095f00000|  0%| F|  |TAMS 0x0000000095e00000| PB 0x0000000095e00000| Untracked |  0
| 263|0x0000000095f00000, 0x0000000095f00000, 0x0000000096000000|  0%| F|  |TAMS 0x0000000095f00000| PB 0x0000000095f00000| Untracked |  0
| 264|0x0000000096000000, 0x0000000096000000, 0x0000000096100000|  0%| F|  |TAMS 0x0000000096000000| PB 0x0000000096000000| Untracked |  0
| 265|0x0000000096100000, 0x0000000096100000, 0x0000000096200000|  0%| F|  |TAMS 0x0000000096100000| PB 0x0000000096100000| Untracked |  0
| 266|0x0000000096200000, 0x0000000096200000, 0x0000000096300000|  0%| F|  |TAMS 0x0000000096200000| PB 0x0000000096200000| Untracked |  0
| 267|0x0000000096300000, 0x0000000096300000, 0x0000000096400000|  0%| F|  |TAMS 0x0000000096300000| PB 0x0000000096300000| Untracked |  0
| 268|0x0000000096400000, 0x0000000096400000, 0x0000000096500000|  0%| F|  |TAMS 0x0000000096400000| PB 0x0000000096400000| Untracked |  0
| 269|0x0000000096500000, 0x0000000096500000, 0x0000000096600000|  0%| F|  |TAMS 0x0000000096500000| PB 0x0000000096500000| Untracked |  0
| 270|0x0000000096600000, 0x0000000096600000, 0x0000000096700000|  0%| F|  |TAMS 0x0000000096600000| PB 0x0000000096600000| Untracked |  0
| 271|0x0000000096700000, 0x0000000096700000, 0x0000000096800000|  0%| F|  |TAMS 0x0000000096700000| PB 0x0000000096700000| Untracked |  0
| 272|0x0000000096800000, 0x0000000096800000, 0x0000000096900000|  0%| F|  |TAMS 0x0000000096800000| PB 0x0000000096800000| Untracked |  0
| 273|0x0000000096900000, 0x0000000096900000, 0x0000000096a00000|  0%| F|  |TAMS 0x0000000096900000| PB 0x0000000096900000| Untracked |  0
| 274|0x0000000096a00000, 0x0000000096a00000, 0x0000000096b00000|  0%| F|  |TAMS 0x0000000096a00000| PB 0x0000000096a00000| Untracked |  0
| 275|0x0000000096b00000, 0x0000000096b00000, 0x0000000096c00000|  0%| F|  |TAMS 0x0000000096b00000| PB 0x0000000096b00000| Untracked |  0
| 276|0x0000000096c00000, 0x0000000096c00000, 0x0000000096d00000|  0%| F|  |TAMS 0x0000000096c00000| PB 0x0000000096c00000| Untracked |  0
| 277|0x0000000096d00000, 0x0000000096d00000, 0x0000000096e00000|  0%| F|  |TAMS 0x0000000096d00000| PB 0x0000000096d00000| Untracked |  0
| 278|0x0000000096e00000, 0x0000000096e00000, 0x0000000096f00000|  0%| F|  |TAMS 0x0000000096e00000| PB 0x0000000096e00000| Untracked |  0
| 279|0x0000000096f00000, 0x0000000096f00000, 0x0000000097000000|  0%| F|  |TAMS 0x0000000096f00000| PB 0x0000000096f00000| Untracked |  0
| 280|0x0000000097000000, 0x0000000097000000, 0x0000000097100000|  0%| F|  |TAMS 0x0000000097000000| PB 0x0000000097000000| Untracked |  0
| 281|0x0000000097100000, 0x0000000097100000, 0x0000000097200000|  0%| F|  |TAMS 0x0000000097100000| PB 0x0000000097100000| Untracked |  0
| 282|0x0000000097200000, 0x0000000097200000, 0x0000000097300000|  0%| F|  |TAMS 0x0000000097200000| PB 0x0000000097200000| Untracked |  0
| 283|0x0000000097300000, 0x0000000097300000, 0x0000000097400000|  0%| F|  |TAMS 0x0000000097300000| PB 0x0000000097300000| Untracked |  0
| 284|0x0000000097400000, 0x0000000097400000, 0x0000000097500000|  0%| F|  |TAMS 0x0000000097400000| PB 0x0000000097400000| Untracked |  0
| 285|0x0000000097500000, 0x0000000097500000, 0x0000000097600000|  0%| F|  |TAMS 0x0000000097500000| PB 0x0000000097500000| Untracked |  0
| 286|0x0000000097600000, 0x0000000097600000, 0x0000000097700000|  0%| F|  |TAMS 0x0000000097600000| PB 0x0000000097600000| Untracked |  0
| 287|0x0000000097700000, 0x0000000097700000, 0x0000000097800000|  0%| F|  |TAMS 0x0000000097700000| PB 0x0000000097700000| Untracked |  0
| 288|0x0000000097800000, 0x0000000097800000, 0x0000000097900000|  0%| F|  |TAMS 0x0000000097800000| PB 0x0000000097800000| Untracked |  0
| 289|0x0000000097900000, 0x0000000097900000, 0x0000000097a00000|  0%| F|  |TAMS 0x0000000097900000| PB 0x0000000097900000| Untracked |  0
| 290|0x0000000097a00000, 0x0000000097a00000, 0x0000000097b00000|  0%| F|  |TAMS 0x0000000097a00000| PB 0x0000000097a00000| Untracked |  0
| 291|0x0000000097b00000, 0x0000000097c00000, 0x0000000097c00000|100%| E|  |TAMS 0x0000000097b00000| PB 0x0000000097b00000| Complete |  0
| 292|0x0000000097c00000, 0x0000000097d00000, 0x0000000097d00000|100%| E|CS|TAMS 0x0000000097c00000| PB 0x0000000097c00000| Complete |  0
| 293|0x0000000097d00000, 0x0000000097e00000, 0x0000000097e00000|100%| E|CS|TAMS 0x0000000097d00000| PB 0x0000000097d00000| Complete |  0
| 294|0x0000000097e00000, 0x0000000097f00000, 0x0000000097f00000|100%| E|CS|TAMS 0x0000000097e00000| PB 0x0000000097e00000| Complete |  0
| 295|0x0000000097f00000, 0x0000000098000000, 0x0000000098000000|100%| E|CS|TAMS 0x0000000097f00000| PB 0x0000000097f00000| Complete |  0
| 296|0x0000000098000000, 0x0000000098100000, 0x0000000098100000|100%| E|CS|TAMS 0x0000000098000000| PB 0x0000000098000000| Complete |  0
| 297|0x0000000098100000, 0x0000000098200000, 0x0000000098200000|100%| E|CS|TAMS 0x0000000098100000| PB 0x0000000098100000| Complete |  0
| 298|0x0000000098200000, 0x0000000098300000, 0x0000000098300000|100%| E|CS|TAMS 0x0000000098200000| PB 0x0000000098200000| Complete |  0
| 299|0x0000000098300000, 0x0000000098400000, 0x0000000098400000|100%| E|CS|TAMS 0x0000000098300000| PB 0x0000000098300000| Complete |  0
| 300|0x0000000098400000, 0x0000000098500000, 0x0000000098500000|100%| E|CS|TAMS 0x0000000098400000| PB 0x0000000098400000| Complete |  0
| 301|0x0000000098500000, 0x0000000098600000, 0x0000000098600000|100%| E|CS|TAMS 0x0000000098500000| PB 0x0000000098500000| Complete |  0
| 302|0x0000000098600000, 0x0000000098700000, 0x0000000098700000|100%| E|CS|TAMS 0x0000000098600000| PB 0x0000000098600000| Complete |  0
| 303|0x0000000098700000, 0x0000000098800000, 0x0000000098800000|100%| E|CS|TAMS 0x0000000098700000| PB 0x0000000098700000| Complete |  0
| 304|0x0000000098800000, 0x0000000098900000, 0x0000000098900000|100%| E|CS|TAMS 0x0000000098800000| PB 0x0000000098800000| Complete |  0
| 305|0x0000000098900000, 0x0000000098a00000, 0x0000000098a00000|100%| E|CS|TAMS 0x0000000098900000| PB 0x0000000098900000| Complete |  0
| 306|0x0000000098a00000, 0x0000000098b00000, 0x0000000098b00000|100%| E|CS|TAMS 0x0000000098a00000| PB 0x0000000098a00000| Complete |  0
| 307|0x0000000098b00000, 0x0000000098c00000, 0x0000000098c00000|100%| E|CS|TAMS 0x0000000098b00000| PB 0x0000000098b00000| Complete |  0
| 308|0x0000000098c00000, 0x0000000098d00000, 0x0000000098d00000|100%| E|CS|TAMS 0x0000000098c00000| PB 0x0000000098c00000| Complete |  0
| 309|0x0000000098d00000, 0x0000000098e00000, 0x0000000098e00000|100%| E|CS|TAMS 0x0000000098d00000| PB 0x0000000098d00000| Complete |  0
| 310|0x0000000098e00000, 0x0000000098f00000, 0x0000000098f00000|100%| E|CS|TAMS 0x0000000098e00000| PB 0x0000000098e00000| Complete |  0
| 311|0x0000000098f00000, 0x0000000099000000, 0x0000000099000000|100%| E|CS|TAMS 0x0000000098f00000| PB 0x0000000098f00000| Complete |  0
| 312|0x0000000099000000, 0x0000000099100000, 0x0000000099100000|100%| E|CS|TAMS 0x0000000099000000| PB 0x0000000099000000| Complete |  0
| 313|0x0000000099100000, 0x0000000099200000, 0x0000000099200000|100%| E|CS|TAMS 0x0000000099100000| PB 0x0000000099100000| Complete |  0
| 314|0x0000000099200000, 0x0000000099300000, 0x0000000099300000|100%| E|CS|TAMS 0x0000000099200000| PB 0x0000000099200000| Complete |  0
| 315|0x0000000099300000, 0x0000000099400000, 0x0000000099400000|100%| E|CS|TAMS 0x0000000099300000| PB 0x0000000099300000| Complete |  0
|1951|0x00000000ff700000, 0x00000000ff800000, 0x00000000ff800000|100%| O|  |TAMS 0x00000000ff700000| PB 0x00000000ff700000| Untracked |  0
|1952|0x00000000ff800000, 0x00000000ff900000, 0x00000000ff900000|100%| O|  |TAMS 0x00000000ff800000| PB 0x00000000ff800000| Untracked |  0
|1953|0x00000000ff900000, 0x00000000ffa00000, 0x00000000ffa00000|100%| O|  |TAMS 0x00000000ff900000| PB 0x00000000ff900000| Untracked |  0
|1954|0x00000000ffa00000, 0x00000000ffb00000, 0x00000000ffb00000|100%| O|  |TAMS 0x00000000ffa00000| PB 0x00000000ffa00000| Untracked |  0
|1955|0x00000000ffb00000, 0x00000000ffc00000, 0x00000000ffc00000|100%| O|  |TAMS 0x00000000ffb00000| PB 0x00000000ffb00000| Untracked |  0
|1956|0x00000000ffc00000, 0x00000000ffd00000, 0x00000000ffd00000|100%| O|  |TAMS 0x00000000ffc00000| PB 0x00000000ffc00000| Untracked |  0
|1957|0x00000000ffd00000, 0x00000000ffe00000, 0x00000000ffe00000|100%| O|  |TAMS 0x00000000ffd00000| PB 0x00000000ffd00000| Untracked |  0
|1958|0x00000000ffe00000, 0x00000000fff00000, 0x00000000fff00000|100%| O|  |TAMS 0x00000000ffe00000| PB 0x00000000ffe00000| Untracked |  0
|1959|0x00000000fff00000, 0x0000000100000000, 0x0000000100000000|100%| O|  |TAMS 0x00000000fff00000| PB 0x00000000fff00000| Untracked |  0

Card table byte_map: [0x00000175a82c0000,0x00000175a86a0000] _byte_map_base: 0x00000175a7e94000

Marking Bits: (CMBitMap*) 0x00000175906847b0
 Bits: [0x00000175a86a0000, 0x00000175aa540000)

Polling page: 0x000001758e7b0000

Metaspace:

Usage:
  Non-class:     47.30 MB used.
      Class:      6.29 MB used.
       Both:     53.60 MB used.

Virtual space:
  Non-class space:       64.00 MB reserved,      47.50 MB ( 74%) committed,  1 nodes.
      Class space:        1.00 GB reserved,       6.44 MB ( <1%) committed,  1 nodes.
             Both:        1.06 GB reserved,      53.94 MB (  5%) committed. 

Chunk freelists:
   Non-Class:  15.52 MB
       Class:  9.58 MB
        Both:  25.09 MB

MaxMetaspaceSize: unlimited
CompressedClassSpaceSize: 1.00 GB
Initial GC threshold: 21.00 MB
Current GC threshold: 68.06 MB
CDS: on
 - commit_granule_bytes: 65536.
 - commit_granule_words: 8192.
 - virtual_space_node_default_size: 8388608.
 - enlarge_chunks_in_place: 1.
 - use_allocation_guard: 0.


Internal statistics:

num_allocs_failed_limit: 6.
num_arena_births: 348.
num_arena_deaths: 0.
num_vsnodes_births: 2.
num_vsnodes_deaths: 0.
num_space_committed: 862.
num_space_uncommitted: 0.
num_chunks_returned_to_freelist: 6.
num_chunks_taken_from_freelist: 2267.
num_chunk_merges: 6.
num_chunk_splits: 1845.
num_chunks_enlarged: 1651.
num_inconsistent_stats: 0.

CodeHeap 'non-profiled nmethods': size=120000Kb used=6298Kb max_used=6298Kb free=113701Kb
 bounds [0x00000175a0450000, 0x00000175a0a80000, 0x00000175a7980000]
CodeHeap 'profiled nmethods': size=120000Kb used=26958Kb max_used=26958Kb free=93041Kb
 bounds [0x0000017598980000, 0x000001759a3e0000, 0x000001759feb0000]
CodeHeap 'non-nmethods': size=5760Kb used=1680Kb max_used=1720Kb free=4080Kb
 bounds [0x000001759feb0000, 0x00000175a0120000, 0x00000175a0450000]
 total_blobs=9007 nmethods=8307 adapters=601
 compilation: enabled
              stopped_count=0, restarted_count=0
 full_count=0

Compilation events (20 events):
Event: 14.976 Thread 0x00000175ad1d7fe0 9094       3       org.jetbrains.kotlin.name.StandardClassIds::getUnsignedTypes (4 bytes)
Event: 14.977 Thread 0x00000175ad1d7fe0 nmethod 9094 0x000001759a379410 code [0x000001759a3795a0, 0x000001759a3796b8]
Event: 14.977 Thread 0x00000175ad1d40b0 9095       4       java.util.AbstractList$SubList::size (9 bytes)
Event: 14.978 Thread 0x00000175ad1d40b0 nmethod 9095 0x00000175a0a68210 code [0x00000175a0a683a0, 0x00000175a0a68468]
Event: 14.979 Thread 0x00000175ad1d7fe0 9096       1       org.jetbrains.kotlin.fir.expressions.impl.FirEqualityOperatorCallImpl::getArgumentList (5 bytes)
Event: 14.980 Thread 0x00000175ad1d7fe0 nmethod 9096 0x00000175a0a68510 code [0x00000175a0a686a0, 0x00000175a0a68768]
Event: 14.980 Thread 0x00000175ad1d7fe0 9097       3       org.jetbrains.kotlin.fir.resolve.dfa.RealVariable::equals (11 bytes)
Event: 14.980 Thread 0x00000175ad1d7fe0 nmethod 9097 0x000001759a379790 code [0x000001759a379920, 0x000001759a379a80]
Event: 14.980 Thread 0x00000175ad1d7fe0 9098       1       org.jetbrains.kotlin.fir.expressions.impl.FirSingleExpressionBlock::getConeTypeOrNull (5 bytes)
Event: 14.980 Thread 0x00000175ad1d7fe0 nmethod 9098 0x00000175a0a68810 code [0x00000175a0a689a0, 0x00000175a0a68a68]
Event: 14.982 Thread 0x00000175ad1d40b0 9099       4       org.jetbrains.kotlin.fir.MutableOrEmptyList::toArray (8 bytes)
Event: 14.983 Thread 0x00000175ad1d7fe0 9101       3       org.jetbrains.kotlin.fir.expressions.FirFunctionCall::accept (13 bytes)
Event: 14.984 Thread 0x00000175ad1d7fe0 nmethod 9101 0x000001759a379b10 code [0x000001759a379d40, 0x000001759a37a3c8]
Event: 14.984 Thread 0x00000175ad1d7fe0 9102       3       org.jetbrains.kotlin.fir.resolve.dfa.FirLocalVariableAssignmentAnalyzer$Companion$MiniCfgBuilder::visitFunctionCall (13 bytes)
Event: 14.984 Thread 0x00000175ad1d7fe0 nmethod 9102 0x000001759a37a690 code [0x000001759a37a840, 0x000001759a37aa58]
Event: 14.984 Thread 0x00000175ad1d7fe0 9103       3       org.jetbrains.kotlin.fir.symbols.impl.FirClassSymbol::getClassKind (11 bytes)
Event: 14.984 Thread 0x00000175ad1d7fe0 nmethod 9103 0x000001759a37ab10 code [0x000001759a37acc0, 0x000001759a37afa0]
Event: 14.990 Thread 0x00000175ad1d40b0 nmethod 9099 0x00000175a0a68b10 code [0x00000175a0a68d20, 0x00000175a0a695b0]
Event: 14.990 Thread 0x00000175ad1d40b0 9100       4       org.jetbrains.kotlin.fir.resolve.transformers.body.resolve.FirAbstractBodyResolveTransformer::getSession (8 bytes)
Event: 14.990 Thread 0x00000175ad1d40b0 nmethod 9100 0x00000175a0a69b10 code [0x00000175a0a69ca0, 0x00000175a0a69d68]

GC Heap History (20 events):
Event: 6.815 GC heap before
{Heap before GC invocations=10 (full 0):
 garbage-first heap   total reserved 2007040K, committed 114688K, used 95232K [0x0000000085800000, 0x0000000100000000)
  region size 1024K, 36 young (36864K), 6 survivors (6144K)
 Metaspace       used 41498K, committed 41792K, reserved 1114112K
  class space    used 4928K, committed 5056K, reserved 1048576K
}
Event: 6.830 GC heap after
{Heap after GC invocations=11 (full 0):
 garbage-first heap   total reserved 2007040K, committed 114688K, used 74240K [0x0000000085800000, 0x0000000100000000)
  region size 1024K, 5 young (5120K), 5 survivors (5120K)
 Metaspace       used 41498K, committed 41792K, reserved 1114112K
  class space    used 4928K, committed 5056K, reserved 1048576K
}
Event: 7.017 GC heap before
{Heap before GC invocations=12 (full 0):
 garbage-first heap   total reserved 2007040K, committed 124928K, used 97792K [0x0000000085800000, 0x0000000100000000)
  region size 1024K, 28 young (28672K), 5 survivors (5120K)
 Metaspace       used 41572K, committed 41856K, reserved 1114112K
  class space    used 4931K, committed 5056K, reserved 1048576K
}
Event: 7.027 GC heap after
{Heap after GC invocations=13 (full 0):
 garbage-first heap   total reserved 2007040K, committed 124928K, used 79360K [0x0000000085800000, 0x0000000100000000)
  region size 1024K, 4 young (4096K), 4 survivors (4096K)
 Metaspace       used 41572K, committed 41856K, reserved 1114112K
  class space    used 4931K, committed 5056K, reserved 1048576K
}
Event: 7.081 GC heap before
{Heap before GC invocations=13 (full 0):
 garbage-first heap   total reserved 2007040K, committed 124928K, used 105984K [0x0000000085800000, 0x0000000100000000)
  region size 1024K, 31 young (31744K), 4 survivors (4096K)
 Metaspace       used 41573K, committed 41856K, reserved 1114112K
  class space    used 4931K, committed 5056K, reserved 1048576K
}
Event: 7.088 GC heap after
{Heap after GC invocations=14 (full 0):
 garbage-first heap   total reserved 2007040K, committed 180224K, used 84480K [0x0000000085800000, 0x0000000100000000)
  region size 1024K, 4 young (4096K), 4 survivors (4096K)
 Metaspace       used 41573K, committed 41856K, reserved 1114112K
  class space    used 4931K, committed 5056K, reserved 1048576K
}
Event: 7.296 GC heap before
{Heap before GC invocations=14 (full 0):
 garbage-first heap   total reserved 2007040K, committed 180224K, used 144896K [0x0000000085800000, 0x0000000100000000)
  region size 1024K, 63 young (64512K), 4 survivors (4096K)
 Metaspace       used 41573K, committed 41856K, reserved 1114112K
  class space    used 4931K, committed 5056K, reserved 1048576K
}
Event: 7.305 GC heap after
{Heap after GC invocations=15 (full 0):
 garbage-first heap   total reserved 2007040K, committed 180224K, used 97076K [0x0000000085800000, 0x0000000100000000)
  region size 1024K, 8 young (8192K), 8 survivors (8192K)
 Metaspace       used 41573K, committed 41856K, reserved 1114112K
  class space    used 4931K, committed 5056K, reserved 1048576K
}
Event: 7.483 GC heap before
{Heap before GC invocations=15 (full 0):
 garbage-first heap   total reserved 2007040K, committed 180224K, used 150324K [0x0000000085800000, 0x0000000100000000)
  region size 1024K, 60 young (61440K), 8 survivors (8192K)
 Metaspace       used 41594K, committed 41856K, reserved 1114112K
  class space    used 4932K, committed 5056K, reserved 1048576K
}
Event: 7.496 GC heap after
{Heap after GC invocations=16 (full 0):
 garbage-first heap   total reserved 2007040K, committed 180224K, used 108544K [0x0000000085800000, 0x0000000100000000)
  region size 1024K, 8 young (8192K), 8 survivors (8192K)
 Metaspace       used 41594K, committed 41856K, reserved 1114112K
  class space    used 4932K, committed 5056K, reserved 1048576K
}
Event: 7.585 GC heap before
{Heap before GC invocations=16 (full 0):
 garbage-first heap   total reserved 2007040K, committed 180224K, used 154624K [0x0000000085800000, 0x0000000100000000)
  region size 1024K, 53 young (54272K), 8 survivors (8192K)
 Metaspace       used 41594K, committed 41856K, reserved 1114112K
  class space    used 4932K, committed 5056K, reserved 1048576K
}
Event: 7.596 GC heap after
{Heap after GC invocations=17 (full 0):
 garbage-first heap   total reserved 2007040K, committed 180224K, used 119281K [0x0000000085800000, 0x0000000100000000)
  region size 1024K, 7 young (7168K), 7 survivors (7168K)
 Metaspace       used 41594K, committed 41856K, reserved 1114112K
  class space    used 4932K, committed 5056K, reserved 1048576K
}
Event: 7.889 GC heap before
{Heap before GC invocations=18 (full 0):
 garbage-first heap   total reserved 2007040K, committed 199680K, used 158193K [0x0000000085800000, 0x0000000100000000)
  region size 1024K, 45 young (46080K), 7 survivors (7168K)
 Metaspace       used 41594K, committed 41856K, reserved 1114112K
  class space    used 4932K, committed 5056K, reserved 1048576K
}
Event: 7.897 GC heap after
{Heap after GC invocations=19 (full 0):
 garbage-first heap   total reserved 2007040K, committed 199680K, used 128000K [0x0000000085800000, 0x0000000100000000)
  region size 1024K, 6 young (6144K), 6 survivors (6144K)
 Metaspace       used 41594K, committed 41856K, reserved 1114112K
  class space    used 4932K, committed 5056K, reserved 1048576K
}
Event: 8.117 GC heap before
{Heap before GC invocations=19 (full 0):
 garbage-first heap   total reserved 2007040K, committed 199680K, used 175104K [0x0000000085800000, 0x0000000100000000)
  region size 1024K, 52 young (53248K), 6 survivors (6144K)
 Metaspace       used 41627K, committed 41856K, reserved 1114112K
  class space    used 4933K, committed 5056K, reserved 1048576K
}
Event: 8.126 GC heap after
{Heap after GC invocations=20 (full 0):
 garbage-first heap   total reserved 2007040K, committed 332800K, used 137093K [0x0000000085800000, 0x0000000100000000)
  region size 1024K, 7 young (7168K), 7 survivors (7168K)
 Metaspace       used 41627K, committed 41856K, reserved 1114112K
  class space    used 4933K, committed 5056K, reserved 1048576K
}
Event: 9.221 GC heap before
{Heap before GC invocations=20 (full 0):
 garbage-first heap   total reserved 2007040K, committed 332800K, used 265093K [0x0000000085800000, 0x0000000100000000)
  region size 1024K, 132 young (135168K), 7 survivors (7168K)
 Metaspace       used 42885K, committed 43200K, reserved 1114112K
  class space    used 5096K, committed 5248K, reserved 1048576K
}
Event: 9.238 GC heap after
{Heap after GC invocations=21 (full 0):
 garbage-first heap   total reserved 2007040K, committed 332800K, used 163840K [0x0000000085800000, 0x0000000100000000)
  region size 1024K, 17 young (17408K), 17 survivors (17408K)
 Metaspace       used 42885K, committed 43200K, reserved 1114112K
  class space    used 5096K, committed 5248K, reserved 1048576K
}
Event: 14.411 GC heap before
{Heap before GC invocations=21 (full 0):
 garbage-first heap   total reserved 2007040K, committed 332800K, used 266240K [0x0000000085800000, 0x0000000100000000)
  region size 1024K, 117 young (119808K), 17 survivors (17408K)
 Metaspace       used 54414K, committed 54784K, reserved 1114112K
  class space    used 6419K, committed 6592K, reserved 1048576K
}
Event: 14.440 GC heap after
{Heap after GC invocations=22 (full 0):
 garbage-first heap   total reserved 2007040K, committed 332800K, used 179974K [0x0000000085800000, 0x0000000100000000)
  region size 1024K, 15 young (15360K), 15 survivors (15360K)
 Metaspace       used 54414K, committed 54784K, reserved 1114112K
  class space    used 6419K, committed 6592K, reserved 1048576K
}

Dll operation events (7 events):
Event: 0.010 Loaded shared library C:\Program Files\Java\jdk-22\bin\java.dll
Event: 0.046 Loaded shared library C:\Program Files\Java\jdk-22\bin\jsvml.dll
Event: 0.073 Loaded shared library C:\Program Files\Java\jdk-22\bin\net.dll
Event: 0.076 Loaded shared library C:\Program Files\Java\jdk-22\bin\nio.dll
Event: 0.104 Loaded shared library C:\Program Files\Java\jdk-22\bin\zip.dll
Event: 0.132 Loaded shared library C:\Program Files\Java\jdk-22\bin\jimage.dll
Event: 1.414 Loaded shared library C:\Program Files\Java\jdk-22\bin\verify.dll

Deoptimization events (20 events):
Event: 14.844 Thread 0x0000017590629360 Uncommon trap: trap_request=0xffffff45 fr.pc=0x00000175a09f59a4 relative=0x0000000000000364
Event: 14.844 Thread 0x0000017590629360 Uncommon trap: reason=unstable_if action=reinterpret pc=0x00000175a09f59a4 method=org.jetbrains.kotlin.fir.types.ConeInferenceContext.containsInternal(Lorg/jetbrains/kotlin/types/model/KotlinTypeMarker;Lkotlin/jvm/functions/Function1;)Z @ 211 c2
Event: 14.844 Thread 0x0000017590629360 DEOPT PACKING pc=0x00000175a09f59a4 sp=0x0000001f4d3f1a90
Event: 14.844 Thread 0x0000017590629360 DEOPT UNPACKING pc=0x000001759ff046a2 sp=0x0000001f4d3f1a00 mode 2
Event: 14.886 Thread 0x0000017590629360 Uncommon trap: trap_request=0xffffffde fr.pc=0x00000175a0a16d50 relative=0x0000000000000b70
Event: 14.886 Thread 0x0000017590629360 Uncommon trap: reason=class_check action=maybe_recompile pc=0x00000175a0a16d50 method=org.jetbrains.kotlin.fir.resolve.TypeExpansionUtilsKt.fullyExpandedType(Lorg/jetbrains/kotlin/fir/types/ConeKotlinType;Lorg/jetbrains/kotlin/fir/FirSession;Lkotlin/jvm/f
Event: 14.886 Thread 0x0000017590629360 DEOPT PACKING pc=0x00000175a0a16d50 sp=0x0000001f4d3f7960
Event: 14.886 Thread 0x0000017590629360 DEOPT UNPACKING pc=0x000001759ff046a2 sp=0x0000001f4d3f7910 mode 2
Event: 14.886 Thread 0x0000017590629360 Uncommon trap: trap_request=0xffffffde fr.pc=0x00000175a0a16d50 relative=0x0000000000000b70
Event: 14.886 Thread 0x0000017590629360 Uncommon trap: reason=class_check action=maybe_recompile pc=0x00000175a0a16d50 method=org.jetbrains.kotlin.fir.resolve.TypeExpansionUtilsKt.fullyExpandedType(Lorg/jetbrains/kotlin/fir/types/ConeKotlinType;Lorg/jetbrains/kotlin/fir/FirSession;Lkotlin/jvm/f
Event: 14.886 Thread 0x0000017590629360 DEOPT PACKING pc=0x00000175a0a16d50 sp=0x0000001f4d3f7780
Event: 14.886 Thread 0x0000017590629360 DEOPT UNPACKING pc=0x000001759ff046a2 sp=0x0000001f4d3f7730 mode 2
Event: 14.889 Thread 0x0000017590629360 Uncommon trap: trap_request=0xffffffde fr.pc=0x00000175a0a16d50 relative=0x0000000000000b70
Event: 14.889 Thread 0x0000017590629360 Uncommon trap: reason=class_check action=maybe_recompile pc=0x00000175a0a16d50 method=org.jetbrains.kotlin.fir.resolve.TypeExpansionUtilsKt.fullyExpandedType(Lorg/jetbrains/kotlin/fir/types/ConeKotlinType;Lorg/jetbrains/kotlin/fir/FirSession;Lkotlin/jvm/f
Event: 14.889 Thread 0x0000017590629360 DEOPT PACKING pc=0x00000175a0a16d50 sp=0x0000001f4d3f7f70
Event: 14.889 Thread 0x0000017590629360 DEOPT UNPACKING pc=0x000001759ff046a2 sp=0x0000001f4d3f7f20 mode 2
Event: 14.889 Thread 0x0000017590629360 Uncommon trap: trap_request=0xffffffde fr.pc=0x00000175a0a16d50 relative=0x0000000000000b70
Event: 14.889 Thread 0x0000017590629360 Uncommon trap: reason=class_check action=maybe_recompile pc=0x00000175a0a16d50 method=org.jetbrains.kotlin.fir.resolve.TypeExpansionUtilsKt.fullyExpandedType(Lorg/jetbrains/kotlin/fir/types/ConeKotlinType;Lorg/jetbrains/kotlin/fir/FirSession;Lkotlin/jvm/f
Event: 14.889 Thread 0x0000017590629360 DEOPT PACKING pc=0x00000175a0a16d50 sp=0x0000001f4d3f7d90
Event: 14.889 Thread 0x0000017590629360 DEOPT UNPACKING pc=0x000001759ff046a2 sp=0x0000001f4d3f7d40 mode 2

Classes loaded (20 events):
Event: 9.389 Loading class java/beans/PropertyChangeSupport$PropertyChangeListenerMap
Event: 9.390 Loading class java/beans/ChangeListenerMap
Event: 9.390 Loading class java/beans/ChangeListenerMap done
Event: 9.390 Loading class java/beans/PropertyChangeSupport$PropertyChangeListenerMap done
Event: 9.390 Loading class java/beans/PropertyChangeListener
Event: 9.390 Loading class java/beans/PropertyChangeListener done
Event: 9.681 Loading class java/util/ComparableTimSort
Event: 9.681 Loading class java/util/ComparableTimSort done
Event: 9.841 Loading class java/util/stream/LongStream
Event: 9.841 Loading class java/util/stream/LongStream done
Event: 9.841 Loading class java/util/stream/DoubleStream
Event: 9.842 Loading class java/util/stream/DoubleStream done
Event: 9.875 Loading class java/util/AbstractList$SubList
Event: 9.875 Loading class java/util/AbstractList$SubList done
Event: 9.876 Loading class java/util/AbstractList$SubList$1
Event: 9.876 Loading class java/util/AbstractList$SubList$1 done
Event: 10.433 Loading class java/util/AbstractList$RandomAccessSubList
Event: 10.434 Loading class java/util/AbstractList$RandomAccessSubList done
Event: 11.930 Loading class java/lang/Byte$ByteCache
Event: 11.930 Loading class java/lang/Byte$ByteCache done

Classes unloaded (0 events):
No events

Classes redefined (0 events):
No events

Internal exceptions (20 events):
Event: 9.243 Thread 0x0000017590629360 Exception <a 'java/lang/NoSuchMethodError'{0x0000000099316018}: 'java.lang.Object java.lang.invoke.DirectMethodHandle$Holder.newInvokeSpecial(java.lang.Object, java.lang.Object, java.lang.Object, java.lang.Object, int, java.lang.Object, java.lang.Object)'> (0x0000000099316018) 
thrown [s\open\src\hotspot\share\interpreter\linkResolver.cpp, line 774]
Event: 9.244 Thread 0x0000017590629360 Exception <a 'java/lang/NoSuchMethodError'{0x000000009931e1d8}: 'java.lang.Object java.lang.invoke.Invokers$Holder.linkToTargetMethod(java.lang.Object, java.lang.Object, java.lang.Object, int, java.lang.Object, java.lang.Object, java.lang.Object)'> (0x000000009931e1d8) 
thrown [s\open\src\hotspot\share\interpreter\linkResolver.cpp, line 774]
Event: 9.333 Thread 0x0000017590629360 Implicit null exception at 0x00000175a08034ff to 0x00000175a0803691
Event: 9.356 Thread 0x0000017590629360 Exception <a 'java/lang/NoSuchMethodError'{0x0000000098e0b2d8}: 'java.lang.Object java.lang.invoke.Invokers$Holder.invokeExact_MT(java.lang.Object, java.lang.Object, java.lang.Object, java.lang.Object, java.lang.Object, java.lang.Object)'> (0x0000000098e0b2d8) 
thrown [s\open\src\hotspot\share\interpreter\linkResolver.cpp, line 774]
Event: 9.874 Thread 0x0000017590629360 Exception <a 'java/lang/NoSuchMethodError'{0x00000000983974a8}: 'void java.lang.invoke.DirectMethodHandle$Holder.invokeSpecial(java.lang.Object, java.lang.Object, int, java.lang.Object)'> (0x00000000983974a8) 
thrown [s\open\src\hotspot\share\interpreter\linkResolver.cpp, line 774]
Event: 10.358 Thread 0x0000017590629360 Exception <a 'java/lang/NoSuchMethodError'{0x000000009797e0f8}: 'java.lang.Object java.lang.invoke.DirectMethodHandle$Holder.invokeSpecial(java.lang.Object, java.lang.Object, int, java.lang.Object, java.lang.Object)'> (0x000000009797e0f8) 
thrown [s\open\src\hotspot\share\interpreter\linkResolver.cpp, line 774]
Event: 10.937 Thread 0x0000017590629360 Exception <a 'java/lang/NoSuchMethodError'{0x00000000974efc20}: 'java.lang.Object java.lang.invoke.DirectMethodHandle$Holder.newInvokeSpecial(java.lang.Object, java.lang.Object, java.lang.Object, int)'> (0x00000000974efc20) 
thrown [s\open\src\hotspot\share\interpreter\linkResolver.cpp, line 774]
Event: 10.938 Thread 0x0000017590629360 Exception <a 'java/lang/NoSuchMethodError'{0x00000000974f3a10}: 'java.lang.Object java.lang.invoke.DirectMethodHandle$Holder.invokeSpecial(java.lang.Object, java.lang.Object, java.lang.Object, java.lang.Object, int)'> (0x00000000974f3a10) 
thrown [s\open\src\hotspot\share\interpreter\linkResolver.cpp, line 774]
Event: 10.939 Thread 0x0000017590629360 Exception <a 'java/lang/NoSuchMethodError'{0x00000000974f7148}: 'java.lang.Object java.lang.invoke.Invokers$Holder.linkToTargetMethod(java.lang.Object, java.lang.Object, int, java.lang.Object)'> (0x00000000974f7148) 
thrown [s\open\src\hotspot\share\interpreter\linkResolver.cpp, line 774]
Event: 10.947 Thread 0x0000017590629360 Exception <a 'java/lang/NoSuchMethodError'{0x000000009731a200}: 'java.lang.Object java.lang.invoke.DirectMethodHandle$Holder.newInvokeSpecial(java.lang.Object, int, java.lang.Object)'> (0x000000009731a200) 
thrown [s\open\src\hotspot\share\interpreter\linkResolver.cpp, line 774]
Event: 11.032 Thread 0x0000017590629360 Exception <a 'java/lang/NoSuchMethodError'{0x0000000097101b18}: 'java.lang.Object java.lang.invoke.DirectMethodHandle$Holder.invokeStatic(java.lang.Object, java.lang.Object, java.lang.Object, int, java.lang.Object, java.lang.Object)'> (0x0000000097101b18) 
thrown [s\open\src\hotspot\share\interpreter\linkResolver.cpp, line 774]
Event: 11.270 Thread 0x0000017590629360 Exception <a 'java/lang/NoSuchMethodError'{0x00000000970cdb38}: 'java.lang.Object java.lang.invoke.DirectMethodHandle$Holder.invokeStatic(java.lang.Object, int, java.lang.Object, java.lang.Object)'> (0x00000000970cdb38) 
thrown [s\open\src\hotspot\share\interpreter\linkResolver.cpp, line 774]
Event: 11.490 Thread 0x0000017590629360 Exception <a 'java/lang/NoSuchMethodError'{0x0000000096d3bd00}: 'java.lang.Object java.lang.invoke.DirectMethodHandle$Holder.invokeStatic(java.lang.Object, int, java.lang.Object, java.lang.Object, java.lang.Object, java.lang.Object, java.lang.Object)'> (0x0000000096d3bd00) 
thrown [s\open\src\hotspot\share\interpreter\linkResolver.cpp, line 774]
Event: 11.491 Thread 0x0000017590629360 Exception <a 'java/lang/NoSuchMethodError'{0x0000000096d456a0}: 'java.lang.Object java.lang.invoke.DirectMethodHandle$Holder.newInvokeSpecial(java.lang.Object, int, java.lang.Object, java.lang.Object, java.lang.Object)'> (0x0000000096d456a0) 
thrown [s\open\src\hotspot\share\interpreter\linkResolver.cpp, line 774]
Event: 11.493 Thread 0x0000017590629360 Exception <a 'java/lang/NoSuchMethodError'{0x0000000096d4d540}: 'java.lang.Object java.lang.invoke.Invokers$Holder.linkToTargetMethod(int, java.lang.Object, java.lang.Object, java.lang.Object, java.lang.Object)'> (0x0000000096d4d540) 
thrown [s\open\src\hotspot\share\interpreter\linkResolver.cpp, line 774]
Event: 11.694 Thread 0x0000017590629360 Exception <a 'java/lang/NoSuchMethodError'{0x0000000096bb7df8}: 'java.lang.Object java.lang.invoke.DirectMethodHandle$Holder.newInvokeSpecial(java.lang.Object, java.lang.Object, java.lang.Object, java.lang.Object, java.lang.Object, int)'> (0x0000000096bb7df8) 
thrown [s\open\src\hotspot\share\interpreter\linkResolver.cpp, line 774]
Event: 11.696 Thread 0x0000017590629360 Exception <a 'java/lang/NoSuchMethodError'{0x0000000096bbcac0}: 'java.lang.Object java.lang.invoke.DirectMethodHandle$Holder.invokeSpecial(java.lang.Object, java.lang.Object, java.lang.Object, java.lang.Object, java.lang.Object, java.lang.Object, int)'> (0x0000000096bbcac0) 
thrown [s\open\src\hotspot\share\interpreter\linkResolver.cpp, line 774]
Event: 11.696 Thread 0x0000017590629360 Exception <a 'java/lang/NoSuchMethodError'{0x0000000096bc10f8}: 'java.lang.Object java.lang.invoke.Invokers$Holder.linkToTargetMethod(java.lang.Object, java.lang.Object, java.lang.Object, java.lang.Object, int, java.lang.Object)'> (0x0000000096bc10f8) 
thrown [s\open\src\hotspot\share\interpreter\linkResolver.cpp, line 774]
Event: 12.923 Thread 0x0000017590629360 Exception <a 'java/lang/NoSuchMethodError'{0x0000000094c55b28}: 'java.lang.Object java.lang.invoke.DirectMethodHandle$Holder.invokeStatic(java.lang.Object, int, java.lang.Object)'> (0x0000000094c55b28) 
thrown [s\open\src\hotspot\share\interpreter\linkResolver.cpp, line 774]
Event: 13.640 Thread 0x0000017590629360 Exception <a 'java/lang/NoSuchMethodError'{0x000000009430f058}: 'java.lang.Object java.lang.invoke.DirectMethodHandle$Holder.newInvokeSpecial(java.lang.Object, java.lang.Object, java.lang.Object, java.lang.Object, java.lang.Object, java.lang.Object, java.lang.Object, java.lang.Object, java.lang.Object)'> (0x000000009430f058) 
thrown [s\open\src\hotspot\share\interpreter\linkResolver.cpp, line 774]

ZGC Phase Switch (0 events):
No events

VM Operations (20 events):
Event: 13.587 Executing VM operation: HandshakeAllThreads (Deoptimize)
Event: 13.587 Executing VM operation: HandshakeAllThreads (Deoptimize) done
Event: 13.617 Executing VM operation: HandshakeAllThreads (Deoptimize)
Event: 13.617 Executing VM operation: HandshakeAllThreads (Deoptimize) done
Event: 14.017 Executing VM operation: HandshakeAllThreads (Deoptimize)
Event: 14.017 Executing VM operation: HandshakeAllThreads (Deoptimize) done
Event: 14.018 Executing VM operation: HandshakeAllThreads (Deoptimize)
Event: 14.018 Executing VM operation: HandshakeAllThreads (Deoptimize) done
Event: 14.026 Executing VM operation: ICBufferFull
Event: 14.026 Executing VM operation: ICBufferFull done
Event: 14.256 Executing VM operation: ICBufferFull
Event: 14.256 Executing VM operation: ICBufferFull done
Event: 14.381 Executing VM operation: ICBufferFull
Event: 14.381 Executing VM operation: ICBufferFull done
Event: 14.408 Executing VM operation: G1CollectForAllocation (G1 Evacuation Pause)
Event: 14.441 Executing VM operation: G1CollectForAllocation (G1 Evacuation Pause) done
Event: 14.697 Executing VM operation: ICBufferFull
Event: 14.697 Executing VM operation: ICBufferFull done
Event: 14.891 Executing VM operation: ICBufferFull
Event: 14.891 Executing VM operation: ICBufferFull done

Memory protections (0 events):
No events

Nmethod flushes (20 events):
Event: 7.660 Thread 0x00000175ad189d90 flushing  nmethod 0x0000017599243190
Event: 7.660 Thread 0x00000175ad189d90 flushing  nmethod 0x0000017599243b90
Event: 7.660 Thread 0x00000175ad189d90 flushing  nmethod 0x0000017599259d90
Event: 7.660 Thread 0x00000175ad189d90 flushing  nmethod 0x000001759925a110
Event: 7.660 Thread 0x00000175ad189d90 flushing  nmethod 0x000001759925a990
Event: 7.660 Thread 0x00000175ad189d90 flushing  nmethod 0x000001759925bc10
Event: 7.660 Thread 0x00000175ad189d90 flushing  nmethod 0x000001759925c090
Event: 7.660 Thread 0x00000175ad189d90 flushing  nmethod 0x000001759925d390
Event: 7.660 Thread 0x00000175ad189d90 flushing  nmethod 0x0000017599284c90
Event: 7.660 Thread 0x00000175ad189d90 flushing  nmethod 0x0000017599289090
Event: 7.660 Thread 0x00000175ad189d90 flushing  nmethod 0x000001759928b110
Event: 7.660 Thread 0x00000175ad189d90 flushing  nmethod 0x0000017599293f90
Event: 7.660 Thread 0x00000175ad189d90 flushing  nmethod 0x0000017599294510
Event: 7.660 Thread 0x00000175ad189d90 flushing  nmethod 0x000001759929e310
Event: 7.660 Thread 0x00000175ad189d90 flushing  nmethod 0x00000175992f6d90
Event: 7.660 Thread 0x00000175ad189d90 flushing  nmethod 0x000001759935ae10
Event: 7.660 Thread 0x00000175ad189d90 flushing  nmethod 0x0000017599364a90
Event: 7.660 Thread 0x00000175ad189d90 flushing  nmethod 0x0000017599374c90
Event: 7.660 Thread 0x00000175ad189d90 flushing  nmethod 0x00000175994bbe90
Event: 7.660 Thread 0x00000175ad189d90 flushing  nmethod 0x000001759951a090

Events (20 events):
Event: 0.043 Thread 0x0000017590629360 Thread added: 0x00000175ad1a9250
Event: 0.044 Thread 0x0000017590629360 Thread added: 0x00000175ad1af1a0
Event: 0.044 Thread 0x0000017590629360 Thread added: 0x00000175ad1cfe70
Event: 0.044 Thread 0x0000017590629360 Thread added: 0x00000175ad1d1790
Event: 0.044 Thread 0x0000017590629360 Thread added: 0x00000175ad1d21f0
Event: 0.044 Thread 0x0000017590629360 Thread added: 0x00000175ad1d40b0
Event: 0.044 Thread 0x0000017590629360 Thread added: 0x00000175ad1d7fe0
Event: 0.068 Thread 0x0000017590629360 Thread added: 0x00000175ad437e00
Event: 0.071 Thread 0x0000017590629360 Thread added: 0x00000175ad4434b0
Event: 0.094 Thread 0x00000175ad1d40b0 Thread added: 0x00000175ad4d9c40
Event: 0.254 Thread 0x00000175ad4d9c40 Thread added: 0x00000175ad6c71b0
Event: 1.368 Thread 0x00000175ad6c71b0 Thread exited: 0x00000175ad6c71b0
Event: 1.644 Thread 0x00000175ad1d7fe0 Thread added: 0x00000175f3a8fe80
Event: 2.388 Thread 0x00000175f3a8fe80 Thread exited: 0x00000175f3a8fe80
Event: 2.978 Thread 0x00000175ad4d9c40 Thread exited: 0x00000175ad4d9c40
Event: 3.359 Thread 0x00000175ad1d7fe0 Thread added: 0x00000175f56dbc20
Event: 3.464 Thread 0x00000175ad1d7fe0 Thread added: 0x00000175f5751c80
Event: 11.615 Thread 0x00000175f5751c80 Thread exited: 0x00000175f5751c80
Event: 11.757 Thread 0x00000175f56dbc20 Thread exited: 0x00000175f56dbc20
Event: 11.863 Thread 0x00000175ad1d40b0 Thread added: 0x00000175f56dbc20


Dynamic libraries:
0x00007ff6015f0000 - 0x00007ff601600000 	C:\Program Files\Java\jdk-22\bin\java.exe
0x00007ff96c780000 - 0x00007ff96c9e8000 	C:\WINDOWS\SYSTEM32\ntdll.dll
0x00007ff96b9d0000 - 0x00007ff96ba99000 	C:\WINDOWS\System32\KERNEL32.DLL
0x00007ff96a100000 - 0x00007ff96a4ed000 	C:\WINDOWS\System32\KERNELBASE.dll
0x00007ff969cb0000 - 0x00007ff969dfb000 	C:\WINDOWS\System32\ucrtbase.dll
0x00007ff9030d0000 - 0x00007ff9030e7000 	C:\Program Files\Java\jdk-22\bin\jli.dll
0x00007ff906260000 - 0x00007ff90627b000 	C:\Program Files\Java\jdk-22\bin\VCRUNTIME140.dll
0x00007ff96b030000 - 0x00007ff96b1fc000 	C:\WINDOWS\System32\USER32.dll
0x00007ff96a4f0000 - 0x00007ff96a517000 	C:\WINDOWS\System32\win32u.dll
0x00007ff945ec0000 - 0x00007ff94615a000 	C:\WINDOWS\WinSxS\amd64_microsoft.windows.common-controls_6595b64144ccf1df_6.0.26100.4484_none_3e0e6d4ce32ef3b3\COMCTL32.dll
0x00007ff96aed0000 - 0x00007ff96af79000 	C:\WINDOWS\System32\msvcrt.dll
0x00007ff96aea0000 - 0x00007ff96aecb000 	C:\WINDOWS\System32\GDI32.dll
0x00007ff969ad0000 - 0x00007ff969c07000 	C:\WINDOWS\System32\gdi32full.dll
0x00007ff969a20000 - 0x00007ff969ac3000 	C:\WINDOWS\System32\msvcp_win.dll
0x00007ff96b7f0000 - 0x00007ff96b81f000 	C:\WINDOWS\System32\IMM32.DLL
0x00007ff93e430000 - 0x00007ff93e43c000 	C:\Program Files\Java\jdk-22\bin\vcruntime140_1.dll
0x00007ff902e60000 - 0x00007ff902eee000 	C:\Program Files\Java\jdk-22\bin\msvcp140.dll
0x00007ff88bd50000 - 0x00007ff88ca99000 	C:\Program Files\Java\jdk-22\bin\server\jvm.dll
0x00007ff96be30000 - 0x00007ff96bee4000 	C:\WINDOWS\System32\ADVAPI32.dll
0x00007ff96b740000 - 0x00007ff96b7e6000 	C:\WINDOWS\System32\sechost.dll
0x00007ff96b3f0000 - 0x00007ff96b508000 	C:\WINDOWS\System32\RPCRT4.dll
0x00007ff96b830000 - 0x00007ff96b8a4000 	C:\WINDOWS\System32\WS2_32.dll
0x00007ff968fd0000 - 0x00007ff96902e000 	C:\WINDOWS\SYSTEM32\POWRPROF.dll
0x00007ff95aa20000 - 0x00007ff95aa55000 	C:\WINDOWS\SYSTEM32\WINMM.dll
0x00007ff95dc30000 - 0x00007ff95dc3b000 	C:\WINDOWS\SYSTEM32\VERSION.dll
0x00007ff968f40000 - 0x00007ff968f54000 	C:\WINDOWS\SYSTEM32\UMPDC.dll
0x00007ff968670000 - 0x00007ff96868b000 	C:\WINDOWS\SYSTEM32\kernel.appcore.dll
0x00007ff93d0d0000 - 0x00007ff93d0da000 	C:\Program Files\Java\jdk-22\bin\jimage.dll
0x00007ff9671a0000 - 0x00007ff9673e1000 	C:\WINDOWS\SYSTEM32\DBGHELP.DLL
0x00007ff96ab10000 - 0x00007ff96ae96000 	C:\WINDOWS\System32\combase.dll
0x00007ff96a530000 - 0x00007ff96a610000 	C:\WINDOWS\System32\OLEAUT32.dll
0x00007ff9414a0000 - 0x00007ff9414e3000 	C:\WINDOWS\SYSTEM32\dbgcore.DLL
0x00007ff969c10000 - 0x00007ff969ca9000 	C:\WINDOWS\System32\bcryptPrimitives.dll
0x00007ff9030b0000 - 0x00007ff9030ce000 	C:\Program Files\Java\jdk-22\bin\java.dll
0x00007ff96bff0000 - 0x00007ff96c73a000 	C:\WINDOWS\System32\SHELL32.dll
0x00007ff969e00000 - 0x00007ff969f74000 	C:\WINDOWS\System32\wintypes.dll
0x00007ff96b590000 - 0x00007ff96b72e000 	C:\WINDOWS\System32\ole32.dll
0x00007ff9674e0000 - 0x00007ff967d3b000 	C:\WINDOWS\SYSTEM32\windows.storage.dll
0x00007ff96b2f0000 - 0x00007ff96b3e5000 	C:\WINDOWS\System32\SHCORE.dll
0x00007ff96b200000 - 0x00007ff96b26a000 	C:\WINDOWS\System32\shlwapi.dll
0x00007ff9697e0000 - 0x00007ff96980f000 	C:\WINDOWS\SYSTEM32\profapi.dll
0x00007ff8fa900000 - 0x00007ff8fa9d7000 	C:\Program Files\Java\jdk-22\bin\jsvml.dll
0x00007ff937120000 - 0x00007ff937130000 	C:\Program Files\Java\jdk-22\bin\net.dll
0x00007ff968c70000 - 0x00007ff968cda000 	C:\WINDOWS\system32\mswsock.dll
0x00007ff902df0000 - 0x00007ff902e06000 	C:\Program Files\Java\jdk-22\bin\nio.dll
0x00007ff902dd0000 - 0x00007ff902de7000 	C:\Program Files\Java\jdk-22\bin\zip.dll
0x00007ff9342a0000 - 0x00007ff9342b0000 	C:\Program Files\Java\jdk-22\bin\verify.dll

dbghelp: loaded successfully - version: 4.0.5 - missing functions: none
symbol engine: initialized successfully - sym options: 0x614 - pdb path: .;C:\Program Files\Java\jdk-22\bin;C:\WINDOWS\SYSTEM32;C:\WINDOWS\WinSxS\amd64_microsoft.windows.common-controls_6595b64144ccf1df_6.0.26100.4484_none_3e0e6d4ce32ef3b3;C:\Program Files\Java\jdk-22\bin\server

VM Arguments:
java_command: org.jetbrains.kotlin.cli.jvm.K2JVMCompiler @C:\Users\Victus\Desktop\andridstudio\jawafai\app\build\20250716_10118920805205457467.compiler.options
java_class_path (initial): C:\Users\Victus\.gradle\caches\modules-2\files-2.1\org.jetbrains.kotlin\kotlin-compiler-embeddable\2.0.21\79346ed53db48b18312a472602eb5c057070c54d\kotlin-compiler-embeddable-2.0.21.jar;C:\Users\Victus\.gradle\caches\modules-2\files-2.1\org.jetbrains.kotlin\kotlin-stdlib\2.0.21\618b539767b4899b4660a83006e052b63f1db551\kotlin-stdlib-2.0.21.jar;C:\Users\Victus\.gradle\caches\modules-2\files-2.1\org.jetbrains.kotlin\kotlin-script-runtime\2.0.21\c9b044380ad41f89aa89aa896c2d32a8c0b2129d\kotlin-script-runtime-2.0.21.jar;C:\Users\Victus\.gradle\caches\modules-2\files-2.1\org.jetbrains.kotlin\kotlin-reflect\1.6.10\1cbe9c92c12a94eea200d23c2bbaedaf3daf5132\kotlin-reflect-1.6.10.jar;C:\Users\Victus\.gradle\caches\modules-2\files-2.1\org.jetbrains.kotlin\kotlin-daemon-embeddable\2.0.21\c9e933b23287de9b5a17e2116b4657bb91aea72c\kotlin-daemon-embeddable-2.0.21.jar;C:\Users\Victus\.gradle\caches\modules-2\files-2.1\org.jetbrains.intellij.deps\trove4j\1.0.20200330\3afb14d5f9ceb459d724e907a21145e8ff394f02\trove4j-1.0.20200330.jar;C:\Users\Victus\.gradle\caches\modules-2\files-2.1\org.jetbrains.kotlinx\kotlinx-coroutines-core-jvm\1.6.4\2c997cd1c0ef33f3e751d3831929aeff1390cb30\kotlinx-coroutines-core-jvm-1.6.4.jar;C:\Users\Victus\.gradle\caches\modules-2\files-2.1\org.jetbrains\annotations\13.0\919f0dfe192fb4e063e7dacadee7f8bb9a2672a9\annotations-13.0.jar
Launcher Type: SUN_STANDARD

[Global flags]
     intx CICompilerCount                          = 4                                         {product} {ergonomic}
     uint ConcGCThreads                            = 3                                         {product} {ergonomic}
     uint G1ConcRefinementThreads                  = 10                                        {product} {ergonomic}
   size_t G1HeapRegionSize                         = 1048576                                   {product} {ergonomic}
   size_t InitialHeapSize                          = 130023424                                 {product} {ergonomic}
   size_t MarkStackSize                            = 4194304                                   {product} {ergonomic}
   size_t MaxHeapSize                              = 2055208960                                {product} {ergonomic}
   size_t MaxNewSize                               = 1233125376                                {product} {ergonomic}
   size_t MinHeapDeltaBytes                        = 1048576                                   {product} {ergonomic}
   size_t MinHeapSize                              = 8388608                                   {product} {ergonomic}
    uintx NonNMethodCodeHeapSize                   = 5839372                                {pd product} {ergonomic}
    uintx NonProfiledCodeHeapSize                  = 122909434                              {pd product} {ergonomic}
    uintx ProfiledCodeHeapSize                     = 122909434                              {pd product} {ergonomic}
    uintx ReservedCodeCacheSize                    = 251658240                              {pd product} {ergonomic}
     bool SegmentedCodeCache                       = true                                      {product} {ergonomic}
   size_t SoftMaxHeapSize                          = 2055208960                             {manageable} {ergonomic}
     bool UseCompressedOops                        = true                           {product lp64_product} {ergonomic}
     bool UseG1GC                                  = true                                      {product} {ergonomic}
     bool UseLargePagesIndividualAllocation        = false                                  {pd product} {ergonomic}

Logging:
Log output configuration:
 #0: stdout all=warning uptime,level,tags foldmultilines=false
 #1: stderr all=off uptime,level,tags foldmultilines=false

Environment Variables:
CLASSPATH=C:\Users\Victus\Desktop\andridstudio\jawafai\\gradle\wrapper\gradle-wrapper.jar
PATH=C:\Program Files\Common Files\Oracle\Java\javapath;C:\Program Files (x86)\Common Files\Oracle\Java\javapath;C:\windows\system32;C:\windows;C:\windows\System32\Wbem;C:\windows\System32\WindowsPowerShell\v1.0\;C:\windows\System32\OpenSSH\;C:\Program Files (x86)\NVIDIA Corporation\PhysX\Common;C:\Program Files\NVIDIA Corporation\NVIDIA NvDLISR;C:\Users\Administrator\AppData\Local\Microsoft\WindowsApps;C:\Program Files\HP\OMEN-Broadcast\Common;C:\MinGW\bin;C:\Program Files\HP\HP One Agent;C:\Program Files\Git\cmd;C:\WINDOWS\system32;C:\WINDOWS;C:\WINDOWS\System32\Wbem;C:\WINDOWS\System32\WindowsPowerShell\v1.0\;C:\WINDOWS\System32\OpenSSH\;C:\Users\Victus\Downloads\gradle-8.12.1-bin.zip\gradle-8.12.1\bin;C:\Program Files\MySQL\MySQL Shell 8.0\bin\;C:\Users\Victus\AppData\Local\Programs\Python\Python312\Scripts\;C:\Users\Victus\AppData\Local\Programs\Python\Python312\;C:\Users\Victus\AppData\Local\Programs\Python\Launcher\;C:\Users\Victus\AppData\Local\Microsoft\WindowsApps;;C:\Users\Victus\AppData\Local\Programs\Microsoft VS Code\bin;C:\Users\Victus\PyCharm 2024.1\bin;
USERNAME=Victus
OS=Windows_NT
PROCESSOR_IDENTIFIER=Intel64 Family 6 Model 186 Stepping 2, GenuineIntel
TMP=C:\Users\Victus\AppData\Local\Temp
TEMP=C:\Users\Victus\AppData\Local\Temp




Periodic native trim disabled

---------------  S Y S T E M  ---------------

OS:
 Windows 11 , 64 bit Build 26100 (10.0.26100.4484)
OS uptime: 3 days 15:50 hours
Hyper-V role detected

CPU: total 12 (initial active 12) (6 cores per cpu, 2 threads per core) family 6 model 186 stepping 2 microcode 0x4122, cx8, cmov, fxsr, ht, mmx, 3dnowpref, sse, sse2, sse3, ssse3, sse4.1, sse4.2, popcnt, lzcnt, tsc, tscinvbit, avx, avx2, aes, erms, clmul, bmi1, bmi2, adx, sha, fma, vzeroupper, clflush, clflushopt, clwb, hv, serialize, rdtscp, rdpid, fsrm, f16c, cet_ibt, cet_ss
Processor Information for processor 0
  Max Mhz: 2100, Current Mhz: 2100, Mhz Limit: 2100
Processor Information for processor 1
  Max Mhz: 2100, Current Mhz: 2100, Mhz Limit: 2100
Processor Information for processor 2
  Max Mhz: 2100, Current Mhz: 2100, Mhz Limit: 2100
Processor Information for processor 3
  Max Mhz: 2100, Current Mhz: 2100, Mhz Limit: 2100
Processor Information for processor 4
  Max Mhz: 2100, Current Mhz: 2100, Mhz Limit: 2100
Processor Information for processor 5
  Max Mhz: 2100, Current Mhz: 2100, Mhz Limit: 2100
Processor Information for processor 6
  Max Mhz: 2100, Current Mhz: 2100, Mhz Limit: 2100
Processor Information for processor 7
  Max Mhz: 2100, Current Mhz: 2100, Mhz Limit: 2100
Processor Information for processor 8
  Max Mhz: 2100, Current Mhz: 2100, Mhz Limit: 2100
Processor Information for processor 9
  Max Mhz: 2100, Current Mhz: 1540, Mhz Limit: 2100
Processor Information for processor 10
  Max Mhz: 2100, Current Mhz: 2100, Mhz Limit: 2100
Processor Information for processor 11
  Max Mhz: 2100, Current Mhz: 1540, Mhz Limit: 2100

Memory: 4k page, system-wide physical 7832M (417M free)
TotalPageFile size 20689M (AvailPageFile size 7M)
current process WorkingSet (physical memory assigned to process): 466M, peak: 492M
current process commit charge ("private bytes"): 594M, peak: 594M

vm_info: Java HotSpot(TM) 64-Bit Server VM (22.0.2+9-70) for windows-amd64 JRE (22.0.2+9-70), built on 2024-06-04T16:52:23Z by "mach5one" with MS VC++ 17.6 (VS2022)

END.
