#
# There is insufficient memory for the Java Runtime Environment to continue.
# Native memory allocation (mmap) failed to map 195035136 bytes. Error detail: G1 virtual space
# Possible reasons:
#   The system is out of physical RAM or swap space
#   This process is running with CompressedOops enabled, and the Java Heap may be blocking the growth of the native heap
# Possible solutions:
#   Reduce memory load on the system
#   Increase physical memory or swap space
#   Check if swap backing store is full
#   Decrease Java heap size (-Xmx/-Xms)
#   Decrease number of Java threads
#   Decrease Java thread stack sizes (-Xss)
#   Set larger code cache with -XX:ReservedCodeCacheSize=
#   JVM is running with Unscaled Compressed Oops mode in which the Java heap is
#     placed in the first 4GB address space. The Java Heap base address is the
#     maximum limit for the native heap growth. Please use -XX:HeapBaseMinAddress
#     to set the Java Heap base and to place the Java Heap above 4GB virtual address.
# This output file may be truncated or incomplete.
#
#  Out of Memory Error (os_windows.cpp:3828), pid=10876, tid=22904
#
# JRE version: OpenJDK Runtime Environment (21.0.5) (build 21.0.5+-13047016-b750.29)
# Java VM: OpenJDK 64-Bit Server VM (21.0.5+-13047016-b750.29, mixed mode, tiered, compressed oops, compressed class ptrs, g1 gc, windows-amd64)
# No core dump will be written. Minidumps are not enabled by default on client versions of Windows
#

---------------  S U M M A R Y ------------

Command Line: org.jetbrains.kotlin.cli.jvm.K2JVMCompiler @C:\Users\Victus\Desktop\andridstudio\jawafai\app\build\20250716_3013315771671520563.compiler.options

Host: 13th Gen Intel(R) Core(TM) i5-13420H, 12 cores, 7G,  Windows 11 , 64 bit Build 26100 (10.0.26100.4484)
Time: Wed Jul 16 14:14:31 2025 Nepal Standard Time elapsed time: 5.395673 seconds (0d 0h 0m 5s)

---------------  T H R E A D  ---------------

Current thread (0x00000242d2460800):  VMThread "VM Thread"          [id=22904, stack(0x00000079e9e00000,0x00000079e9f00000) (1024K)]

Stack: [0x00000079e9e00000,0x00000079e9f00000]
Native frames: (J=compiled Java code, j=interpreted, Vv=VM code, C=native code)
V  [jvm.dll+0x6cfb29]
V  [jvm.dll+0x85df93]
V  [jvm.dll+0x8604ee]
V  [jvm.dll+0x860bd3]
V  [jvm.dll+0x27e6b6]
V  [jvm.dll+0x6cc385]
V  [jvm.dll+0x6c078a]
V  [jvm.dll+0x35525b]
V  [jvm.dll+0x35ceb6]
V  [jvm.dll+0x3aedd6]
V  [jvm.dll+0x3af0a8]
V  [jvm.dll+0x32792c]
V  [jvm.dll+0x3279b7]
V  [jvm.dll+0x36d80c]
V  [jvm.dll+0x36bfbe]
V  [jvm.dll+0x327081]
V  [jvm.dll+0x36b6d0]
V  [jvm.dll+0x866958]
V  [jvm.dll+0x867cd4]
V  [jvm.dll+0x868210]
V  [jvm.dll+0x8684a3]
V  [jvm.dll+0x806368]
V  [jvm.dll+0x6ce3fd]
C  [ucrtbase.dll+0x37b0]
C  [KERNEL32.DLL+0x2e8d7]
C  [ntdll.dll+0x3c34c]

VM_Operation (0x00000079e97fa1d0): G1CollectForAllocation, mode: safepoint, requested by thread 0x00000242b8632f40


---------------  P R O C E S S  ---------------

Threads class SMR info:
_java_thread_list=0x00000242d7d995c0, length=13, elements={
0x00000242b8632f40, 0x00000242d24b4930, 0x00000242d24c4450, 0x00000242d24cd630,
0x00000242d24d2bf0, 0x00000242d24d0460, 0x00000242d24dbf80, 0x00000242d24e0b90,
0x00000242d24e5630, 0x00000242d267f500, 0x00000242d26aad60, 0x00000242d7dae070,
0x00000242d7dae710
}

Java Threads: ( => current thread )
  0x00000242b8632f40 JavaThread "main"                              [_thread_blocked, id=31548, stack(0x00000079e9700000,0x00000079e9800000) (1024K)]
  0x00000242d24b4930 JavaThread "Reference Handler"          daemon [_thread_blocked, id=17956, stack(0x00000079e9f00000,0x00000079ea000000) (1024K)]
  0x00000242d24c4450 JavaThread "Finalizer"                  daemon [_thread_blocked, id=13668, stack(0x00000079ea000000,0x00000079ea100000) (1024K)]
  0x00000242d24cd630 JavaThread "Signal Dispatcher"          daemon [_thread_blocked, id=10840, stack(0x00000079ea100000,0x00000079ea200000) (1024K)]
  0x00000242d24d2bf0 JavaThread "Attach Listener"            daemon [_thread_blocked, id=1636, stack(0x00000079ea200000,0x00000079ea300000) (1024K)]
  0x00000242d24d0460 JavaThread "Service Thread"             daemon [_thread_blocked, id=7728, stack(0x00000079ea300000,0x00000079ea400000) (1024K)]
  0x00000242d24dbf80 JavaThread "Monitor Deflation Thread"   daemon [_thread_blocked, id=12012, stack(0x00000079ea400000,0x00000079ea500000) (1024K)]
  0x00000242d24e0b90 JavaThread "C2 CompilerThread0"         daemon [_thread_in_native, id=20648, stack(0x00000079ea500000,0x00000079ea600000) (1024K)]
  0x00000242d24e5630 JavaThread "C1 CompilerThread0"         daemon [_thread_blocked, id=25644, stack(0x00000079ea600000,0x00000079ea700000) (1024K)]
  0x00000242d267f500 JavaThread "Notification Thread"        daemon [_thread_blocked, id=19772, stack(0x00000079ea700000,0x00000079ea800000) (1024K)]
  0x00000242d26aad60 JavaThread "Common-Cleaner"             daemon [_thread_blocked, id=18516, stack(0x00000079ea800000,0x00000079ea900000) (1024K)]
  0x00000242d7dae070 JavaThread "C2 CompilerThread1"         daemon [_thread_in_native, id=9400, stack(0x00000079eb200000,0x00000079eb300000) (1024K)]
  0x00000242d7dae710 JavaThread "C2 CompilerThread2"         daemon [_thread_blocked, id=31420, stack(0x00000079eb300000,0x00000079eb400000) (1024K)]
Total: 13

Other Threads:
=>0x00000242d2460800 VMThread "VM Thread"                           [id=22904, stack(0x00000079e9e00000,0x00000079e9f00000) (1024K)]
  0x00000242d22a6db0 WatcherThread "VM Periodic Task Thread"        [id=11188, stack(0x00000079e9d00000,0x00000079e9e00000) (1024K)]
  0x00000242ba9bd0f0 WorkerThread "GC Thread#0"                     [id=22348, stack(0x00000079e9800000,0x00000079e9900000) (1024K)]
  0x00000242d75cdc40 WorkerThread "GC Thread#1"                     [id=17852, stack(0x00000079ea900000,0x00000079eaa00000) (1024K)]
  0x00000242d762a660 WorkerThread "GC Thread#2"                     [id=22596, stack(0x00000079eaa00000,0x00000079eab00000) (1024K)]
  0x00000242d762ae10 WorkerThread "GC Thread#3"                     [id=26496, stack(0x00000079eab00000,0x00000079eac00000) (1024K)]
  0x00000242d762b1b0 WorkerThread "GC Thread#4"                     [id=13444, stack(0x00000079eac00000,0x00000079ead00000) (1024K)]
  0x00000242d762b950 WorkerThread "GC Thread#5"                     [id=16944, stack(0x00000079ead00000,0x00000079eae00000) (1024K)]
  0x00000242d76f46b0 WorkerThread "GC Thread#6"                     [id=9448, stack(0x00000079eae00000,0x00000079eaf00000) (1024K)]
  0x00000242d76f4df0 WorkerThread "GC Thread#7"                     [id=4416, stack(0x00000079eaf00000,0x00000079eb000000) (1024K)]
  0x00000242d7c0d5d0 WorkerThread "GC Thread#8"                     [id=28132, stack(0x00000079eb400000,0x00000079eb500000) (1024K)]
  0x00000242d7c0c750 WorkerThread "GC Thread#9"                     [id=8900, stack(0x00000079eb500000,0x00000079eb600000) (1024K)]
  0x00000242ba9cdcf0 ConcurrentGCThread "G1 Main Marker"            [id=27420, stack(0x00000079e9900000,0x00000079e9a00000) (1024K)]
  0x00000242ba9ce700 WorkerThread "G1 Conc#0"                       [id=17580, stack(0x00000079e9a00000,0x00000079e9b00000) (1024K)]
  0x00000242d76f4a50 WorkerThread "G1 Conc#1"                       [id=25944, stack(0x00000079eb000000,0x00000079eb100000) (1024K)]
  0x00000242d76f5190 WorkerThread "G1 Conc#2"                       [id=28920, stack(0x00000079eb100000,0x00000079eb200000) (1024K)]
  0x00000242d2175990 ConcurrentGCThread "G1 Refine#0"               [id=28948, stack(0x00000079e9b00000,0x00000079e9c00000) (1024K)]
  0x00000242d2176d20 ConcurrentGCThread "G1 Service"                [id=27808, stack(0x00000079e9c00000,0x00000079e9d00000) (1024K)]
Total: 18

Threads with active compile tasks:
C2 CompilerThread0  5413 5516       4       org.jetbrains.org.objectweb.asm.ClassReader::accept (1380 bytes)
C2 CompilerThread1  5413 5573       4       org.jetbrains.org.objectweb.asm.ClassReader::readMethod (1061 bytes)
C2 CompilerThread2  5413 5530       4       org.jetbrains.kotlin.cli.jvm.index.JvmDependenciesIndexImpl::search (374 bytes)
Total: 3

VM state: at safepoint (normal execution)

VM Mutex/Monitor currently owned by a thread:  ([mutex/lock_event])
[0x00007ff8f099d360] Threads_lock - owner thread: 0x00000242d2460800
[0x00007ff8f099d460] Heap_lock - owner thread: 0x00000242b8632f40

Heap address: 0x0000000085800000, size: 1960 MB, Compressed Oops mode: 32-bit

CDS archive(s) not mapped
Compressed class space mapped at: 0x0000000100000000-0x0000000140000000, reserved size: 1073741824
Narrow klass base: 0x0000000000000000, Narrow klass shift: 3, Narrow klass range: 0x140000000

GC Precious Log:
 CardTable entry size: 512
 Card Set container configuration: InlinePtr #cards 5 size 8 Array Of Cards #cards 12 size 40 Howl #buckets 4 coarsen threshold 1843 Howl Bitmap #cards 512 size 80 coarsen threshold 460 Card regions per heap region 1 cards per card region 2048
 CPUs: 12 total, 12 available
 Memory: 7832M
 Large Page Support: Disabled
 NUMA Support: Disabled
 Compressed Oops: Enabled (32-bit)
 Heap Region Size: 1M
 Heap Min Capacity: 8M
 Heap Initial Capacity: 124M
 Heap Max Capacity: 1960M
 Pre-touch: Disabled
 Parallel Workers: 10
 Concurrent Workers: 3
 Concurrent Refinement Workers: 10
 Periodic GC: Disabled

Heap:
 garbage-first heap   total 163840K, used 111001K [0x0000000085800000, 0x0000000100000000)
  region size 1024K, 6 young (6144K), 6 survivors (6144K)
 Metaspace       used 51548K, committed 51840K, reserved 1114112K
  class space    used 5746K, committed 5888K, reserved 1048576K

Heap Regions: E=young(eden), S=young(survivor), O=old, HS=humongous(starts), HC=humongous(continues), CS=collection set, F=free, TAMS=top-at-mark-start, PB=parsable bottom
|   0|0x0000000085800000, 0x0000000085900000, 0x0000000085900000|100%|HS|  |TAMS 0x0000000085800000| PB 0x0000000085800000| Complete 
|   1|0x0000000085900000, 0x0000000085a00000, 0x0000000085a00000|100%|HC|  |TAMS 0x0000000085900000| PB 0x0000000085900000| Complete 
|   2|0x0000000085a00000, 0x0000000085b00000, 0x0000000085b00000|100%|HC|  |TAMS 0x0000000085a00000| PB 0x0000000085a00000| Complete 
|   3|0x0000000085b00000, 0x0000000085c00000, 0x0000000085c00000|100%| O|  |TAMS 0x0000000085b00000| PB 0x0000000085b00000| Untracked 
|   4|0x0000000085c00000, 0x0000000085d00000, 0x0000000085d00000|100%| O|  |TAMS 0x0000000085c00000| PB 0x0000000085c00000| Untracked 
|   5|0x0000000085d00000, 0x0000000085e00000, 0x0000000085e00000|100%| O|  |TAMS 0x0000000085d00000| PB 0x0000000085d00000| Untracked 
|   6|0x0000000085e00000, 0x0000000085f00000, 0x0000000085f00000|100%| O|  |TAMS 0x0000000085e00000| PB 0x0000000085e00000| Untracked 
|   7|0x0000000085f00000, 0x0000000086000000, 0x0000000086000000|100%| O|  |TAMS 0x0000000085f00000| PB 0x0000000085f00000| Untracked 
|   8|0x0000000086000000, 0x0000000086100000, 0x0000000086100000|100%| O|  |TAMS 0x0000000086000000| PB 0x0000000086000000| Untracked 
|   9|0x0000000086100000, 0x0000000086200000, 0x0000000086200000|100%| O|  |TAMS 0x0000000086100000| PB 0x0000000086100000| Untracked 
|  10|0x0000000086200000, 0x0000000086300000, 0x0000000086300000|100%| O|  |TAMS 0x0000000086200000| PB 0x0000000086200000| Untracked 
|  11|0x0000000086300000, 0x0000000086400000, 0x0000000086400000|100%| O|  |TAMS 0x0000000086300000| PB 0x0000000086300000| Untracked 
|  12|0x0000000086400000, 0x0000000086500000, 0x0000000086500000|100%| O|  |TAMS 0x0000000086400000| PB 0x0000000086400000| Untracked 
|  13|0x0000000086500000, 0x0000000086600000, 0x0000000086600000|100%| O|  |TAMS 0x0000000086500000| PB 0x0000000086500000| Untracked 
|  14|0x0000000086600000, 0x0000000086700000, 0x0000000086700000|100%| O|  |TAMS 0x0000000086600000| PB 0x0000000086600000| Untracked 
|  15|0x0000000086700000, 0x0000000086800000, 0x0000000086800000|100%| O|  |TAMS 0x0000000086700000| PB 0x0000000086700000| Untracked 
|  16|0x0000000086800000, 0x0000000086900000, 0x0000000086900000|100%| O|  |TAMS 0x0000000086800000| PB 0x0000000086800000| Untracked 
|  17|0x0000000086900000, 0x0000000086a00000, 0x0000000086a00000|100%| O|  |TAMS 0x0000000086900000| PB 0x0000000086900000| Untracked 
|  18|0x0000000086a00000, 0x0000000086b00000, 0x0000000086b00000|100%| O|  |TAMS 0x0000000086a00000| PB 0x0000000086a00000| Untracked 
|  19|0x0000000086b00000, 0x0000000086c00000, 0x0000000086c00000|100%| O|  |TAMS 0x0000000086b00000| PB 0x0000000086b00000| Untracked 
|  20|0x0000000086c00000, 0x0000000086d00000, 0x0000000086d00000|100%| O|  |TAMS 0x0000000086c00000| PB 0x0000000086c00000| Untracked 
|  21|0x0000000086d00000, 0x0000000086e00000, 0x0000000086e00000|100%| O|  |TAMS 0x0000000086d00000| PB 0x0000000086d00000| Untracked 
|  22|0x0000000086e00000, 0x0000000086f00000, 0x0000000086f00000|100%| O|  |TAMS 0x0000000086e00000| PB 0x0000000086e00000| Untracked 
|  23|0x0000000086f00000, 0x0000000087000000, 0x0000000087000000|100%| O|  |TAMS 0x0000000086f00000| PB 0x0000000086f00000| Untracked 
|  24|0x0000000087000000, 0x0000000087100000, 0x0000000087100000|100%| O|  |TAMS 0x0000000087000000| PB 0x0000000087000000| Untracked 
|  25|0x0000000087100000, 0x0000000087200000, 0x0000000087200000|100%| O|  |TAMS 0x0000000087100000| PB 0x0000000087100000| Untracked 
|  26|0x0000000087200000, 0x0000000087300000, 0x0000000087300000|100%| O|  |TAMS 0x0000000087200000| PB 0x0000000087200000| Untracked 
|  27|0x0000000087300000, 0x0000000087400000, 0x0000000087400000|100%| O|  |TAMS 0x0000000087300000| PB 0x0000000087300000| Untracked 
|  28|0x0000000087400000, 0x0000000087500000, 0x0000000087500000|100%| O|  |TAMS 0x0000000087400000| PB 0x0000000087400000| Untracked 
|  29|0x0000000087500000, 0x0000000087600000, 0x0000000087600000|100%| O|  |TAMS 0x0000000087500000| PB 0x0000000087500000| Untracked 
|  30|0x0000000087600000, 0x0000000087700000, 0x0000000087700000|100%| O|  |TAMS 0x0000000087600000| PB 0x0000000087600000| Untracked 
|  31|0x0000000087700000, 0x0000000087800000, 0x0000000087800000|100%| O|  |TAMS 0x0000000087700000| PB 0x0000000087700000| Untracked 
|  32|0x0000000087800000, 0x0000000087900000, 0x0000000087900000|100%| O|  |TAMS 0x0000000087800000| PB 0x0000000087800000| Untracked 
|  33|0x0000000087900000, 0x0000000087a00000, 0x0000000087a00000|100%| O|  |TAMS 0x0000000087900000| PB 0x0000000087900000| Untracked 
|  34|0x0000000087a00000, 0x0000000087b00000, 0x0000000087b00000|100%| O|  |TAMS 0x0000000087a00000| PB 0x0000000087a00000| Untracked 
|  35|0x0000000087b00000, 0x0000000087c00000, 0x0000000087c00000|100%| O|  |TAMS 0x0000000087b00000| PB 0x0000000087b00000| Untracked 
|  36|0x0000000087c00000, 0x0000000087d00000, 0x0000000087d00000|100%| O|  |TAMS 0x0000000087c00000| PB 0x0000000087c00000| Untracked 
|  37|0x0000000087d00000, 0x0000000087e00000, 0x0000000087e00000|100%| O|  |TAMS 0x0000000087d00000| PB 0x0000000087d00000| Untracked 
|  38|0x0000000087e00000, 0x0000000087f00000, 0x0000000087f00000|100%| O|  |TAMS 0x0000000087e00000| PB 0x0000000087e00000| Untracked 
|  39|0x0000000087f00000, 0x0000000088000000, 0x0000000088000000|100%| O|  |TAMS 0x0000000087f00000| PB 0x0000000087f00000| Untracked 
|  40|0x0000000088000000, 0x0000000088100000, 0x0000000088100000|100%| O|  |TAMS 0x0000000088000000| PB 0x0000000088000000| Untracked 
|  41|0x0000000088100000, 0x0000000088200000, 0x0000000088200000|100%|HS|  |TAMS 0x0000000088100000| PB 0x0000000088100000| Complete 
|  42|0x0000000088200000, 0x0000000088300000, 0x0000000088300000|100%| O|  |TAMS 0x0000000088200000| PB 0x0000000088200000| Untracked 
|  43|0x0000000088300000, 0x0000000088400000, 0x0000000088400000|100%| O|  |TAMS 0x0000000088300000| PB 0x0000000088300000| Untracked 
|  44|0x0000000088400000, 0x0000000088500000, 0x0000000088500000|100%| O|  |TAMS 0x0000000088400000| PB 0x0000000088400000| Untracked 
|  45|0x0000000088500000, 0x0000000088600000, 0x0000000088600000|100%| O|  |TAMS 0x0000000088500000| PB 0x0000000088500000| Untracked 
|  46|0x0000000088600000, 0x0000000088700000, 0x0000000088700000|100%| O|  |TAMS 0x0000000088600000| PB 0x0000000088600000| Untracked 
|  47|0x0000000088700000, 0x0000000088800000, 0x0000000088800000|100%| O|  |TAMS 0x0000000088700000| PB 0x0000000088700000| Untracked 
|  48|0x0000000088800000, 0x0000000088900000, 0x0000000088900000|100%| O|  |TAMS 0x0000000088800000| PB 0x0000000088800000| Untracked 
|  49|0x0000000088900000, 0x0000000088a00000, 0x0000000088a00000|100%| O|  |TAMS 0x0000000088900000| PB 0x0000000088900000| Untracked 
|  50|0x0000000088a00000, 0x0000000088b00000, 0x0000000088b00000|100%| O|  |TAMS 0x0000000088a00000| PB 0x0000000088a00000| Untracked 
|  51|0x0000000088b00000, 0x0000000088c00000, 0x0000000088c00000|100%| O|  |TAMS 0x0000000088b00000| PB 0x0000000088b00000| Untracked 
|  52|0x0000000088c00000, 0x0000000088d00000, 0x0000000088d00000|100%| O|  |TAMS 0x0000000088c00000| PB 0x0000000088c00000| Untracked 
|  53|0x0000000088d00000, 0x0000000088e00000, 0x0000000088e00000|100%| O|  |TAMS 0x0000000088d00000| PB 0x0000000088d00000| Untracked 
|  54|0x0000000088e00000, 0x0000000088f00000, 0x0000000088f00000|100%| O|  |TAMS 0x0000000088e00000| PB 0x0000000088e00000| Untracked 
|  55|0x0000000088f00000, 0x0000000089000000, 0x0000000089000000|100%| O|  |TAMS 0x0000000088f00000| PB 0x0000000088f00000| Untracked 
|  56|0x0000000089000000, 0x0000000089100000, 0x0000000089100000|100%| O|  |TAMS 0x0000000089000000| PB 0x0000000089000000| Untracked 
|  57|0x0000000089100000, 0x0000000089200000, 0x0000000089200000|100%| O|  |TAMS 0x0000000089100000| PB 0x0000000089100000| Untracked 
|  58|0x0000000089200000, 0x0000000089300000, 0x0000000089300000|100%| O|  |TAMS 0x0000000089200000| PB 0x0000000089200000| Untracked 
|  59|0x0000000089300000, 0x0000000089400000, 0x0000000089400000|100%| O|  |TAMS 0x0000000089300000| PB 0x0000000089300000| Untracked 
|  60|0x0000000089400000, 0x0000000089500000, 0x0000000089500000|100%| O|  |TAMS 0x0000000089400000| PB 0x0000000089400000| Untracked 
|  61|0x0000000089500000, 0x0000000089600000, 0x0000000089600000|100%| O|  |TAMS 0x0000000089500000| PB 0x0000000089500000| Untracked 
|  62|0x0000000089600000, 0x0000000089700000, 0x0000000089700000|100%| O|  |TAMS 0x0000000089600000| PB 0x0000000089600000| Untracked 
|  63|0x0000000089700000, 0x0000000089800000, 0x0000000089800000|100%| O|  |TAMS 0x0000000089700000| PB 0x0000000089700000| Untracked 
|  64|0x0000000089800000, 0x0000000089900000, 0x0000000089900000|100%| O|  |TAMS 0x0000000089800000| PB 0x0000000089800000| Untracked 
|  65|0x0000000089900000, 0x0000000089a00000, 0x0000000089a00000|100%| O|  |TAMS 0x0000000089900000| PB 0x0000000089900000| Untracked 
|  66|0x0000000089a00000, 0x0000000089b00000, 0x0000000089b00000|100%| O|  |TAMS 0x0000000089a00000| PB 0x0000000089a00000| Untracked 
|  67|0x0000000089b00000, 0x0000000089c00000, 0x0000000089c00000|100%| O|  |TAMS 0x0000000089b00000| PB 0x0000000089b00000| Untracked 
|  68|0x0000000089c00000, 0x0000000089d00000, 0x0000000089d00000|100%| O|  |TAMS 0x0000000089c00000| PB 0x0000000089c00000| Untracked 
|  69|0x0000000089d00000, 0x0000000089d00000, 0x0000000089e00000|  0%| F|  |TAMS 0x0000000089d00000| PB 0x0000000089d00000| Untracked 
|  70|0x0000000089e00000, 0x0000000089f00000, 0x0000000089f00000|100%| O|  |TAMS 0x0000000089e00000| PB 0x0000000089e00000| Untracked 
|  71|0x0000000089f00000, 0x000000008a000000, 0x000000008a000000|100%| O|  |TAMS 0x0000000089f00000| PB 0x0000000089f00000| Untracked 
|  72|0x000000008a000000, 0x000000008a100000, 0x000000008a100000|100%| O|  |TAMS 0x000000008a000000| PB 0x000000008a000000| Untracked 
|  73|0x000000008a100000, 0x000000008a200000, 0x000000008a200000|100%| O|  |TAMS 0x000000008a100000| PB 0x000000008a100000| Untracked 
|  74|0x000000008a200000, 0x000000008a300000, 0x000000008a300000|100%| O|  |TAMS 0x000000008a200000| PB 0x000000008a200000| Untracked 
|  75|0x000000008a300000, 0x000000008a400000, 0x000000008a400000|100%| O|  |TAMS 0x000000008a300000| PB 0x000000008a300000| Untracked 
|  76|0x000000008a400000, 0x000000008a500000, 0x000000008a500000|100%| O|  |TAMS 0x000000008a400000| PB 0x000000008a400000| Untracked 
|  77|0x000000008a500000, 0x000000008a600000, 0x000000008a600000|100%| O|  |TAMS 0x000000008a500000| PB 0x000000008a500000| Untracked 
|  78|0x000000008a600000, 0x000000008a700000, 0x000000008a700000|100%| O|  |TAMS 0x000000008a600000| PB 0x000000008a600000| Untracked 
|  79|0x000000008a700000, 0x000000008a800000, 0x000000008a800000|100%| O|  |TAMS 0x000000008a700000| PB 0x000000008a700000| Untracked 
|  80|0x000000008a800000, 0x000000008a800000, 0x000000008a900000|  0%| F|  |TAMS 0x000000008a800000| PB 0x000000008a800000| Untracked 
|  81|0x000000008a900000, 0x000000008aa00000, 0x000000008aa00000|100%| O|  |TAMS 0x000000008a900000| PB 0x000000008a900000| Untracked 
|  82|0x000000008aa00000, 0x000000008ab00000, 0x000000008ab00000|100%| O|  |TAMS 0x000000008aa00000| PB 0x000000008aa00000| Untracked 
|  83|0x000000008ab00000, 0x000000008ac00000, 0x000000008ac00000|100%| O|  |TAMS 0x000000008ab00000| PB 0x000000008ab00000| Untracked 
|  84|0x000000008ac00000, 0x000000008ad00000, 0x000000008ad00000|100%| O|  |TAMS 0x000000008ac00000| PB 0x000000008ac00000| Untracked 
|  85|0x000000008ad00000, 0x000000008ae00000, 0x000000008ae00000|100%| O|  |TAMS 0x000000008ad00000| PB 0x000000008ad00000| Untracked 
|  86|0x000000008ae00000, 0x000000008af00000, 0x000000008af00000|100%| O|  |TAMS 0x000000008ae00000| PB 0x000000008ae00000| Untracked 
|  87|0x000000008af00000, 0x000000008b000000, 0x000000008b000000|100%| O|  |TAMS 0x000000008af00000| PB 0x000000008af00000| Untracked 
|  88|0x000000008b000000, 0x000000008b100000, 0x000000008b100000|100%| O|  |TAMS 0x000000008b000000| PB 0x000000008b000000| Untracked 
|  89|0x000000008b100000, 0x000000008b200000, 0x000000008b200000|100%| O|  |TAMS 0x000000008b100000| PB 0x000000008b100000| Untracked 
|  90|0x000000008b200000, 0x000000008b300000, 0x000000008b300000|100%| O|  |TAMS 0x000000008b200000| PB 0x000000008b200000| Untracked 
|  91|0x000000008b300000, 0x000000008b400000, 0x000000008b400000|100%| O|  |TAMS 0x000000008b300000| PB 0x000000008b300000| Untracked 
|  92|0x000000008b400000, 0x000000008b500000, 0x000000008b500000|100%| O|  |TAMS 0x000000008b400000| PB 0x000000008b400000| Untracked 
|  93|0x000000008b500000, 0x000000008b600000, 0x000000008b600000|100%| O|  |TAMS 0x000000008b500000| PB 0x000000008b500000| Untracked 
|  94|0x000000008b600000, 0x000000008b700000, 0x000000008b700000|100%| O|  |TAMS 0x000000008b600000| PB 0x000000008b600000| Untracked 
|  95|0x000000008b700000, 0x000000008b800000, 0x000000008b800000|100%| O|  |TAMS 0x000000008b700000| PB 0x000000008b700000| Untracked 
|  96|0x000000008b800000, 0x000000008b900000, 0x000000008b900000|100%| O|  |TAMS 0x000000008b800000| PB 0x000000008b800000| Untracked 
|  97|0x000000008b900000, 0x000000008ba00000, 0x000000008ba00000|100%| O|  |TAMS 0x000000008b900000| PB 0x000000008b900000| Untracked 
|  98|0x000000008ba00000, 0x000000008bb00000, 0x000000008bb00000|100%| O|  |TAMS 0x000000008ba00000| PB 0x000000008ba00000| Untracked 
|  99|0x000000008bb00000, 0x000000008bc00000, 0x000000008bc00000|100%| O|  |TAMS 0x000000008bb00000| PB 0x000000008bb00000| Untracked 
| 100|0x000000008bc00000, 0x000000008bd00000, 0x000000008bd00000|100%| O|  |TAMS 0x000000008bc00000| PB 0x000000008bc00000| Untracked 
| 101|0x000000008bd00000, 0x000000008bd667d8, 0x000000008be00000| 40%| O|  |TAMS 0x000000008bd00000| PB 0x000000008bd00000| Untracked 
| 102|0x000000008be00000, 0x000000008be00000, 0x000000008bf00000|  0%| F|  |TAMS 0x000000008be00000| PB 0x000000008be00000| Untracked 
| 103|0x000000008bf00000, 0x000000008bf00000, 0x000000008c000000|  0%| F|  |TAMS 0x000000008bf00000| PB 0x000000008bf00000| Untracked 
| 104|0x000000008c000000, 0x000000008c000000, 0x000000008c100000|  0%| F|  |TAMS 0x000000008c000000| PB 0x000000008c000000| Untracked 
| 105|0x000000008c100000, 0x000000008c100000, 0x000000008c200000|  0%| F|  |TAMS 0x000000008c100000| PB 0x000000008c100000| Untracked 
| 106|0x000000008c200000, 0x000000008c200000, 0x000000008c300000|  0%| F|  |TAMS 0x000000008c200000| PB 0x000000008c200000| Untracked 
| 107|0x000000008c300000, 0x000000008c300000, 0x000000008c400000|  0%| F|  |TAMS 0x000000008c300000| PB 0x000000008c300000| Untracked 
| 108|0x000000008c400000, 0x000000008c400000, 0x000000008c500000|  0%| F|  |TAMS 0x000000008c400000| PB 0x000000008c400000| Untracked 
| 109|0x000000008c500000, 0x000000008c600000, 0x000000008c600000|100%| S|CS|TAMS 0x000000008c500000| PB 0x000000008c500000| Complete 
| 110|0x000000008c600000, 0x000000008c700000, 0x000000008c700000|100%| S|CS|TAMS 0x000000008c600000| PB 0x000000008c600000| Complete 
| 111|0x000000008c700000, 0x000000008c800000, 0x000000008c800000|100%| S|CS|TAMS 0x000000008c700000| PB 0x000000008c700000| Complete 
| 112|0x000000008c800000, 0x000000008c900000, 0x000000008c900000|100%| S|CS|TAMS 0x000000008c800000| PB 0x000000008c800000| Complete 
| 113|0x000000008c900000, 0x000000008ca00000, 0x000000008ca00000|100%| S|CS|TAMS 0x000000008c900000| PB 0x000000008c900000| Complete 
| 114|0x000000008ca00000, 0x000000008cb00000, 0x000000008cb00000|100%| S|CS|TAMS 0x000000008ca00000| PB 0x000000008ca00000| Complete 
| 115|0x000000008cb00000, 0x000000008cb00000, 0x000000008cc00000|  0%| F|  |TAMS 0x000000008cb00000| PB 0x000000008cb00000| Untracked 
| 116|0x000000008cc00000, 0x000000008cc00000, 0x000000008cd00000|  0%| F|  |TAMS 0x000000008cc00000| PB 0x000000008cc00000| Untracked 
| 117|0x000000008cd00000, 0x000000008cd00000, 0x000000008ce00000|  0%| F|  |TAMS 0x000000008cd00000| PB 0x000000008cd00000| Untracked 
| 118|0x000000008ce00000, 0x000000008ce00000, 0x000000008cf00000|  0%| F|  |TAMS 0x000000008ce00000| PB 0x000000008ce00000| Untracked 
| 119|0x000000008cf00000, 0x000000008cf00000, 0x000000008d000000|  0%| F|  |TAMS 0x000000008cf00000| PB 0x000000008cf00000| Untracked 
| 120|0x000000008d000000, 0x000000008d000000, 0x000000008d100000|  0%| F|  |TAMS 0x000000008d000000| PB 0x000000008d000000| Untracked 
| 121|0x000000008d100000, 0x000000008d100000, 0x000000008d200000|  0%| F|  |TAMS 0x000000008d100000| PB 0x000000008d100000| Untracked 
| 122|0x000000008d200000, 0x000000008d200000, 0x000000008d300000|  0%| F|  |TAMS 0x000000008d200000| PB 0x000000008d200000| Untracked 
| 123|0x000000008d300000, 0x000000008d300000, 0x000000008d400000|  0%| F|  |TAMS 0x000000008d300000| PB 0x000000008d300000| Untracked 
| 124|0x000000008d400000, 0x000000008d400000, 0x000000008d500000|  0%| F|  |TAMS 0x000000008d400000| PB 0x000000008d400000| Untracked 
| 125|0x000000008d500000, 0x000000008d500000, 0x000000008d600000|  0%| F|  |TAMS 0x000000008d500000| PB 0x000000008d500000| Untracked 
| 126|0x000000008d600000, 0x000000008d600000, 0x000000008d700000|  0%| F|  |TAMS 0x000000008d600000| PB 0x000000008d600000| Untracked 
| 127|0x000000008d700000, 0x000000008d700000, 0x000000008d800000|  0%| F|  |TAMS 0x000000008d700000| PB 0x000000008d700000| Untracked 
| 128|0x000000008d800000, 0x000000008d800000, 0x000000008d900000|  0%| F|  |TAMS 0x000000008d800000| PB 0x000000008d800000| Untracked 
| 129|0x000000008d900000, 0x000000008d900000, 0x000000008da00000|  0%| F|  |TAMS 0x000000008d900000| PB 0x000000008d900000| Untracked 
| 130|0x000000008da00000, 0x000000008da00000, 0x000000008db00000|  0%| F|  |TAMS 0x000000008da00000| PB 0x000000008da00000| Untracked 
| 131|0x000000008db00000, 0x000000008db00000, 0x000000008dc00000|  0%| F|  |TAMS 0x000000008db00000| PB 0x000000008db00000| Untracked 
| 132|0x000000008dc00000, 0x000000008dc00000, 0x000000008dd00000|  0%| F|  |TAMS 0x000000008dc00000| PB 0x000000008dc00000| Untracked 
| 133|0x000000008dd00000, 0x000000008dd00000, 0x000000008de00000|  0%| F|  |TAMS 0x000000008dd00000| PB 0x000000008dd00000| Untracked 
| 134|0x000000008de00000, 0x000000008de00000, 0x000000008df00000|  0%| F|  |TAMS 0x000000008de00000| PB 0x000000008de00000| Untracked 
| 135|0x000000008df00000, 0x000000008df00000, 0x000000008e000000|  0%| F|  |TAMS 0x000000008df00000| PB 0x000000008df00000| Untracked 
| 136|0x000000008e000000, 0x000000008e000000, 0x000000008e100000|  0%| F|  |TAMS 0x000000008e000000| PB 0x000000008e000000| Untracked 
| 137|0x000000008e100000, 0x000000008e100000, 0x000000008e200000|  0%| F|  |TAMS 0x000000008e100000| PB 0x000000008e100000| Untracked 
| 138|0x000000008e200000, 0x000000008e200000, 0x000000008e300000|  0%| F|  |TAMS 0x000000008e200000| PB 0x000000008e200000| Untracked 
| 139|0x000000008e300000, 0x000000008e300000, 0x000000008e400000|  0%| F|  |TAMS 0x000000008e300000| PB 0x000000008e300000| Untracked 
| 140|0x000000008e400000, 0x000000008e400000, 0x000000008e500000|  0%| F|  |TAMS 0x000000008e400000| PB 0x000000008e400000| Untracked 
| 141|0x000000008e500000, 0x000000008e500000, 0x000000008e600000|  0%| F|  |TAMS 0x000000008e500000| PB 0x000000008e500000| Untracked 
| 142|0x000000008e600000, 0x000000008e600000, 0x000000008e700000|  0%| F|  |TAMS 0x000000008e600000| PB 0x000000008e600000| Untracked 
| 143|0x000000008e700000, 0x000000008e700000, 0x000000008e800000|  0%| F|  |TAMS 0x000000008e700000| PB 0x000000008e700000| Untracked 
| 144|0x000000008e800000, 0x000000008e800000, 0x000000008e900000|  0%| F|  |TAMS 0x000000008e800000| PB 0x000000008e800000| Untracked 
| 145|0x000000008e900000, 0x000000008e900000, 0x000000008ea00000|  0%| F|  |TAMS 0x000000008e900000| PB 0x000000008e900000| Untracked 
| 146|0x000000008ea00000, 0x000000008ea00000, 0x000000008eb00000|  0%| F|  |TAMS 0x000000008ea00000| PB 0x000000008ea00000| Untracked 
| 147|0x000000008eb00000, 0x000000008eb00000, 0x000000008ec00000|  0%| F|  |TAMS 0x000000008eb00000| PB 0x000000008eb00000| Untracked 
| 148|0x000000008ec00000, 0x000000008ec00000, 0x000000008ed00000|  0%| F|  |TAMS 0x000000008ec00000| PB 0x000000008ec00000| Untracked 
| 149|0x000000008ed00000, 0x000000008ed00000, 0x000000008ee00000|  0%| F|  |TAMS 0x000000008ed00000| PB 0x000000008ed00000| Untracked 
| 150|0x000000008ee00000, 0x000000008ee00000, 0x000000008ef00000|  0%| F|  |TAMS 0x000000008ee00000| PB 0x000000008ee00000| Untracked 
| 151|0x000000008ef00000, 0x000000008ef00000, 0x000000008f000000|  0%| F|  |TAMS 0x000000008ef00000| PB 0x000000008ef00000| Untracked 
| 152|0x000000008f000000, 0x000000008f000000, 0x000000008f100000|  0%| F|  |TAMS 0x000000008f000000| PB 0x000000008f000000| Untracked 
| 153|0x000000008f100000, 0x000000008f100000, 0x000000008f200000|  0%| F|  |TAMS 0x000000008f100000| PB 0x000000008f100000| Untracked 
| 154|0x000000008f200000, 0x000000008f200000, 0x000000008f300000|  0%| F|  |TAMS 0x000000008f200000| PB 0x000000008f200000| Untracked 
| 155|0x000000008f300000, 0x000000008f300000, 0x000000008f400000|  0%| F|  |TAMS 0x000000008f300000| PB 0x000000008f300000| Untracked 
|1956|0x00000000ffc00000, 0x00000000ffc00000, 0x00000000ffd00000|  0%| F|  |TAMS 0x00000000ffc00000| PB 0x00000000ffc00000| Untracked 
|1957|0x00000000ffd00000, 0x00000000ffe00000, 0x00000000ffe00000|100%| O|  |TAMS 0x00000000ffd00000| PB 0x00000000ffd00000| Untracked 
|1958|0x00000000ffe00000, 0x00000000fff00000, 0x00000000fff00000|100%| O|  |TAMS 0x00000000ffe00000| PB 0x00000000ffe00000| Untracked 
|1959|0x00000000fff00000, 0x0000000100000000, 0x0000000100000000|100%| O|  |TAMS 0x00000000fff00000| PB 0x00000000fff00000| Untracked 

Card table byte_map: [0x00000242cd3f0000,0x00000242cd7d0000] _byte_map_base: 0x00000242ccfc4000

Marking Bits: (CMBitMap*) 0x00000242ba9bd700
 Bits: [0x00000242cd7d0000, 0x00000242cf670000)

Polling page: 0x00000242b85d0000

Metaspace:

Usage:
  Non-class:     44.73 MB used.
      Class:      5.61 MB used.
       Both:     50.34 MB used.

Virtual space:
  Non-class space:       64.00 MB reserved,      44.88 MB ( 70%) committed,  1 nodes.
      Class space:        1.00 GB reserved,       5.75 MB ( <1%) committed,  1 nodes.
             Both:        1.06 GB reserved,      50.62 MB (  5%) committed. 

Chunk freelists:
   Non-Class:  2.52 MB
       Class:  10.22 MB
        Both:  12.73 MB

MaxMetaspaceSize: unlimited
CompressedClassSpaceSize: 1.00 GB
Initial GC threshold: 21.00 MB
Current GC threshold: 84.38 MB
CDS: off
 - commit_granule_bytes: 65536.
 - commit_granule_words: 8192.
 - virtual_space_node_default_size: 8388608.
 - enlarge_chunks_in_place: 1.
 - use_allocation_guard: 0.


Internal statistics:

num_allocs_failed_limit: 3.
num_arena_births: 238.
num_arena_deaths: 0.
num_vsnodes_births: 2.
num_vsnodes_deaths: 0.
num_space_committed: 808.
num_space_uncommitted: 0.
num_chunks_returned_to_freelist: 3.
num_chunks_taken_from_freelist: 1756.
num_chunk_merges: 3.
num_chunk_splits: 1438.
num_chunks_enlarged: 1301.
num_inconsistent_stats: 0.

CodeHeap 'non-profiled nmethods': size=120000Kb used=3222Kb max_used=3341Kb free=116778Kb
 bounds [0x00000242c5590000, 0x00000242c58e0000, 0x00000242ccac0000]
CodeHeap 'profiled nmethods': size=120000Kb used=11994Kb max_used=12413Kb free=108005Kb
 bounds [0x00000242bdac0000, 0x00000242be6f0000, 0x00000242c4ff0000]
CodeHeap 'non-nmethods': size=5760Kb used=1576Kb max_used=1644Kb free=4183Kb
 bounds [0x00000242c4ff0000, 0x00000242c5260000, 0x00000242c5590000]
 total_blobs=5402 nmethods=4760 adapters=545
 compilation: enabled
              stopped_count=0, restarted_count=0
 full_count=0

Compilation events (20 events):
Event: 5.309 Thread 0x00000242d24e5630 5559       3       org.jetbrains.kotlin.load.kotlin.FileBasedKotlinClass$4$2::<init> (38 bytes)
Event: 5.310 Thread 0x00000242d24e5630 nmethod 5559 0x00000242bdc28090 code [0x00000242bdc28240, 0x00000242bdc284c0]
Event: 5.310 Thread 0x00000242d24e5630 5560       3       org.jetbrains.kotlin.fir.deserialization.FirMemberDeserializer::valueParameters (446 bytes)
Event: 5.318 Thread 0x00000242d24e5630 nmethod 5560 0x00000242be2f6910 code [0x00000242be2f7580, 0x00000242be2fe788]
Event: 5.319 Thread 0x00000242d24e5630 5562       3       org.jetbrains.kotlin.metadata.deserialization.Flags$EnumLiteFlagField::toFlags (9 bytes)
Event: 5.319 Thread 0x00000242d24e5630 nmethod 5562 0x00000242bdaea310 code [0x00000242bdaea4e0, 0x00000242bdaea828]
Event: 5.319 Thread 0x00000242d24e5630 5563       3       org.jetbrains.kotlin.metadata.deserialization.Flags$EnumLiteFlagField::toFlags (12 bytes)
Event: 5.319 Thread 0x00000242d24e5630 nmethod 5563 0x00000242bdcdf310 code [0x00000242bdcdf4c0, 0x00000242bdcdf6a0]
Event: 5.320 Thread 0x00000242d24e5630 5561       3       org.jetbrains.kotlin.fir.declarations.DeprecationUtilsKt::getDeprecationsProviderFromAnnotations (31 bytes)
Event: 5.320 Thread 0x00000242d7dae070 nmethod 5521 0x00000242c55db210 code [0x00000242c55db3e0, 0x00000242c55db728]
Event: 5.320 Thread 0x00000242d7dae070 5569       4       org.jetbrains.kotlin.metadata.jvm.deserialization.PackageParts::getMultifileFacadeName (18 bytes)
Event: 5.321 Thread 0x00000242d24e5630 nmethod 5561 0x00000242bdf35490 code [0x00000242bdf357e0, 0x00000242bdf36820]
Event: 5.321 Thread 0x00000242d24e5630 5566       1       org.jetbrains.kotlin.fir.types.impl.FirFunctionTypeRefImpl::getAnnotations-5e3fPpI (5 bytes)
Event: 5.321 Thread 0x00000242d24e5630 nmethod 5566 0x00000242c5807a90 code [0x00000242c5807c20, 0x00000242c5807ce8]
Event: 5.321 Thread 0x00000242d24e5630 5567       1       org.jetbrains.kotlin.fir.types.impl.FirFunctionTypeRefImpl::getReceiverTypeRef (5 bytes)
Event: 5.321 Thread 0x00000242d24e5630 nmethod 5567 0x00000242c55c5b90 code [0x00000242c55c5d20, 0x00000242c55c5de8]
Event: 5.321 Thread 0x00000242d24e5630 5568       1       org.jetbrains.kotlin.fir.types.impl.FirFunctionTypeRefImpl::getContextReceiverTypeRefs (5 bytes)
Event: 5.321 Thread 0x00000242d24e5630 nmethod 5568 0x00000242c55d9110 code [0x00000242c55d92a0, 0x00000242c55d9368]
Event: 5.337 Thread 0x00000242d7dae070 nmethod 5569 0x00000242c55e8d10 code [0x00000242c55e8f20, 0x00000242c55e9508]
Event: 5.337 Thread 0x00000242d7dae070 5573       4       org.jetbrains.org.objectweb.asm.ClassReader::readMethod (1061 bytes)

GC Heap History (20 events):
Event: 3.688 GC heap after
{Heap after GC invocations=12 (full 0):
 garbage-first heap   total 92160K, used 45568K [0x0000000085800000, 0x0000000100000000)
  region size 1024K, 4 young (4096K), 4 survivors (4096K)
 Metaspace       used 45887K, committed 46144K, reserved 1114112K
  class space    used 5190K, committed 5312K, reserved 1048576K
}
Event: 4.123 GC heap before
{Heap before GC invocations=13 (full 0):
 garbage-first heap   total 92160K, used 73216K [0x0000000085800000, 0x0000000100000000)
  region size 1024K, 32 young (32768K), 4 survivors (4096K)
 Metaspace       used 49690K, committed 49984K, reserved 1114112K
  class space    used 5624K, committed 5760K, reserved 1048576K
}
Event: 4.134 GC heap after
{Heap after GC invocations=14 (full 0):
 garbage-first heap   total 92160K, used 50176K [0x0000000085800000, 0x0000000100000000)
  region size 1024K, 4 young (4096K), 4 survivors (4096K)
 Metaspace       used 49690K, committed 49984K, reserved 1114112K
  class space    used 5624K, committed 5760K, reserved 1048576K
}
Event: 4.399 GC heap before
{Heap before GC invocations=14 (full 0):
 garbage-first heap   total 92160K, used 77824K [0x0000000085800000, 0x0000000100000000)
  region size 1024K, 30 young (30720K), 4 survivors (4096K)
 Metaspace       used 50567K, committed 50816K, reserved 1114112K
  class space    used 5695K, committed 5824K, reserved 1048576K
}
Event: 4.414 GC heap after
{Heap after GC invocations=15 (full 0):
 garbage-first heap   total 92160K, used 59392K [0x0000000085800000, 0x0000000100000000)
  region size 1024K, 4 young (4096K), 4 survivors (4096K)
 Metaspace       used 50567K, committed 50816K, reserved 1114112K
  class space    used 5695K, committed 5824K, reserved 1048576K
}
Event: 4.488 GC heap before
{Heap before GC invocations=15 (full 0):
 garbage-first heap   total 92160K, used 77824K [0x0000000085800000, 0x0000000100000000)
  region size 1024K, 22 young (22528K), 4 survivors (4096K)
 Metaspace       used 50684K, committed 51008K, reserved 1114112K
  class space    used 5698K, committed 5824K, reserved 1048576K
}
Event: 4.498 GC heap after
{Heap after GC invocations=16 (full 0):
 garbage-first heap   total 92160K, used 66048K [0x0000000085800000, 0x0000000100000000)
  region size 1024K, 3 young (3072K), 3 survivors (3072K)
 Metaspace       used 50684K, committed 51008K, reserved 1114112K
  class space    used 5698K, committed 5824K, reserved 1048576K
}
Event: 4.750 GC heap before
{Heap before GC invocations=17 (full 0):
 garbage-first heap   total 111616K, used 80384K [0x0000000085800000, 0x0000000100000000)
  region size 1024K, 17 young (17408K), 3 survivors (3072K)
 Metaspace       used 51250K, committed 51584K, reserved 1114112K
  class space    used 5737K, committed 5888K, reserved 1048576K
}
Event: 4.757 GC heap after
{Heap after GC invocations=18 (full 0):
 garbage-first heap   total 111616K, used 69632K [0x0000000085800000, 0x0000000100000000)
  region size 1024K, 3 young (3072K), 3 survivors (3072K)
 Metaspace       used 51250K, committed 51584K, reserved 1114112K
  class space    used 5737K, committed 5888K, reserved 1048576K
}
Event: 4.865 GC heap before
{Heap before GC invocations=18 (full 0):
 garbage-first heap   total 111616K, used 93184K [0x0000000085800000, 0x0000000100000000)
  region size 1024K, 27 young (27648K), 3 survivors (3072K)
 Metaspace       used 51451K, committed 51776K, reserved 1114112K
  class space    used 5742K, committed 5888K, reserved 1048576K
}
Event: 4.876 GC heap after
{Heap after GC invocations=19 (full 0):
 garbage-first heap   total 141312K, used 76354K [0x0000000085800000, 0x0000000100000000)
  region size 1024K, 4 young (4096K), 4 survivors (4096K)
 Metaspace       used 51451K, committed 51776K, reserved 1114112K
  class space    used 5742K, committed 5888K, reserved 1048576K
}
Event: 5.031 GC heap before
{Heap before GC invocations=19 (full 0):
 garbage-first heap   total 141312K, used 115266K [0x0000000085800000, 0x0000000100000000)
  region size 1024K, 42 young (43008K), 4 survivors (4096K)
 Metaspace       used 51535K, committed 51840K, reserved 1114112K
  class space    used 5745K, committed 5888K, reserved 1048576K
}
Event: 5.040 GC heap after
{Heap after GC invocations=20 (full 0):
 garbage-first heap   total 141312K, used 84377K [0x0000000085800000, 0x0000000100000000)
  region size 1024K, 6 young (6144K), 6 survivors (6144K)
 Metaspace       used 51535K, committed 51840K, reserved 1114112K
  class space    used 5745K, committed 5888K, reserved 1048576K
}
Event: 5.105 GC heap before
{Heap before GC invocations=20 (full 0):
 garbage-first heap   total 141312K, used 117145K [0x0000000085800000, 0x0000000100000000)
  region size 1024K, 38 young (38912K), 6 survivors (6144K)
 Metaspace       used 51535K, committed 51840K, reserved 1114112K
  class space    used 5745K, committed 5888K, reserved 1048576K
}
Event: 5.111 GC heap after
{Heap after GC invocations=21 (full 0):
 garbage-first heap   total 141312K, used 91136K [0x0000000085800000, 0x0000000100000000)
  region size 1024K, 5 young (5120K), 5 survivors (5120K)
 Metaspace       used 51535K, committed 51840K, reserved 1114112K
  class space    used 5745K, committed 5888K, reserved 1048576K
}
Event: 5.175 GC heap before
{Heap before GC invocations=21 (full 0):
 garbage-first heap   total 141312K, used 121856K [0x0000000085800000, 0x0000000100000000)
  region size 1024K, 35 young (35840K), 5 survivors (5120K)
 Metaspace       used 51535K, committed 51840K, reserved 1114112K
  class space    used 5745K, committed 5888K, reserved 1048576K
}
Event: 5.180 GC heap after
{Heap after GC invocations=22 (full 0):
 garbage-first heap   total 141312K, used 97738K [0x0000000085800000, 0x0000000100000000)
  region size 1024K, 5 young (5120K), 5 survivors (5120K)
 Metaspace       used 51535K, committed 51840K, reserved 1114112K
  class space    used 5745K, committed 5888K, reserved 1048576K
}
Event: 5.263 GC heap before
{Heap before GC invocations=23 (full 0):
 garbage-first heap   total 163840K, used 124362K [0x0000000085800000, 0x0000000100000000)
  region size 1024K, 31 young (31744K), 5 survivors (5120K)
 Metaspace       used 51535K, committed 51840K, reserved 1114112K
  class space    used 5745K, committed 5888K, reserved 1048576K
}
Event: 5.270 GC heap after
{Heap after GC invocations=24 (full 0):
 garbage-first heap   total 163840K, used 103217K [0x0000000085800000, 0x0000000100000000)
  region size 1024K, 4 young (4096K), 4 survivors (4096K)
 Metaspace       used 51535K, committed 51840K, reserved 1114112K
  class space    used 5745K, committed 5888K, reserved 1048576K
}
Event: 5.384 GC heap before
{Heap before GC invocations=24 (full 0):
 garbage-first heap   total 163840K, used 142129K [0x0000000085800000, 0x0000000100000000)
  region size 1024K, 42 young (43008K), 4 survivors (4096K)
 Metaspace       used 51548K, committed 51840K, reserved 1114112K
  class space    used 5746K, committed 5888K, reserved 1048576K
}

Dll operation events (3 events):
Event: 0.013 Loaded shared library C:\Program Files\Android\Android Studio\jbr\bin\java.dll
Event: 0.024 Loaded shared library C:\Program Files\Android\Android Studio\jbr\bin\zip.dll
Event: 1.474 Loaded shared library C:\Program Files\Android\Android Studio\jbr\bin\verify.dll

Deoptimization events (20 events):
Event: 4.923 Thread 0x00000242b8632f40 DEOPT PACKING pc=0x00000242c58a4428 sp=0x00000079e97fb590
Event: 4.923 Thread 0x00000242b8632f40 DEOPT UNPACKING pc=0x00000242c50446a2 sp=0x00000079e97fb560 mode 2
Event: 4.945 Thread 0x00000242b8632f40 DEOPT PACKING pc=0x00000242bdaedb22 sp=0x00000079e97fb780
Event: 4.945 Thread 0x00000242b8632f40 DEOPT UNPACKING pc=0x00000242c5044e42 sp=0x00000079e97fac18 mode 0
Event: 4.958 Thread 0x00000242b8632f40 Uncommon trap: trap_request=0xffffff54 fr.pc=0x00000242c58a8144 relative=0x0000000000000264
Event: 4.958 Thread 0x00000242b8632f40 Uncommon trap: reason=speculate_null_assert action=make_not_entrant pc=0x00000242c58a8144 method=org.jetbrains.kotlin.com.intellij.openapi.vfs.VfsUtilCore.isAncestor(Lorg/jetbrains/kotlin/com/intellij/openapi/vfs/VirtualFile;Lorg/jetbrains/kotlin/com/inte
Event: 4.958 Thread 0x00000242b8632f40 DEOPT PACKING pc=0x00000242c58a8144 sp=0x00000079e97fb780
Event: 4.958 Thread 0x00000242b8632f40 DEOPT UNPACKING pc=0x00000242c50446a2 sp=0x00000079e97fb6a8 mode 2
Event: 4.959 Thread 0x00000242b8632f40 Uncommon trap: trap_request=0xffffff54 fr.pc=0x00000242c57617e8 relative=0x0000000000000308
Event: 4.959 Thread 0x00000242b8632f40 Uncommon trap: reason=speculate_null_assert action=make_not_entrant pc=0x00000242c57617e8 method=org.jetbrains.kotlin.com.intellij.openapi.vfs.VfsUtilCore.isAncestor(Lorg/jetbrains/kotlin/com/intellij/openapi/vfs/VirtualFile;Lorg/jetbrains/kotlin/com/inte
Event: 4.959 Thread 0x00000242b8632f40 DEOPT PACKING pc=0x00000242c57617e8 sp=0x00000079e97fb770
Event: 4.959 Thread 0x00000242b8632f40 DEOPT UNPACKING pc=0x00000242c50446a2 sp=0x00000079e97fb6a8 mode 2
Event: 5.087 Thread 0x00000242b8632f40 DEOPT PACKING pc=0x00000242be5c4a0c sp=0x00000079e97fb990
Event: 5.087 Thread 0x00000242b8632f40 DEOPT UNPACKING pc=0x00000242c5044e42 sp=0x00000079e97fae90 mode 0
Event: 5.088 Thread 0x00000242b8632f40 Uncommon trap: trap_request=0xffffffcc fr.pc=0x00000242c58c3904 relative=0x0000000000005944
Event: 5.088 Thread 0x00000242b8632f40 Uncommon trap: reason=intrinsic_or_type_checked_inlining action=make_not_entrant pc=0x00000242c58c3904 method=java.util.ArrayList$SubList.toArray([Ljava/lang/Object;)[Ljava/lang/Object; @ 58 c2
Event: 5.088 Thread 0x00000242b8632f40 DEOPT PACKING pc=0x00000242c58c3904 sp=0x00000079e97fb250
Event: 5.089 Thread 0x00000242b8632f40 DEOPT UNPACKING pc=0x00000242c50446a2 sp=0x00000079e97fafe8 mode 2
Event: 5.102 Thread 0x00000242b8632f40 DEOPT PACKING pc=0x00000242be5c4a0c sp=0x00000079e97fb990
Event: 5.102 Thread 0x00000242b8632f40 DEOPT UNPACKING pc=0x00000242c5044e42 sp=0x00000079e97fae90 mode 0

Classes loaded (20 events):
Event: 2.676 Loading class java/math/RoundingMode
Event: 2.676 Loading class java/math/RoundingMode done
Event: 3.612 Loading class java/util/PriorityQueue
Event: 3.613 Loading class java/util/PriorityQueue done
Event: 3.904 Loading class java/security/AccessControlException
Event: 3.904 Loading class java/security/AccessControlException done
Event: 3.924 Loading class java/text/StringCharacterIterator
Event: 3.924 Loading class java/text/CharacterIterator
Event: 3.924 Loading class java/text/CharacterIterator done
Event: 3.924 Loading class java/text/StringCharacterIterator done
Event: 3.977 Loading class java/lang/annotation/ElementType
Event: 3.977 Loading class java/lang/annotation/ElementType done
Event: 3.977 Loading class java/lang/Deprecated
Event: 3.977 Loading class java/lang/Deprecated done
Event: 3.977 Loading class java/lang/Override
Event: 3.977 Loading class java/lang/Override done
Event: 4.260 Loading class java/util/ArrayList$SubList$1
Event: 4.260 Loading class java/util/ArrayList$SubList$1 done
Event: 4.361 Loading class java/util/AbstractList$ListItr
Event: 4.361 Loading class java/util/AbstractList$ListItr done

Classes unloaded (0 events):
No events

Classes redefined (0 events):
No events

Internal exceptions (20 events):
Event: 3.103 Thread 0x00000242b8632f40 Implicit null exception at 0x00000242c5700447 to 0x00000242c57059e4
Event: 3.103 Thread 0x00000242b8632f40 Implicit null exception at 0x00000242c5700447 to 0x00000242c57059e4
Event: 3.103 Thread 0x00000242b8632f40 Implicit null exception at 0x00000242c56e6350 to 0x00000242c56e7b6c
Event: 3.118 Thread 0x00000242b8632f40 Implicit null exception at 0x00000242c5731148 to 0x00000242c5735528
Event: 3.118 Thread 0x00000242b8632f40 Implicit null exception at 0x00000242c5731148 to 0x00000242c5735528
Event: 3.118 Thread 0x00000242b8632f40 Implicit null exception at 0x00000242c5731148 to 0x00000242c5735528
Event: 3.118 Thread 0x00000242b8632f40 Implicit null exception at 0x00000242c5731148 to 0x00000242c5735528
Event: 3.118 Thread 0x00000242b8632f40 Implicit null exception at 0x00000242c5731148 to 0x00000242c5735528
Event: 3.118 Thread 0x00000242b8632f40 Implicit null exception at 0x00000242c5731148 to 0x00000242c5735528
Event: 3.118 Thread 0x00000242b8632f40 Implicit null exception at 0x00000242c5731148 to 0x00000242c5735528
Event: 3.118 Thread 0x00000242b8632f40 Implicit null exception at 0x00000242c5731148 to 0x00000242c5735528
Event: 3.118 Thread 0x00000242b8632f40 Implicit null exception at 0x00000242c5731148 to 0x00000242c5735528
Event: 3.118 Thread 0x00000242b8632f40 Implicit null exception at 0x00000242c5731148 to 0x00000242c5735528
Event: 3.118 Thread 0x00000242b8632f40 Implicit null exception at 0x00000242c5731148 to 0x00000242c5735528
Event: 3.118 Thread 0x00000242b8632f40 Implicit null exception at 0x00000242c56e963c to 0x00000242c56e9e88
Event: 3.884 Thread 0x00000242b8632f40 Exception <a 'java/lang/NoSuchMethodError'{0x000000008a1cd910}: 'java.lang.Object java.lang.invoke.DirectMethodHandle$Holder.newInvokeSpecial(java.lang.Object, java.lang.Object, java.lang.Object, int, java.lang.Object)'> (0x000000008a1cd910) 
thrown [s\src\hotspot\share\interpreter\linkResolver.cpp, line 784]
Event: 4.054 Thread 0x00000242b8632f40 Implicit null exception at 0x00000242c57f6c89 to 0x00000242c57f7518
Event: 4.054 Thread 0x00000242b8632f40 Implicit null exception at 0x00000242c55cb93d to 0x00000242c55cb9b9
Event: 4.054 Thread 0x00000242b8632f40 Implicit null exception at 0x00000242c57e3e1e to 0x00000242c57e4038
Event: 4.056 Thread 0x00000242b8632f40 Implicit null exception at 0x00000242c5802c98 to 0x00000242c5802e54

ZGC Phase Switch (0 events):
No events

VM Operations (20 events):
Event: 4.552 Executing VM operation: G1PauseCleanup done
Event: 4.745 Executing VM operation: ICBufferFull
Event: 4.745 Executing VM operation: ICBufferFull done
Event: 4.750 Executing VM operation: G1CollectForAllocation (G1 Evacuation Pause)
Event: 4.757 Executing VM operation: G1CollectForAllocation (G1 Evacuation Pause) done
Event: 4.865 Executing VM operation: G1CollectForAllocation (G1 Evacuation Pause)
Event: 4.876 Executing VM operation: G1CollectForAllocation (G1 Evacuation Pause) done
Event: 5.031 Executing VM operation: G1CollectForAllocation (G1 Evacuation Pause)
Event: 5.040 Executing VM operation: G1CollectForAllocation (G1 Evacuation Pause) done
Event: 5.105 Executing VM operation: G1CollectForAllocation (G1 Evacuation Pause)
Event: 5.111 Executing VM operation: G1CollectForAllocation (G1 Evacuation Pause) done
Event: 5.175 Executing VM operation: G1CollectForAllocation (G1 Evacuation Pause)
Event: 5.180 Executing VM operation: G1CollectForAllocation (G1 Evacuation Pause) done
Event: 5.224 Executing VM operation: G1PauseRemark
Event: 5.231 Executing VM operation: G1PauseRemark done
Event: 5.253 Executing VM operation: G1PauseCleanup
Event: 5.254 Executing VM operation: G1PauseCleanup done
Event: 5.263 Executing VM operation: G1CollectForAllocation (G1 Evacuation Pause)
Event: 5.270 Executing VM operation: G1CollectForAllocation (G1 Evacuation Pause) done
Event: 5.383 Executing VM operation: G1CollectForAllocation (G1 Evacuation Pause)

Memory protections (0 events):
No events

Nmethod flushes (20 events):
Event: 5.230 Thread 0x00000242d2460800 flushing  nmethod 0x00000242bdef8f10
Event: 5.230 Thread 0x00000242d2460800 flushing  nmethod 0x00000242bdf33b10
Event: 5.230 Thread 0x00000242d2460800 flushing  nmethod 0x00000242bdf33f10
Event: 5.230 Thread 0x00000242d2460800 flushing  nmethod 0x00000242bdf34e10
Event: 5.230 Thread 0x00000242d2460800 flushing  nmethod 0x00000242bdf35890
Event: 5.230 Thread 0x00000242d2460800 flushing  nmethod 0x00000242bdf38110
Event: 5.230 Thread 0x00000242d2460800 flushing  nmethod 0x00000242bdf38b90
Event: 5.230 Thread 0x00000242d2460800 flushing  nmethod 0x00000242be2dc690
Event: 5.230 Thread 0x00000242d2460800 flushing  nmethod 0x00000242be2e0010
Event: 5.230 Thread 0x00000242d2460800 flushing  nmethod 0x00000242be2f3a90
Event: 5.230 Thread 0x00000242d2460800 flushing  nmethod 0x00000242be2f5790
Event: 5.230 Thread 0x00000242d2460800 flushing  nmethod 0x00000242be301b90
Event: 5.230 Thread 0x00000242d2460800 flushing  nmethod 0x00000242be33e390
Event: 5.230 Thread 0x00000242d2460800 flushing  nmethod 0x00000242be33ee90
Event: 5.230 Thread 0x00000242d2460800 flushing  nmethod 0x00000242be344910
Event: 5.230 Thread 0x00000242d2460800 flushing  nmethod 0x00000242be346310
Event: 5.230 Thread 0x00000242d2460800 flushing  nmethod 0x00000242be362390
Event: 5.230 Thread 0x00000242d2460800 flushing  nmethod 0x00000242be3a5910
Event: 5.230 Thread 0x00000242d2460800 flushing  nmethod 0x00000242be3ade90
Event: 5.230 Thread 0x00000242d2460800 flushing  nmethod 0x00000242be56e690

Events (20 events):
Event: 0.078 Thread 0x00000242b8632f40 Thread added: 0x00000242d24b4930
Event: 0.078 Thread 0x00000242b8632f40 Thread added: 0x00000242d24c4450
Event: 0.079 Thread 0x00000242b8632f40 Thread added: 0x00000242d24cd630
Event: 0.079 Thread 0x00000242b8632f40 Thread added: 0x00000242d24d2bf0
Event: 0.079 Thread 0x00000242b8632f40 Thread added: 0x00000242d24d0460
Event: 0.079 Thread 0x00000242b8632f40 Thread added: 0x00000242d24dbf80
Event: 0.080 Thread 0x00000242b8632f40 Thread added: 0x00000242d24e0b90
Event: 0.080 Thread 0x00000242b8632f40 Thread added: 0x00000242d24e5630
Event: 0.116 Thread 0x00000242b8632f40 Thread added: 0x00000242d267f500
Event: 0.124 Thread 0x00000242b8632f40 Thread added: 0x00000242d26aad60
Event: 0.135 Loaded shared library C:\Program Files\Android\Android Studio\jbr\bin\net.dll
Event: 0.138 Loaded shared library C:\Program Files\Android\Android Studio\jbr\bin\nio.dll
Event: 0.156 Thread 0x00000242d24e0b90 Thread added: 0x00000242d2729620
Event: 0.156 Thread 0x00000242d24e0b90 Thread added: 0x00000242d2729cc0
Event: 0.165 Loaded shared library C:\Program Files\Android\Android Studio\jbr\bin\zip.dll
Event: 0.195 Loaded shared library C:\Program Files\Android\Android Studio\jbr\bin\jimage.dll
Event: 0.665 Thread 0x00000242d2729cc0 Thread exited: 0x00000242d2729cc0
Event: 0.673 Thread 0x00000242d2729620 Thread exited: 0x00000242d2729620
Event: 1.538 Thread 0x00000242d24e5630 Thread added: 0x00000242d7dae070
Event: 1.542 Thread 0x00000242d24e5630 Thread added: 0x00000242d7dae710


Dynamic libraries:
0x00007ff6c17a0000 - 0x00007ff6c17aa000 	C:\Program Files\Android\Android Studio\jbr\bin\java.exe
0x00007ff96c780000 - 0x00007ff96c9e8000 	C:\WINDOWS\SYSTEM32\ntdll.dll
0x00007ff96b9d0000 - 0x00007ff96ba99000 	C:\WINDOWS\System32\KERNEL32.DLL
0x00007ff96a100000 - 0x00007ff96a4ed000 	C:\WINDOWS\System32\KERNELBASE.dll
0x00007ff969cb0000 - 0x00007ff969dfb000 	C:\WINDOWS\System32\ucrtbase.dll
0x00007ff946690000 - 0x00007ff9466a8000 	C:\Program Files\Android\Android Studio\jbr\bin\jli.dll
0x00007ff931a00000 - 0x00007ff931a1b000 	C:\Program Files\Android\Android Studio\jbr\bin\VCRUNTIME140.dll
0x00007ff96b030000 - 0x00007ff96b1fc000 	C:\WINDOWS\System32\USER32.dll
0x00007ff96a4f0000 - 0x00007ff96a517000 	C:\WINDOWS\System32\win32u.dll
0x00007ff945ec0000 - 0x00007ff94615a000 	C:\WINDOWS\WinSxS\amd64_microsoft.windows.common-controls_6595b64144ccf1df_6.0.26100.4484_none_3e0e6d4ce32ef3b3\COMCTL32.dll
0x00007ff96aea0000 - 0x00007ff96aecb000 	C:\WINDOWS\System32\GDI32.dll
0x00007ff969ad0000 - 0x00007ff969c07000 	C:\WINDOWS\System32\gdi32full.dll
0x00007ff96aed0000 - 0x00007ff96af79000 	C:\WINDOWS\System32\msvcrt.dll
0x00007ff969a20000 - 0x00007ff969ac3000 	C:\WINDOWS\System32\msvcp_win.dll
0x00007ff96b7f0000 - 0x00007ff96b81f000 	C:\WINDOWS\System32\IMM32.DLL
0x00007ff9468a0000 - 0x00007ff9468ac000 	C:\Program Files\Android\Android Studio\jbr\bin\vcruntime140_1.dll
0x00007ff902ef0000 - 0x00007ff902f7d000 	C:\Program Files\Android\Android Studio\jbr\bin\msvcp140.dll
0x00007ff8efdf0000 - 0x00007ff8f0a7a000 	C:\Program Files\Android\Android Studio\jbr\bin\server\jvm.dll
0x00007ff96be30000 - 0x00007ff96bee4000 	C:\WINDOWS\System32\ADVAPI32.dll
0x00007ff96b740000 - 0x00007ff96b7e6000 	C:\WINDOWS\System32\sechost.dll
0x00007ff96b3f0000 - 0x00007ff96b508000 	C:\WINDOWS\System32\RPCRT4.dll
0x00007ff96b830000 - 0x00007ff96b8a4000 	C:\WINDOWS\System32\WS2_32.dll
0x00007ff968fd0000 - 0x00007ff96902e000 	C:\WINDOWS\SYSTEM32\POWRPROF.dll
0x00007ff95dc30000 - 0x00007ff95dc3b000 	C:\WINDOWS\SYSTEM32\VERSION.dll
0x00007ff95aa20000 - 0x00007ff95aa55000 	C:\WINDOWS\SYSTEM32\WINMM.dll
0x00007ff968f40000 - 0x00007ff968f54000 	C:\WINDOWS\SYSTEM32\UMPDC.dll
0x00007ff968670000 - 0x00007ff96868b000 	C:\WINDOWS\SYSTEM32\kernel.appcore.dll
0x00007ff93e430000 - 0x00007ff93e43a000 	C:\Program Files\Android\Android Studio\jbr\bin\jimage.dll
0x00007ff9671a0000 - 0x00007ff9673e1000 	C:\WINDOWS\SYSTEM32\DBGHELP.DLL
0x00007ff96ab10000 - 0x00007ff96ae96000 	C:\WINDOWS\System32\combase.dll
0x00007ff96a530000 - 0x00007ff96a610000 	C:\WINDOWS\System32\OLEAUT32.dll
0x00007ff9414a0000 - 0x00007ff9414e3000 	C:\WINDOWS\SYSTEM32\dbgcore.DLL
0x00007ff969c10000 - 0x00007ff969ca9000 	C:\WINDOWS\System32\bcryptPrimitives.dll
0x00007ff91fc10000 - 0x00007ff91fc30000 	C:\Program Files\Android\Android Studio\jbr\bin\java.dll
0x00007ff9032f0000 - 0x00007ff903308000 	C:\Program Files\Android\Android Studio\jbr\bin\zip.dll
0x00007ff96bff0000 - 0x00007ff96c73a000 	C:\WINDOWS\System32\SHELL32.dll
0x00007ff969e00000 - 0x00007ff969f74000 	C:\WINDOWS\System32\wintypes.dll
0x00007ff9674e0000 - 0x00007ff967d3b000 	C:\WINDOWS\SYSTEM32\windows.storage.dll
0x00007ff96b2f0000 - 0x00007ff96b3e5000 	C:\WINDOWS\System32\SHCORE.dll
0x00007ff96b200000 - 0x00007ff96b26a000 	C:\WINDOWS\System32\shlwapi.dll
0x00007ff9697e0000 - 0x00007ff96980f000 	C:\WINDOWS\SYSTEM32\profapi.dll
0x00007ff93d0d0000 - 0x00007ff93d0e0000 	C:\Program Files\Android\Android Studio\jbr\bin\net.dll
0x00007ff95fdb0000 - 0x00007ff95fece000 	C:\WINDOWS\SYSTEM32\WINHTTP.dll
0x00007ff968c70000 - 0x00007ff968cda000 	C:\WINDOWS\system32\mswsock.dll
0x00007ff9032d0000 - 0x00007ff9032e6000 	C:\Program Files\Android\Android Studio\jbr\bin\nio.dll
0x00007ff928670000 - 0x00007ff928680000 	C:\Program Files\Android\Android Studio\jbr\bin\verify.dll

dbghelp: loaded successfully - version: 4.0.5 - missing functions: none
symbol engine: initialized successfully - sym options: 0x614 - pdb path: .;C:\Program Files\Android\Android Studio\jbr\bin;C:\WINDOWS\SYSTEM32;C:\WINDOWS\WinSxS\amd64_microsoft.windows.common-controls_6595b64144ccf1df_6.0.26100.4484_none_3e0e6d4ce32ef3b3;C:\Program Files\Android\Android Studio\jbr\bin\server

VM Arguments:
java_command: org.jetbrains.kotlin.cli.jvm.K2JVMCompiler @C:\Users\Victus\Desktop\andridstudio\jawafai\app\build\20250716_3013315771671520563.compiler.options
java_class_path (initial): C:\Users\Victus\.gradle\caches\modules-2\files-2.1\org.jetbrains.kotlin\kotlin-compiler-embeddable\2.0.21\79346ed53db48b18312a472602eb5c057070c54d\kotlin-compiler-embeddable-2.0.21.jar;C:\Users\Victus\.gradle\caches\modules-2\files-2.1\org.jetbrains.kotlin\kotlin-stdlib\2.0.21\618b539767b4899b4660a83006e052b63f1db551\kotlin-stdlib-2.0.21.jar;C:\Users\Victus\.gradle\caches\modules-2\files-2.1\org.jetbrains.kotlin\kotlin-script-runtime\2.0.21\c9b044380ad41f89aa89aa896c2d32a8c0b2129d\kotlin-script-runtime-2.0.21.jar;C:\Users\Victus\.gradle\caches\modules-2\files-2.1\org.jetbrains.kotlin\kotlin-reflect\1.6.10\1cbe9c92c12a94eea200d23c2bbaedaf3daf5132\kotlin-reflect-1.6.10.jar;C:\Users\Victus\.gradle\caches\modules-2\files-2.1\org.jetbrains.kotlin\kotlin-daemon-embeddable\2.0.21\c9e933b23287de9b5a17e2116b4657bb91aea72c\kotlin-daemon-embeddable-2.0.21.jar;C:\Users\Victus\.gradle\caches\modules-2\files-2.1\org.jetbrains.intellij.deps\trove4j\1.0.20200330\3afb14d5f9ceb459d724e907a21145e8ff394f02\trove4j-1.0.20200330.jar;C:\Users\Victus\.gradle\caches\modules-2\files-2.1\org.jetbrains.kotlinx\kotlinx-coroutines-core-jvm\1.6.4\2c997cd1c0ef33f3e751d3831929aeff1390cb30\kotlinx-coroutines-core-jvm-1.6.4.jar;C:\Users\Victus\.gradle\caches\modules-2\files-2.1\org.jetbrains\annotations\13.0\919f0dfe192fb4e063e7dacadee7f8bb9a2672a9\annotations-13.0.jar
Launcher Type: SUN_STANDARD

[Global flags]
     intx CICompilerCount                          = 4                                         {product} {ergonomic}
     uint ConcGCThreads                            = 3                                         {product} {ergonomic}
     uint G1ConcRefinementThreads                  = 10                                        {product} {ergonomic}
   size_t G1HeapRegionSize                         = 1048576                                   {product} {ergonomic}
    uintx GCDrainStackTargetSize                   = 64                                        {product} {ergonomic}
   size_t InitialHeapSize                          = 130023424                                 {product} {ergonomic}
   size_t MarkStackSize                            = 4194304                                   {product} {ergonomic}
   size_t MaxHeapSize                              = 2055208960                                {product} {ergonomic}
   size_t MaxNewSize                               = 1233125376                                {product} {ergonomic}
   size_t MinHeapDeltaBytes                        = 1048576                                   {product} {ergonomic}
   size_t MinHeapSize                              = 8388608                                   {product} {ergonomic}
    uintx NonNMethodCodeHeapSize                   = 5839372                                {pd product} {ergonomic}
    uintx NonProfiledCodeHeapSize                  = 122909434                              {pd product} {ergonomic}
    uintx ProfiledCodeHeapSize                     = 122909434                              {pd product} {ergonomic}
    uintx ReservedCodeCacheSize                    = 251658240                              {pd product} {ergonomic}
     bool SegmentedCodeCache                       = true                                      {product} {ergonomic}
   size_t SoftMaxHeapSize                          = 2055208960                             {manageable} {ergonomic}
     bool UseCompressedOops                        = true                           {product lp64_product} {ergonomic}
     bool UseG1GC                                  = true                                      {product} {ergonomic}
     bool UseLargePagesIndividualAllocation        = false                                  {pd product} {ergonomic}

Logging:
Log output configuration:
 #0: stdout all=warning uptime,level,tags foldmultilines=false
 #1: stderr all=off uptime,level,tags foldmultilines=false

Environment Variables:
PATH=C:\Program Files\Common Files\Oracle\Java\javapath;C:\Program Files (x86)\Common Files\Oracle\Java\javapath;C:\windows\system32;C:\windows;C:\windows\System32\Wbem;C:\windows\System32\WindowsPowerShell\v1.0\;C:\windows\System32\OpenSSH\;C:\Program Files (x86)\NVIDIA Corporation\PhysX\Common;C:\Program Files\NVIDIA Corporation\NVIDIA NvDLISR;C:\Users\Administrator\AppData\Local\Microsoft\WindowsApps;C:\Program Files\HP\OMEN-Broadcast\Common;C:\MinGW\bin;C:\Program Files\HP\HP One Agent;C:\Program Files\Git\cmd;C:\WINDOWS\system32;C:\WINDOWS;C:\WINDOWS\System32\Wbem;C:\WINDOWS\System32\WindowsPowerShell\v1.0\;C:\WINDOWS\System32\OpenSSH\;C:\Users\Victus\Downloads\gradle-8.12.1-bin.zip\gradle-8.12.1\bin;C:\Program Files\MySQL\MySQL Shell 8.0\bin\;C:\Users\Victus\AppData\Local\Programs\Python\Python312\Scripts\;C:\Users\Victus\AppData\Local\Programs\Python\Python312\;C:\Users\Victus\AppData\Local\Programs\Python\Launcher\;C:\Users\Victus\AppData\Local\Microsoft\WindowsApps;;C:\Users\Victus\AppData\Local\Programs\Microsoft VS Code\bin;C:\Users\Victus\PyCharm 2024.1\bin;
USERNAME=Victus
OS=Windows_NT
PROCESSOR_IDENTIFIER=Intel64 Family 6 Model 186 Stepping 2, GenuineIntel
TMP=C:\Users\Victus\AppData\Local\Temp
TEMP=C:\Users\Victus\AppData\Local\Temp




Periodic native trim disabled

JNI global refs:
JNI global refs: 13, weak refs: 10

JNI global refs memory usage: 835, weak refs: 833

Process memory usage:
Resident Set Size: 378692K (4% of 8020492K total physical memory with 498788K free physical memory)

OOME stack traces (most recent first):
Classloader memory used:
Loader jdk.internal.loader.ClassLoaders$AppClassLoader                                 : 40757K
Loader bootstrap                                                                       : 10532K
Loader java.net.URLClassLoader                                                         : 258K

---------------  S Y S T E M  ---------------

OS:
 Windows 11 , 64 bit Build 26100 (10.0.26100.4484)
OS uptime: 3 days 15:32 hours
Hyper-V role detected

CPU: total 12 (initial active 12) (6 cores per cpu, 2 threads per core) family 6 model 186 stepping 2 microcode 0x4122, cx8, cmov, fxsr, ht, mmx, 3dnowpref, sse, sse2, sse3, ssse3, sse4.1, sse4.2, popcnt, lzcnt, tsc, tscinvbit, avx, avx2, aes, erms, clmul, bmi1, bmi2, adx, sha, fma, vzeroupper, clflush, clflushopt, clwb, hv, serialize, rdtscp, rdpid, fsrm, f16c, cet_ibt, cet_ss
Processor Information for processor 0
  Max Mhz: 2100, Current Mhz: 2100, Mhz Limit: 2100
Processor Information for processor 1
  Max Mhz: 2100, Current Mhz: 2100, Mhz Limit: 2100
Processor Information for processor 2
  Max Mhz: 2100, Current Mhz: 2100, Mhz Limit: 2100
Processor Information for processor 3
  Max Mhz: 2100, Current Mhz: 2100, Mhz Limit: 2100
Processor Information for processor 4
  Max Mhz: 2100, Current Mhz: 2100, Mhz Limit: 2100
Processor Information for processor 5
  Max Mhz: 2100, Current Mhz: 2100, Mhz Limit: 2100
Processor Information for processor 6
  Max Mhz: 2100, Current Mhz: 2100, Mhz Limit: 2100
Processor Information for processor 7
  Max Mhz: 2100, Current Mhz: 2100, Mhz Limit: 2100
Processor Information for processor 8
  Max Mhz: 2100, Current Mhz: 2100, Mhz Limit: 2100
Processor Information for processor 9
  Max Mhz: 2100, Current Mhz: 2100, Mhz Limit: 2100
Processor Information for processor 10
  Max Mhz: 2100, Current Mhz: 1540, Mhz Limit: 2100
Processor Information for processor 11
  Max Mhz: 2100, Current Mhz: 1540, Mhz Limit: 2100

Memory: 4k page, system-wide physical 7832M (479M free)
TotalPageFile size 19041M (AvailPageFile size 122M)
current process WorkingSet (physical memory assigned to process): 370M, peak: 371M
current process commit charge ("private bytes"): 384M, peak: 572M

vm_info: OpenJDK 64-Bit Server VM (21.0.5+-13047016-b750.29) for windows-amd64 JRE (21.0.5+-13047016-b750.29), built on 2025-02-11T21:12:39Z by "builder" with MS VC++ 16.10 / 16.11 (VS2019)

END.
