#
# There is insufficient memory for the Java Runtime Environment to continue.
# Native memory allocation (mmap) failed to map 35651584 bytes. Error detail: G1 virtual space
# Possible reasons:
#   The system is out of physical RAM or swap space
#   This process is running with CompressedOops enabled, and the Java Heap may be blocking the growth of the native heap
# Possible solutions:
#   Reduce memory load on the system
#   Increase physical memory or swap space
#   Check if swap backing store is full
#   Decrease Java heap size (-Xmx/-Xms)
#   Decrease number of Java threads
#   Decrease Java thread stack sizes (-Xss)
#   Set larger code cache with -XX:ReservedCodeCacheSize=
#   JVM is running with Unscaled Compressed Oops mode in which the Java heap is
#     placed in the first 4GB address space. The Java Heap base address is the
#     maximum limit for the native heap growth. Please use -XX:HeapBaseMinAddress
#     to set the Java Heap base and to place the Java Heap above 4GB virtual address.
# This output file may be truncated or incomplete.
#
#  Out of Memory Error (os_windows.cpp:3631), pid=22980, tid=19684
#
# JRE version: Java(TM) SE Runtime Environment (22.0.2+9) (build 22.0.2+9-70)
# Java VM: Java HotSpot(TM) 64-Bit Server VM (22.0.2+9-70, mixed mode, sharing, tiered, compressed oops, compressed class ptrs, g1 gc, windows-amd64)
# No core dump will be written. Minidumps are not enabled by default on client versions of Windows
#

---------------  S U M M A R Y ------------

Command Line: --add-opens=java.base/java.lang=ALL-UNNAMED --add-opens=java.base/java.lang.invoke=ALL-UNNAMED --add-opens=java.base/java.util=ALL-UNNAMED --add-opens=java.prefs/java.util.prefs=ALL-UNNAMED --add-exports=jdk.compiler/com.sun.tools.javac.api=ALL-UNNAMED --add-exports=jdk.compiler/com.sun.tools.javac.util=ALL-UNNAMED --add-opens=java.base/java.util=ALL-UNNAMED --add-opens=java.prefs/java.util.prefs=ALL-UNNAMED --add-opens=java.base/java.nio.charset=ALL-UNNAMED --add-opens=java.base/java.net=ALL-UNNAMED --add-opens=java.base/java.util.concurrent.atomic=ALL-UNNAMED --add-opens=java.xml/javax.xml.namespace=ALL-UNNAMED -Xmx2048m -Dfile.encoding=UTF-8 -Duser.country=US -Duser.language=en -Duser.variant -javaagent:C:\Users\Victus\.gradle\wrapper\dists\gradle-8.11.1-bin\bpt9gzteqjrbo1mjrsomdt32c\gradle-8.11.1\lib\agents\gradle-instrumentation-agent-8.11.1.jar org.gradle.launcher.daemon.bootstrap.GradleDaemon 8.11.1

Host: 13th Gen Intel(R) Core(TM) i5-13420H, 12 cores, 7G,  Windows 11 , 64 bit Build 26100 (10.0.26100.4484)
Time: Wed Jul 16 14:25:00 2025 Nepal Standard Time elapsed time: 16.617395 seconds (0d 0h 0m 16s)

---------------  T H R E A D  ---------------

Current thread (0x0000020a76c69030):  VMThread "VM Thread"          [id=19684, stack(0x0000001e25d00000,0x0000001e25e00000) (1024K)]

Stack: [0x0000001e25d00000,0x0000001e25e00000]
Native frames: (J=compiled Java code, j=interpreted, Vv=VM code, C=native code)
V  [jvm.dll+0x6e26e9]  (no source info available)
V  [jvm.dll+0x875753]  (no source info available)
V  [jvm.dll+0x877b7e]  (no source info available)
V  [jvm.dll+0x878253]  (no source info available)
V  [jvm.dll+0x27fc86]  (no source info available)
V  [jvm.dll+0x6ded85]  (no source info available)
V  [jvm.dll+0x6d388a]  (no source info available)
V  [jvm.dll+0x358b8a]  (no source info available)
V  [jvm.dll+0x3610b6]  (no source info available)
V  [jvm.dll+0x3b419e]  (no source info available)
V  [jvm.dll+0x3b4448]  (no source info available)
V  [jvm.dll+0x32c5ec]  (no source info available)
V  [jvm.dll+0x32c677]  (no source info available)
V  [jvm.dll+0x37244c]  (no source info available)
V  [jvm.dll+0x370b46]  (no source info available)
V  [jvm.dll+0x32bcd7]  (no source info available)
V  [jvm.dll+0x370304]  (no source info available)
V  [jvm.dll+0x87e0f0]  (no source info available)
V  [jvm.dll+0x87f477]  (no source info available)
V  [jvm.dll+0x87f9f0]  (no source info available)
V  [jvm.dll+0x87fc93]  (no source info available)
V  [jvm.dll+0x81dc0b]  (no source info available)
V  [jvm.dll+0x6e0d85]  (no source info available)
C  [ucrtbase.dll+0x37b0]  (no source info available)
C  [KERNEL32.DLL+0x2e8d7]  (no source info available)
C  [ntdll.dll+0x3c34c]  (no source info available)

VM_Operation (0x0000001e27bfe180): G1CollectForAllocation, mode: safepoint, requested by thread 0x0000020a55d67950


---------------  P R O C E S S  ---------------

Threads class SMR info:
_java_thread_list=0x0000020a5be00b70, length=67, elements={
0x0000020a68f50d80, 0x0000020a76c85220, 0x0000020a76c85d80, 0x0000020a54120300,
0x0000020a54121170, 0x0000020a54122b90, 0x0000020a541261b0, 0x0000020a5412cd60,
0x0000020a54131e90, 0x0000020a5423a540, 0x0000020a5437a010, 0x0000020a55ce9d40,
0x0000020a55c92200, 0x0000020a55c1dbb0, 0x0000020a55d1a8e0, 0x0000020a55c449a0,
0x0000020a55eaf220, 0x0000020a55d65880, 0x0000020a55d64b60, 0x0000020a55d65f10,
0x0000020a55d66c30, 0x0000020a55d665a0, 0x0000020a55d672c0, 0x0000020a55d67950,
0x0000020a55d651f0, 0x0000020a59b090c0, 0x0000020a59b083a0, 0x0000020a59b0ab00,
0x0000020a59b0b190, 0x0000020a59b09750, 0x0000020a59b09de0, 0x0000020a59b07d10,
0x0000020a596eb920, 0x0000020a58da7720, 0x0000020a572c9600, 0x0000020a572cd110,
0x0000020a572c9c90, 0x0000020a572cb040, 0x0000020a572cd7a0, 0x0000020a572cde30,
0x0000020a574e0590, 0x0000020a574dd7a0, 0x0000020a574de4c0, 0x0000020a574e1fd0,
0x0000020a574df870, 0x0000020a574deb50, 0x0000020a574e2cf0, 0x0000020a574e2660,
0x0000020a574e40a0, 0x0000020a574e3380, 0x0000020a574e3a10, 0x0000020a5bc79bb0,
0x0000020a583d4b80, 0x0000020a583d6c50, 0x0000020a583d5f30, 0x0000020a583d65c0,
0x0000020a583d58a0, 0x0000020a583d37d0, 0x0000020a583d72e0, 0x0000020a583d3e60,
0x0000020a583d7970, 0x0000020a583d44f0, 0x0000020a583d8000, 0x0000020a583d8690,
0x0000020a583d5210, 0x0000020a583da0d0, 0x0000020a583dadf0
}

Java Threads: ( => current thread )
  0x0000020a68f50d80 JavaThread "main"                              [_thread_blocked, id=11344, stack(0x0000001e25600000,0x0000001e25700000) (1024K)]
  0x0000020a76c85220 JavaThread "Reference Handler"          daemon [_thread_blocked, id=2832, stack(0x0000001e25e00000,0x0000001e25f00000) (1024K)]
  0x0000020a76c85d80 JavaThread "Finalizer"                  daemon [_thread_blocked, id=10100, stack(0x0000001e25f00000,0x0000001e26000000) (1024K)]
  0x0000020a54120300 JavaThread "Signal Dispatcher"          daemon [_thread_blocked, id=24616, stack(0x0000001e26000000,0x0000001e26100000) (1024K)]
  0x0000020a54121170 JavaThread "Attach Listener"            daemon [_thread_blocked, id=12360, stack(0x0000001e26100000,0x0000001e26200000) (1024K)]
  0x0000020a54122b90 JavaThread "Service Thread"             daemon [_thread_blocked, id=30300, stack(0x0000001e26200000,0x0000001e26300000) (1024K)]
  0x0000020a541261b0 JavaThread "Monitor Deflation Thread"   daemon [_thread_blocked, id=30052, stack(0x0000001e26300000,0x0000001e26400000) (1024K)]
  0x0000020a5412cd60 JavaThread "C2 CompilerThread0"         daemon [_thread_blocked, id=25780, stack(0x0000001e26400000,0x0000001e26500000) (1024K)]
  0x0000020a54131e90 JavaThread "C1 CompilerThread0"         daemon [_thread_blocked, id=25904, stack(0x0000001e26500000,0x0000001e26600000) (1024K)]
  0x0000020a5423a540 JavaThread "Common-Cleaner"             daemon [_thread_blocked, id=8948, stack(0x0000001e26600000,0x0000001e26700000) (1024K)]
  0x0000020a5437a010 JavaThread "Notification Thread"        daemon [_thread_blocked, id=11584, stack(0x0000001e26700000,0x0000001e26800000) (1024K)]
  0x0000020a55ce9d40 JavaThread "Daemon health stats"               [_thread_blocked, id=26936, stack(0x0000001e26f00000,0x0000001e27000000) (1024K)]
  0x0000020a55c92200 JavaThread "Incoming local TCP Connector on port 63598"        [_thread_in_native, id=1124, stack(0x0000001e27000000,0x0000001e27100000) (1024K)]
  0x0000020a55c1dbb0 JavaThread "Daemon periodic checks"            [_thread_blocked, id=2536, stack(0x0000001e27100000,0x0000001e27200000) (1024K)]
  0x0000020a55d1a8e0 JavaThread "Daemon"                            [_thread_blocked, id=19784, stack(0x0000001e27200000,0x0000001e27300000) (1024K)]
  0x0000020a55c449a0 JavaThread "Handler for socket connection from /127.0.0.1:63598 to /127.0.0.1:63599"        [_thread_in_native, id=20072, stack(0x0000001e27300000,0x0000001e27400000) (1024K)]
  0x0000020a55eaf220 JavaThread "Cancel handler"                    [_thread_blocked, id=2896, stack(0x0000001e27400000,0x0000001e27500000) (1024K)]
  0x0000020a55d65880 JavaThread "Daemon worker"                     [_thread_blocked, id=6696, stack(0x0000001e27500000,0x0000001e27600000) (1024K)]
  0x0000020a55d64b60 JavaThread "Asynchronous log dispatcher for DefaultDaemonConnection: socket connection from /127.0.0.1:63598 to /127.0.0.1:63599"        [_thread_blocked, id=2476, stack(0x0000001e27600000,0x0000001e27700000) (1024K)]
  0x0000020a55d65f10 JavaThread "Stdin handler"                     [_thread_blocked, id=1932, stack(0x0000001e27700000,0x0000001e27800000) (1024K)]
  0x0000020a55d66c30 JavaThread "Daemon client event forwarder"        [_thread_blocked, id=19708, stack(0x0000001e27800000,0x0000001e27900000) (1024K)]
  0x0000020a55d665a0 JavaThread "Cache worker for journal cache (C:\Users\Victus\.gradle\caches\journal-1)"        [_thread_blocked, id=10796, stack(0x0000001e27900000,0x0000001e27a00000) (1024K)]
  0x0000020a55d672c0 JavaThread "File lock request listener"        [_thread_in_native, id=22140, stack(0x0000001e27a00000,0x0000001e27b00000) (1024K)]
  0x0000020a55d67950 JavaThread "Cache worker for file hash cache (C:\Users\Victus\.gradle\caches\8.11.1\fileHashes)"        [_thread_blocked, id=7664, stack(0x0000001e27b00000,0x0000001e27c00000) (1024K)]
  0x0000020a55d651f0 JavaThread "Cache worker for file content cache (C:\Users\Victus\.gradle\caches\8.11.1\fileContent)"        [_thread_blocked, id=12812, stack(0x0000001e27f00000,0x0000001e28000000) (1024K)]
  0x0000020a59b090c0 JavaThread "Cache worker for file hash cache (C:\Users\Victus\Desktop\andridstudio\jawafai\.gradle\8.11.1\fileHashes)"        [_thread_blocked, id=10396, stack(0x0000001e28100000,0x0000001e28200000) (1024K)]
  0x0000020a59b083a0 JavaThread "Cache worker for Build Output Cleanup Cache (C:\Users\Victus\Desktop\andridstudio\jawafai\.gradle\buildOutputCleanup)"        [_thread_blocked, id=3316, stack(0x0000001e28400000,0x0000001e28500000) (1024K)]
  0x0000020a59b0ab00 JavaThread "File watcher server"        daemon [_thread_in_native, id=19852, stack(0x0000001e28500000,0x0000001e28600000) (1024K)]
  0x0000020a59b0b190 JavaThread "File watcher consumer"      daemon [_thread_blocked, id=26924, stack(0x0000001e28600000,0x0000001e28700000) (1024K)]
  0x0000020a59b09750 JavaThread "Cache worker for checksums cache (C:\Users\Victus\Desktop\andridstudio\jawafai\.gradle\8.11.1\checksums)"        [_thread_blocked, id=10696, stack(0x0000001e28700000,0x0000001e28800000) (1024K)]
  0x0000020a59b09de0 JavaThread "Cache worker for cache directory md-rule (C:\Users\Victus\.gradle\caches\8.11.1\md-rule)"        [_thread_blocked, id=20352, stack(0x0000001e28800000,0x0000001e28900000) (1024K)]
  0x0000020a59b07d10 JavaThread "Cache worker for cache directory md-supplier (C:\Users\Victus\.gradle\caches\8.11.1\md-supplier)"        [_thread_blocked, id=7092, stack(0x0000001e28900000,0x0000001e28a00000) (1024K)]
  0x0000020a596eb920 JavaThread "C2 CompilerThread1"         daemon [_thread_blocked, id=18628, stack(0x0000001e26800000,0x0000001e26900000) (1024K)]
  0x0000020a58da7720 JavaThread "C2 CompilerThread2"         daemon [_thread_blocked, id=6364, stack(0x0000001e28000000,0x0000001e28100000) (1024K)]
  0x0000020a572c9600 JavaThread "Unconstrained build operations"        [_thread_blocked, id=19612, stack(0x0000001e28a00000,0x0000001e28b00000) (1024K)]
  0x0000020a572cd110 JavaThread "Unconstrained build operations Thread 2"        [_thread_blocked, id=31688, stack(0x0000001e28b00000,0x0000001e28c00000) (1024K)]
  0x0000020a572c9c90 JavaThread "Unconstrained build operations Thread 3"        [_thread_blocked, id=22084, stack(0x0000001e28c00000,0x0000001e28d00000) (1024K)]
  0x0000020a572cb040 JavaThread "Unconstrained build operations Thread 4"        [_thread_blocked, id=28084, stack(0x0000001e28d00000,0x0000001e28e00000) (1024K)]
  0x0000020a572cd7a0 JavaThread "Unconstrained build operations Thread 5"        [_thread_blocked, id=24232, stack(0x0000001e28e00000,0x0000001e28f00000) (1024K)]
  0x0000020a572cde30 JavaThread "Unconstrained build operations Thread 6"        [_thread_blocked, id=13356, stack(0x0000001e28f00000,0x0000001e29000000) (1024K)]
  0x0000020a574e0590 JavaThread "Unconstrained build operations Thread 7"        [_thread_blocked, id=5568, stack(0x0000001e29000000,0x0000001e29100000) (1024K)]
  0x0000020a574dd7a0 JavaThread "Unconstrained build operations Thread 8"        [_thread_blocked, id=26604, stack(0x0000001e29100000,0x0000001e29200000) (1024K)]
  0x0000020a574de4c0 JavaThread "Unconstrained build operations Thread 9"        [_thread_blocked, id=27176, stack(0x0000001e29200000,0x0000001e29300000) (1024K)]
  0x0000020a574e1fd0 JavaThread "Unconstrained build operations Thread 10"        [_thread_blocked, id=25748, stack(0x0000001e29300000,0x0000001e29400000) (1024K)]
  0x0000020a574df870 JavaThread "Unconstrained build operations Thread 11"        [_thread_blocked, id=22332, stack(0x0000001e29400000,0x0000001e29500000) (1024K)]
  0x0000020a574deb50 JavaThread "Unconstrained build operations Thread 12"        [_thread_blocked, id=20108, stack(0x0000001e29500000,0x0000001e29600000) (1024K)]
  0x0000020a574e2cf0 JavaThread "Unconstrained build operations Thread 13"        [_thread_blocked, id=17488, stack(0x0000001e29600000,0x0000001e29700000) (1024K)]
  0x0000020a574e2660 JavaThread "Unconstrained build operations Thread 14"        [_thread_blocked, id=28704, stack(0x0000001e29700000,0x0000001e29800000) (1024K)]
  0x0000020a574e40a0 JavaThread "Unconstrained build operations Thread 15"        [_thread_blocked, id=30788, stack(0x0000001e29800000,0x0000001e29900000) (1024K)]
  0x0000020a574e3380 JavaThread "Unconstrained build operations Thread 16"        [_thread_blocked, id=31000, stack(0x0000001e29900000,0x0000001e29a00000) (1024K)]
  0x0000020a574e3a10 JavaThread "Unconstrained build operations Thread 17"        [_thread_blocked, id=11324, stack(0x0000001e29a00000,0x0000001e29b00000) (1024K)]
  0x0000020a5bc79bb0 JavaThread "Unconstrained build operations Thread 18"        [_thread_blocked, id=14356, stack(0x0000001e29b00000,0x0000001e29c00000) (1024K)]
  0x0000020a583d4b80 JavaThread "Unconstrained build operations Thread 19"        [_thread_blocked, id=15540, stack(0x0000001e29c00000,0x0000001e29d00000) (1024K)]
  0x0000020a583d6c50 JavaThread "Unconstrained build operations Thread 20"        [_thread_blocked, id=3968, stack(0x0000001e29d00000,0x0000001e29e00000) (1024K)]
  0x0000020a583d5f30 JavaThread "Unconstrained build operations Thread 21"        [_thread_blocked, id=30184, stack(0x0000001e29e00000,0x0000001e29f00000) (1024K)]
  0x0000020a583d65c0 JavaThread "Unconstrained build operations Thread 22"        [_thread_blocked, id=6600, stack(0x0000001e29f00000,0x0000001e2a000000) (1024K)]
  0x0000020a583d58a0 JavaThread "Unconstrained build operations Thread 23"        [_thread_blocked, id=8232, stack(0x0000001e2a000000,0x0000001e2a100000) (1024K)]
  0x0000020a583d37d0 JavaThread "Unconstrained build operations Thread 24"        [_thread_blocked, id=3124, stack(0x0000001e2a100000,0x0000001e2a200000) (1024K)]
  0x0000020a583d72e0 JavaThread "Unconstrained build operations Thread 25"        [_thread_blocked, id=23608, stack(0x0000001e2a200000,0x0000001e2a300000) (1024K)]
  0x0000020a583d3e60 JavaThread "Unconstrained build operations Thread 26"        [_thread_blocked, id=25768, stack(0x0000001e2a300000,0x0000001e2a400000) (1024K)]
  0x0000020a583d7970 JavaThread "Unconstrained build operations Thread 27"        [_thread_blocked, id=29152, stack(0x0000001e2a400000,0x0000001e2a500000) (1024K)]
  0x0000020a583d44f0 JavaThread "Unconstrained build operations Thread 28"        [_thread_blocked, id=22624, stack(0x0000001e2a500000,0x0000001e2a600000) (1024K)]
  0x0000020a583d8000 JavaThread "Unconstrained build operations Thread 29"        [_thread_blocked, id=21852, stack(0x0000001e2a600000,0x0000001e2a700000) (1024K)]
  0x0000020a583d8690 JavaThread "Unconstrained build operations Thread 30"        [_thread_blocked, id=14652, stack(0x0000001e2a700000,0x0000001e2a800000) (1024K)]
  0x0000020a583d5210 JavaThread "Unconstrained build operations Thread 31"        [_thread_blocked, id=4156, stack(0x0000001e2a800000,0x0000001e2a900000) (1024K)]
  0x0000020a583da0d0 JavaThread "Unconstrained build operations Thread 32"        [_thread_blocked, id=23808, stack(0x0000001e2a900000,0x0000001e2aa00000) (1024K)]
  0x0000020a583dadf0 JavaThread "Unconstrained build operations Thread 33"        [_thread_blocked, id=10612, stack(0x0000001e2aa00000,0x0000001e2ab00000) (1024K)]
Total: 67

Other Threads:
=>0x0000020a76c69030 VMThread "VM Thread"                           [id=19684, stack(0x0000001e25d00000,0x0000001e25e00000) (1024K)]
  0x0000020a76c4c9f0 WatcherThread "VM Periodic Task Thread"        [id=21160, stack(0x0000001e25c00000,0x0000001e25d00000) (1024K)]
  0x0000020a68fa9180 WorkerThread "GC Thread#0"                     [id=5100, stack(0x0000001e25700000,0x0000001e25800000) (1024K)]
  0x0000020a54642e10 WorkerThread "GC Thread#1"                     [id=8788, stack(0x0000001e26900000,0x0000001e26a00000) (1024K)]
  0x0000020a54744620 WorkerThread "GC Thread#2"                     [id=5296, stack(0x0000001e26a00000,0x0000001e26b00000) (1024K)]
  0x0000020a54684040 WorkerThread "GC Thread#3"                     [id=20940, stack(0x0000001e26b00000,0x0000001e26c00000) (1024K)]
  0x0000020a54fedc60 WorkerThread "GC Thread#4"                     [id=2900, stack(0x0000001e26c00000,0x0000001e26d00000) (1024K)]
  0x0000020a55a0e380 WorkerThread "GC Thread#5"                     [id=18272, stack(0x0000001e26d00000,0x0000001e26e00000) (1024K)]
  0x0000020a55beca30 WorkerThread "GC Thread#6"                     [id=30092, stack(0x0000001e26e00000,0x0000001e26f00000) (1024K)]
  0x0000020a56c9df80 WorkerThread "GC Thread#7"                     [id=15436, stack(0x0000001e27c00000,0x0000001e27d00000) (1024K)]
  0x0000020a56c9c5b0 WorkerThread "GC Thread#8"                     [id=26144, stack(0x0000001e27d00000,0x0000001e27e00000) (1024K)]
  0x0000020a56c9cd10 WorkerThread "GC Thread#9"                     [id=21840, stack(0x0000001e27e00000,0x0000001e27f00000) (1024K)]
  0x0000020a68ff8d30 ConcurrentGCThread "G1 Main Marker"            [id=22244, stack(0x0000001e25800000,0x0000001e25900000) (1024K)]
  0x0000020a68ffb5b0 WorkerThread "G1 Conc#0"                       [id=24176, stack(0x0000001e25900000,0x0000001e25a00000) (1024K)]
  0x0000020a57c320a0 WorkerThread "G1 Conc#1"                       [id=476, stack(0x0000001e28200000,0x0000001e28300000) (1024K)]
  0x0000020a57c33a70 WorkerThread "G1 Conc#2"                       [id=24540, stack(0x0000001e28300000,0x0000001e28400000) (1024K)]
  0x0000020a76af9850 ConcurrentGCThread "G1 Refine#0"               [id=19224, stack(0x0000001e25a00000,0x0000001e25b00000) (1024K)]
  0x0000020a76afc090 ConcurrentGCThread "G1 Service"                [id=22532, stack(0x0000001e25b00000,0x0000001e25c00000) (1024K)]
Total: 18

Threads with active compile tasks:
C2 CompilerThread0  16670 13304       4       java.util.function.Predicate$$Lambda/0x0000020a101782f0::test (15 bytes)
C1 CompilerThread0  16670 13393       3       org.gradle.internal.execution.steps.ExecuteWorkBuildOperationFiringStep::lambda$execute$0 (78 bytes)
C2 CompilerThread1  16670 13298       4       java.util.function.Predicate$$Lambda/0x0000020a10178ad0::test (15 bytes)
C2 CompilerThread2  16670 13129       4       org.gradle.cache.internal.btree.FreeListBlockStore::read (12 bytes)
Total: 4

VM state: at safepoint (normal execution)

VM Mutex/Monitor currently owned by a thread:  ([mutex/lock_event])
[0x00007ff88c9bcb80] Threads_lock - owner thread: 0x0000020a76c69030
[0x00007ff88c9bcc80] Heap_lock - owner thread: 0x0000020a55d67950

Heap address: 0x0000000080000000, size: 2048 MB, Compressed Oops mode: 32-bit

CDS archive(s) mapped at: [0x0000020a0f000000-0x0000020a0fc60000-0x0000020a0fc60000), size 12976128, SharedBaseAddress: 0x0000020a0f000000, ArchiveRelocationMode: 1.
Compressed class space mapped at: 0x0000020a10000000-0x0000020a50000000, reserved size: 1073741824
Narrow klass base: 0x0000020a0f000000, Narrow klass shift: 0, Narrow klass range: 0x41000000

GC Precious Log:
 CardTable entry size: 512
 Card Set container configuration: InlinePtr #cards 5 size 8 Array Of Cards #cards 12 size 40 Howl #buckets 4 coarsen threshold 1843 Howl Bitmap #cards 512 size 80 coarsen threshold 460 Card regions per heap region 1 cards per card region 2048
 CPUs: 12 total, 12 available
 Memory: 7832M
 Large Page Support: Disabled
 NUMA Support: Disabled
 Compressed Oops: Enabled (32-bit)
 Heap Region Size: 1M
 Heap Min Capacity: 8M
 Heap Initial Capacity: 124M
 Heap Max Capacity: 2G
 Pre-touch: Disabled
 Parallel Workers: 10
 Concurrent Workers: 3
 Concurrent Refinement Workers: 10
 Periodic GC: Disabled

Heap:
 garbage-first heap   total reserved 2097152K, committed 171008K, used 97115K [0x0000000080000000, 0x0000000100000000)
  region size 1024K, 4 young (4096K), 4 survivors (4096K)
 Metaspace       used 112378K, committed 114752K, reserved 1179648K
  class space    used 14974K, committed 16128K, reserved 1048576K

Heap Regions: E=young(eden), S=young(survivor), O=old, HS=humongous(starts), HC=humongous(continues), CS=collection set, F=free, TAMS=top-at-mark-start, PB=parsable bottom
|   0|0x0000000080000000, 0x0000000080100000, 0x0000000080100000|100%| O|  |TAMS 0x0000000080000000| PB 0x0000000080000000| Untracked |  0
|   1|0x0000000080100000, 0x0000000080200000, 0x0000000080200000|100%| O|  |TAMS 0x0000000080100000| PB 0x0000000080100000| Untracked |  0
|   2|0x0000000080200000, 0x0000000080300000, 0x0000000080300000|100%|HS|  |TAMS 0x0000000080200000| PB 0x0000000080200000| Complete |  0
|   3|0x0000000080300000, 0x0000000080400000, 0x0000000080400000|100%|HC|  |TAMS 0x0000000080300000| PB 0x0000000080300000| Complete |  0
|   4|0x0000000080400000, 0x0000000080500000, 0x0000000080500000|100%|HC|  |TAMS 0x0000000080400000| PB 0x0000000080400000| Complete |  0
|   5|0x0000000080500000, 0x0000000080600000, 0x0000000080600000|100%| O|  |TAMS 0x0000000080500000| PB 0x0000000080500000| Untracked |  0
|   6|0x0000000080600000, 0x0000000080700000, 0x0000000080700000|100%| O|  |TAMS 0x0000000080600000| PB 0x0000000080600000| Untracked |  0
|   7|0x0000000080700000, 0x0000000080800000, 0x0000000080800000|100%| O|  |TAMS 0x0000000080700000| PB 0x0000000080700000| Untracked |  0
|   8|0x0000000080800000, 0x0000000080900000, 0x0000000080900000|100%|HS|  |TAMS 0x0000000080800000| PB 0x0000000080800000| Complete |  0
|   9|0x0000000080900000, 0x0000000080a00000, 0x0000000080a00000|100%| O|  |TAMS 0x0000000080900000| PB 0x0000000080900000| Untracked |  0
|  10|0x0000000080a00000, 0x0000000080b00000, 0x0000000080b00000|100%| O|  |TAMS 0x0000000080a00000| PB 0x0000000080a00000| Untracked |  0
|  11|0x0000000080b00000, 0x0000000080c00000, 0x0000000080c00000|100%| O|  |TAMS 0x0000000080b00000| PB 0x0000000080b00000| Untracked |  0
|  12|0x0000000080c00000, 0x0000000080d00000, 0x0000000080d00000|100%| O|  |TAMS 0x0000000080c00000| PB 0x0000000080c00000| Untracked |  0
|  13|0x0000000080d00000, 0x0000000080e00000, 0x0000000080e00000|100%| O|  |TAMS 0x0000000080d00000| PB 0x0000000080d00000| Untracked |  0
|  14|0x0000000080e00000, 0x0000000080f00000, 0x0000000080f00000|100%| O|  |TAMS 0x0000000080e00000| PB 0x0000000080e00000| Untracked |  0
|  15|0x0000000080f00000, 0x0000000081000000, 0x0000000081000000|100%| O|  |TAMS 0x0000000080f00000| PB 0x0000000080f00000| Untracked |  0
|  16|0x0000000081000000, 0x0000000081100000, 0x0000000081100000|100%| O|  |TAMS 0x0000000081000000| PB 0x0000000081000000| Untracked |  0
|  17|0x0000000081100000, 0x0000000081200000, 0x0000000081200000|100%| O|  |TAMS 0x0000000081100000| PB 0x0000000081100000| Untracked |  0
|  18|0x0000000081200000, 0x0000000081300000, 0x0000000081300000|100%| O|  |TAMS 0x0000000081200000| PB 0x0000000081200000| Untracked |  0
|  19|0x0000000081300000, 0x0000000081400000, 0x0000000081400000|100%| O|  |TAMS 0x0000000081300000| PB 0x0000000081300000| Untracked |  0
|  20|0x0000000081400000, 0x0000000081500000, 0x0000000081500000|100%| O|  |TAMS 0x0000000081400000| PB 0x0000000081400000| Untracked |  0
|  21|0x0000000081500000, 0x0000000081600000, 0x0000000081600000|100%| O|  |TAMS 0x0000000081500000| PB 0x0000000081500000| Untracked |  0
|  22|0x0000000081600000, 0x0000000081700000, 0x0000000081700000|100%| O|  |TAMS 0x0000000081600000| PB 0x0000000081600000| Untracked |  0
|  23|0x0000000081700000, 0x0000000081800000, 0x0000000081800000|100%| O|  |TAMS 0x0000000081700000| PB 0x0000000081700000| Untracked |  0
|  24|0x0000000081800000, 0x0000000081900000, 0x0000000081900000|100%| O|  |TAMS 0x0000000081800000| PB 0x0000000081800000| Untracked |  0
|  25|0x0000000081900000, 0x0000000081a00000, 0x0000000081a00000|100%| O|  |TAMS 0x0000000081900000| PB 0x0000000081900000| Untracked |  0
|  26|0x0000000081a00000, 0x0000000081b00000, 0x0000000081b00000|100%|HS|  |TAMS 0x0000000081a00000| PB 0x0000000081a00000| Complete |  0
|  27|0x0000000081b00000, 0x0000000081c00000, 0x0000000081c00000|100%| O|  |TAMS 0x0000000081b00000| PB 0x0000000081b00000| Untracked |  0
|  28|0x0000000081c00000, 0x0000000081d00000, 0x0000000081d00000|100%| O|  |TAMS 0x0000000081c00000| PB 0x0000000081c00000| Untracked |  0
|  29|0x0000000081d00000, 0x0000000081e00000, 0x0000000081e00000|100%| O|  |TAMS 0x0000000081d00000| PB 0x0000000081d00000| Untracked |  0
|  30|0x0000000081e00000, 0x0000000081f00000, 0x0000000081f00000|100%| O|  |TAMS 0x0000000081e00000| PB 0x0000000081e00000| Untracked |  0
|  31|0x0000000081f00000, 0x0000000082000000, 0x0000000082000000|100%| O|  |TAMS 0x0000000081f00000| PB 0x0000000081f00000| Untracked |  0
|  32|0x0000000082000000, 0x0000000082100000, 0x0000000082100000|100%| O|  |TAMS 0x0000000082000000| PB 0x0000000082000000| Untracked |  0
|  33|0x0000000082100000, 0x0000000082200000, 0x0000000082200000|100%| O|  |TAMS 0x0000000082100000| PB 0x0000000082100000| Untracked |  0
|  34|0x0000000082200000, 0x0000000082300000, 0x0000000082300000|100%| O|  |TAMS 0x0000000082200000| PB 0x0000000082200000| Untracked |  0
|  35|0x0000000082300000, 0x0000000082400000, 0x0000000082400000|100%| O|  |TAMS 0x0000000082300000| PB 0x0000000082300000| Untracked |  0
|  36|0x0000000082400000, 0x0000000082500000, 0x0000000082500000|100%| O|  |TAMS 0x0000000082400000| PB 0x0000000082400000| Untracked |  0
|  37|0x0000000082500000, 0x0000000082600000, 0x0000000082600000|100%| O|  |TAMS 0x0000000082500000| PB 0x0000000082500000| Untracked |  0
|  38|0x0000000082600000, 0x0000000082700000, 0x0000000082700000|100%| O|  |TAMS 0x0000000082600000| PB 0x0000000082600000| Untracked |  0
|  39|0x0000000082700000, 0x0000000082800000, 0x0000000082800000|100%| O|  |TAMS 0x0000000082700000| PB 0x0000000082700000| Untracked |  0
|  40|0x0000000082800000, 0x0000000082900000, 0x0000000082900000|100%| O|  |TAMS 0x0000000082800000| PB 0x0000000082800000| Untracked |  0
|  41|0x0000000082900000, 0x0000000082a00000, 0x0000000082a00000|100%| O|  |TAMS 0x0000000082900000| PB 0x0000000082900000| Untracked |  0
|  42|0x0000000082a00000, 0x0000000082b00000, 0x0000000082b00000|100%| O|  |TAMS 0x0000000082a00000| PB 0x0000000082a00000| Untracked |  0
|  43|0x0000000082b00000, 0x0000000082c00000, 0x0000000082c00000|100%| O|  |TAMS 0x0000000082b00000| PB 0x0000000082b00000| Untracked |  0
|  44|0x0000000082c00000, 0x0000000082d00000, 0x0000000082d00000|100%| O|  |TAMS 0x0000000082c00000| PB 0x0000000082c00000| Untracked |  0
|  45|0x0000000082d00000, 0x0000000082e00000, 0x0000000082e00000|100%| O|  |TAMS 0x0000000082d00000| PB 0x0000000082d00000| Untracked |  0
|  46|0x0000000082e00000, 0x0000000082f00000, 0x0000000082f00000|100%| O|  |TAMS 0x0000000082e00000| PB 0x0000000082e00000| Untracked |  0
|  47|0x0000000082f00000, 0x0000000083000000, 0x0000000083000000|100%| O|  |TAMS 0x0000000082f00000| PB 0x0000000082f00000| Untracked |  0
|  48|0x0000000083000000, 0x0000000083100000, 0x0000000083100000|100%| O|  |TAMS 0x0000000083000000| PB 0x0000000083000000| Untracked |  0
|  49|0x0000000083100000, 0x0000000083200000, 0x0000000083200000|100%|HS|  |TAMS 0x0000000083100000| PB 0x0000000083100000| Complete |  0
|  50|0x0000000083200000, 0x0000000083300000, 0x0000000083300000|100%|HC|  |TAMS 0x0000000083200000| PB 0x0000000083200000| Complete |  0
|  51|0x0000000083300000, 0x0000000083400000, 0x0000000083400000|100%|HC|  |TAMS 0x0000000083300000| PB 0x0000000083300000| Complete |  0
|  52|0x0000000083400000, 0x0000000083500000, 0x0000000083500000|100%|HC|  |TAMS 0x0000000083400000| PB 0x0000000083400000| Complete |  0
|  53|0x0000000083500000, 0x0000000083600000, 0x0000000083600000|100%|HC|  |TAMS 0x0000000083500000| PB 0x0000000083500000| Complete |  0
|  54|0x0000000083600000, 0x0000000083700000, 0x0000000083700000|100%|HC|  |TAMS 0x0000000083600000| PB 0x0000000083600000| Complete |  0
|  55|0x0000000083700000, 0x0000000083800000, 0x0000000083800000|100%| O|  |TAMS 0x0000000083700000| PB 0x0000000083700000| Untracked |  0
|  56|0x0000000083800000, 0x0000000083900000, 0x0000000083900000|100%| O|  |TAMS 0x0000000083800000| PB 0x0000000083800000| Untracked |  0
|  57|0x0000000083900000, 0x0000000083a00000, 0x0000000083a00000|100%| O|  |TAMS 0x0000000083900000| PB 0x0000000083900000| Untracked |  0
|  58|0x0000000083a00000, 0x0000000083a64b60, 0x0000000083b00000| 39%| O|  |TAMS 0x0000000083a00000| PB 0x0000000083a00000| Untracked |  0
|  59|0x0000000083b00000, 0x0000000083b00000, 0x0000000083c00000|  0%| F|  |TAMS 0x0000000083b00000| PB 0x0000000083b00000| Untracked |  0
|  60|0x0000000083c00000, 0x0000000083d00000, 0x0000000083d00000|100%| O|  |TAMS 0x0000000083c00000| PB 0x0000000083c00000| Untracked |  0
|  61|0x0000000083d00000, 0x0000000083e00000, 0x0000000083e00000|100%| O|  |TAMS 0x0000000083d00000| PB 0x0000000083d00000| Untracked |  0
|  62|0x0000000083e00000, 0x0000000083e00000, 0x0000000083f00000|  0%| F|  |TAMS 0x0000000083e00000| PB 0x0000000083e00000| Untracked |  0
|  63|0x0000000083f00000, 0x0000000084000000, 0x0000000084000000|100%| O|  |TAMS 0x0000000083f00000| PB 0x0000000083f00000| Untracked |  0
|  64|0x0000000084000000, 0x0000000084100000, 0x0000000084100000|100%| O|  |TAMS 0x0000000084000000| PB 0x0000000084000000| Untracked |  0
|  65|0x0000000084100000, 0x0000000084200000, 0x0000000084200000|100%| O|  |TAMS 0x0000000084100000| PB 0x0000000084100000| Untracked |  0
|  66|0x0000000084200000, 0x0000000084300000, 0x0000000084300000|100%| O|  |TAMS 0x0000000084200000| PB 0x0000000084200000| Untracked |  0
|  67|0x0000000084300000, 0x0000000084400000, 0x0000000084400000|100%| O|  |TAMS 0x0000000084300000| PB 0x0000000084300000| Untracked |  0
|  68|0x0000000084400000, 0x0000000084400000, 0x0000000084500000|  0%| F|  |TAMS 0x0000000084400000| PB 0x0000000084400000| Untracked |  0
|  69|0x0000000084500000, 0x0000000084500000, 0x0000000084600000|  0%| F|  |TAMS 0x0000000084500000| PB 0x0000000084500000| Untracked |  0
|  70|0x0000000084600000, 0x0000000084700000, 0x0000000084700000|100%| O|  |TAMS 0x0000000084600000| PB 0x0000000084600000| Untracked |  0
|  71|0x0000000084700000, 0x0000000084700000, 0x0000000084800000|  0%| F|  |TAMS 0x0000000084700000| PB 0x0000000084700000| Untracked |  0
|  72|0x0000000084800000, 0x0000000084800000, 0x0000000084900000|  0%| F|  |TAMS 0x0000000084800000| PB 0x0000000084800000| Untracked |  0
|  73|0x0000000084900000, 0x0000000084900000, 0x0000000084a00000|  0%| F|  |TAMS 0x0000000084900000| PB 0x0000000084900000| Untracked |  0
|  74|0x0000000084a00000, 0x0000000084b00000, 0x0000000084b00000|100%| O|  |TAMS 0x0000000084a00000| PB 0x0000000084a00000| Untracked |  0
|  75|0x0000000084b00000, 0x0000000084c00000, 0x0000000084c00000|100%| O|  |TAMS 0x0000000084b00000| PB 0x0000000084b00000| Untracked |  0
|  76|0x0000000084c00000, 0x0000000084c00000, 0x0000000084d00000|  0%| F|  |TAMS 0x0000000084c00000| PB 0x0000000084c00000| Untracked |  0
|  77|0x0000000084d00000, 0x0000000084d00000, 0x0000000084e00000|  0%| F|  |TAMS 0x0000000084d00000| PB 0x0000000084d00000| Untracked |  0
|  78|0x0000000084e00000, 0x0000000084e00000, 0x0000000084f00000|  0%| F|  |TAMS 0x0000000084e00000| PB 0x0000000084e00000| Untracked |  0
|  79|0x0000000084f00000, 0x0000000085000000, 0x0000000085000000|100%| O|  |TAMS 0x0000000084f00000| PB 0x0000000084f00000| Untracked |  0
|  80|0x0000000085000000, 0x0000000085100000, 0x0000000085100000|100%| O|  |TAMS 0x0000000085000000| PB 0x0000000085000000| Untracked |  0
|  81|0x0000000085100000, 0x0000000085200000, 0x0000000085200000|100%| O|  |TAMS 0x0000000085100000| PB 0x0000000085100000| Untracked |  0
|  82|0x0000000085200000, 0x0000000085300000, 0x0000000085300000|100%| O|  |TAMS 0x0000000085200000| PB 0x0000000085200000| Untracked |  0
|  83|0x0000000085300000, 0x0000000085300000, 0x0000000085400000|  0%| F|  |TAMS 0x0000000085300000| PB 0x0000000085300000| Untracked |  0
|  84|0x0000000085400000, 0x00000000854720b0, 0x0000000085500000| 44%| S|CS|TAMS 0x0000000085400000| PB 0x0000000085400000| Complete |  0
|  85|0x0000000085500000, 0x0000000085600000, 0x0000000085600000|100%| S|CS|TAMS 0x0000000085500000| PB 0x0000000085500000| Complete |  0
|  86|0x0000000085600000, 0x0000000085700000, 0x0000000085700000|100%| S|CS|TAMS 0x0000000085600000| PB 0x0000000085600000| Complete |  0
|  87|0x0000000085700000, 0x0000000085800000, 0x0000000085800000|100%| O|  |TAMS 0x0000000085700000| PB 0x0000000085700000| Untracked |  0
|  88|0x0000000085800000, 0x0000000085900000, 0x0000000085900000|100%| O|  |TAMS 0x0000000085800000| PB 0x0000000085800000| Untracked |  0
|  89|0x0000000085900000, 0x0000000085a00000, 0x0000000085a00000|100%| O|  |TAMS 0x0000000085900000| PB 0x0000000085900000| Untracked |  0
|  90|0x0000000085a00000, 0x0000000085b00000, 0x0000000085b00000|100%| O|  |TAMS 0x0000000085a00000| PB 0x0000000085a00000| Untracked |  0
|  91|0x0000000085b00000, 0x0000000085c00000, 0x0000000085c00000|100%| O|  |TAMS 0x0000000085b00000| PB 0x0000000085b00000| Untracked |  0
|  92|0x0000000085c00000, 0x0000000085d00000, 0x0000000085d00000|100%| O|  |TAMS 0x0000000085c00000| PB 0x0000000085c00000| Untracked |  0
|  93|0x0000000085d00000, 0x0000000085e00000, 0x0000000085e00000|100%| O|  |TAMS 0x0000000085d00000| PB 0x0000000085d00000| Untracked |  0
|  94|0x0000000085e00000, 0x0000000085f00000, 0x0000000085f00000|100%| O|  |TAMS 0x0000000085e00000| PB 0x0000000085e00000| Untracked |  0
|  95|0x0000000085f00000, 0x0000000086000000, 0x0000000086000000|100%| O|  |TAMS 0x0000000085f00000| PB 0x0000000085f00000| Untracked |  0
|  96|0x0000000086000000, 0x0000000086100000, 0x0000000086100000|100%| S|CS|TAMS 0x0000000086000000| PB 0x0000000086000000| Complete |  0
|  97|0x0000000086100000, 0x0000000086100000, 0x0000000086200000|  0%| F|  |TAMS 0x0000000086100000| PB 0x0000000086100000| Untracked |  0
|  98|0x0000000086200000, 0x0000000086200000, 0x0000000086300000|  0%| F|  |TAMS 0x0000000086200000| PB 0x0000000086200000| Untracked |  0
|  99|0x0000000086300000, 0x0000000086300000, 0x0000000086400000|  0%| F|  |TAMS 0x0000000086300000| PB 0x0000000086300000| Untracked |  0
| 100|0x0000000086400000, 0x0000000086400000, 0x0000000086500000|  0%| F|  |TAMS 0x0000000086400000| PB 0x0000000086400000| Untracked |  0
| 101|0x0000000086500000, 0x0000000086500000, 0x0000000086600000|  0%| F|  |TAMS 0x0000000086500000| PB 0x0000000086500000| Untracked |  0
| 102|0x0000000086600000, 0x0000000086600000, 0x0000000086700000|  0%| F|  |TAMS 0x0000000086600000| PB 0x0000000086600000| Untracked |  0
| 103|0x0000000086700000, 0x0000000086700000, 0x0000000086800000|  0%| F|  |TAMS 0x0000000086700000| PB 0x0000000086700000| Untracked |  0
| 104|0x0000000086800000, 0x0000000086800000, 0x0000000086900000|  0%| F|  |TAMS 0x0000000086800000| PB 0x0000000086800000| Untracked |  0
| 105|0x0000000086900000, 0x0000000086900000, 0x0000000086a00000|  0%| F|  |TAMS 0x0000000086900000| PB 0x0000000086900000| Untracked |  0
| 106|0x0000000086a00000, 0x0000000086a00000, 0x0000000086b00000|  0%| F|  |TAMS 0x0000000086a00000| PB 0x0000000086a00000| Untracked |  0
| 107|0x0000000086b00000, 0x0000000086b00000, 0x0000000086c00000|  0%| F|  |TAMS 0x0000000086b00000| PB 0x0000000086b00000| Untracked |  0
| 108|0x0000000086c00000, 0x0000000086c00000, 0x0000000086d00000|  0%| F|  |TAMS 0x0000000086c00000| PB 0x0000000086c00000| Untracked |  0
| 109|0x0000000086d00000, 0x0000000086d00000, 0x0000000086e00000|  0%| F|  |TAMS 0x0000000086d00000| PB 0x0000000086d00000| Untracked |  0
| 110|0x0000000086e00000, 0x0000000086e00000, 0x0000000086f00000|  0%| F|  |TAMS 0x0000000086e00000| PB 0x0000000086e00000| Untracked |  0
| 111|0x0000000086f00000, 0x0000000086f00000, 0x0000000087000000|  0%| F|  |TAMS 0x0000000086f00000| PB 0x0000000086f00000| Untracked |  0
| 112|0x0000000087000000, 0x0000000087000000, 0x0000000087100000|  0%| F|  |TAMS 0x0000000087000000| PB 0x0000000087000000| Untracked |  0
| 113|0x0000000087100000, 0x0000000087100000, 0x0000000087200000|  0%| F|  |TAMS 0x0000000087100000| PB 0x0000000087100000| Untracked |  0
| 114|0x0000000087200000, 0x0000000087200000, 0x0000000087300000|  0%| F|  |TAMS 0x0000000087200000| PB 0x0000000087200000| Untracked |  0
| 115|0x0000000087300000, 0x0000000087300000, 0x0000000087400000|  0%| F|  |TAMS 0x0000000087300000| PB 0x0000000087300000| Untracked |  0
| 116|0x0000000087400000, 0x0000000087400000, 0x0000000087500000|  0%| F|  |TAMS 0x0000000087400000| PB 0x0000000087400000| Untracked |  0
| 117|0x0000000087500000, 0x0000000087500000, 0x0000000087600000|  0%| F|  |TAMS 0x0000000087500000| PB 0x0000000087500000| Untracked |  0
| 118|0x0000000087600000, 0x0000000087600000, 0x0000000087700000|  0%| F|  |TAMS 0x0000000087600000| PB 0x0000000087600000| Untracked |  0
| 119|0x0000000087700000, 0x0000000087700000, 0x0000000087800000|  0%| F|  |TAMS 0x0000000087700000| PB 0x0000000087700000| Untracked |  0
| 120|0x0000000087800000, 0x0000000087800000, 0x0000000087900000|  0%| F|  |TAMS 0x0000000087800000| PB 0x0000000087800000| Untracked |  0
| 121|0x0000000087900000, 0x0000000087900000, 0x0000000087a00000|  0%| F|  |TAMS 0x0000000087900000| PB 0x0000000087900000| Untracked |  0
| 122|0x0000000087a00000, 0x0000000087a00000, 0x0000000087b00000|  0%| F|  |TAMS 0x0000000087a00000| PB 0x0000000087a00000| Untracked |  0
| 123|0x0000000087b00000, 0x0000000087b00000, 0x0000000087c00000|  0%| F|  |TAMS 0x0000000087b00000| PB 0x0000000087b00000| Untracked |  0
| 124|0x0000000087c00000, 0x0000000087c00000, 0x0000000087d00000|  0%| F|  |TAMS 0x0000000087c00000| PB 0x0000000087c00000| Untracked |  0
| 125|0x0000000087d00000, 0x0000000087d00000, 0x0000000087e00000|  0%| F|  |TAMS 0x0000000087d00000| PB 0x0000000087d00000| Untracked |  0
| 126|0x0000000087e00000, 0x0000000087e00000, 0x0000000087f00000|  0%| F|  |TAMS 0x0000000087e00000| PB 0x0000000087e00000| Untracked |  0
| 127|0x0000000087f00000, 0x0000000087f00000, 0x0000000088000000|  0%| F|  |TAMS 0x0000000087f00000| PB 0x0000000087f00000| Untracked |  0
| 128|0x0000000088000000, 0x0000000088000000, 0x0000000088100000|  0%| F|  |TAMS 0x0000000088000000| PB 0x0000000088000000| Untracked |  0
| 129|0x0000000088100000, 0x0000000088100000, 0x0000000088200000|  0%| F|  |TAMS 0x0000000088100000| PB 0x0000000088100000| Untracked |  0
| 130|0x0000000088200000, 0x0000000088200000, 0x0000000088300000|  0%| F|  |TAMS 0x0000000088200000| PB 0x0000000088200000| Untracked |  0
| 131|0x0000000088300000, 0x0000000088300000, 0x0000000088400000|  0%| F|  |TAMS 0x0000000088300000| PB 0x0000000088300000| Untracked |  0
| 132|0x0000000088400000, 0x0000000088400000, 0x0000000088500000|  0%| F|  |TAMS 0x0000000088400000| PB 0x0000000088400000| Untracked |  0
| 133|0x0000000088500000, 0x0000000088500000, 0x0000000088600000|  0%| F|  |TAMS 0x0000000088500000| PB 0x0000000088500000| Untracked |  0
| 134|0x0000000088600000, 0x0000000088600000, 0x0000000088700000|  0%| F|  |TAMS 0x0000000088600000| PB 0x0000000088600000| Untracked |  0
| 135|0x0000000088700000, 0x0000000088700000, 0x0000000088800000|  0%| F|  |TAMS 0x0000000088700000| PB 0x0000000088700000| Untracked |  0
| 136|0x0000000088800000, 0x0000000088800000, 0x0000000088900000|  0%| F|  |TAMS 0x0000000088800000| PB 0x0000000088800000| Untracked |  0
| 137|0x0000000088900000, 0x0000000088900000, 0x0000000088a00000|  0%| F|  |TAMS 0x0000000088900000| PB 0x0000000088900000| Untracked |  0
| 138|0x0000000088a00000, 0x0000000088a00000, 0x0000000088b00000|  0%| F|  |TAMS 0x0000000088a00000| PB 0x0000000088a00000| Untracked |  0
| 139|0x0000000088b00000, 0x0000000088b00000, 0x0000000088c00000|  0%| F|  |TAMS 0x0000000088b00000| PB 0x0000000088b00000| Untracked |  0
| 140|0x0000000088c00000, 0x0000000088c00000, 0x0000000088d00000|  0%| F|  |TAMS 0x0000000088c00000| PB 0x0000000088c00000| Untracked |  0
| 141|0x0000000088d00000, 0x0000000088d00000, 0x0000000088e00000|  0%| F|  |TAMS 0x0000000088d00000| PB 0x0000000088d00000| Untracked |  0
| 142|0x0000000088e00000, 0x0000000088e00000, 0x0000000088f00000|  0%| F|  |TAMS 0x0000000088e00000| PB 0x0000000088e00000| Untracked |  0
| 143|0x0000000088f00000, 0x0000000088f00000, 0x0000000089000000|  0%| F|  |TAMS 0x0000000088f00000| PB 0x0000000088f00000| Untracked |  0
| 144|0x0000000089000000, 0x0000000089000000, 0x0000000089100000|  0%| F|  |TAMS 0x0000000089000000| PB 0x0000000089000000| Untracked |  0
| 145|0x0000000089100000, 0x0000000089100000, 0x0000000089200000|  0%| F|  |TAMS 0x0000000089100000| PB 0x0000000089100000| Untracked |  0
| 146|0x0000000089200000, 0x0000000089200000, 0x0000000089300000|  0%| F|  |TAMS 0x0000000089200000| PB 0x0000000089200000| Untracked |  0
| 147|0x0000000089300000, 0x0000000089300000, 0x0000000089400000|  0%| F|  |TAMS 0x0000000089300000| PB 0x0000000089300000| Untracked |  0
| 148|0x0000000089400000, 0x0000000089400000, 0x0000000089500000|  0%| F|  |TAMS 0x0000000089400000| PB 0x0000000089400000| Untracked |  0
| 149|0x0000000089500000, 0x0000000089500000, 0x0000000089600000|  0%| F|  |TAMS 0x0000000089500000| PB 0x0000000089500000| Untracked |  0
| 150|0x0000000089600000, 0x0000000089600000, 0x0000000089700000|  0%| F|  |TAMS 0x0000000089600000| PB 0x0000000089600000| Untracked |  0
| 151|0x0000000089700000, 0x0000000089700000, 0x0000000089800000|  0%| F|  |TAMS 0x0000000089700000| PB 0x0000000089700000| Untracked |  0
| 152|0x0000000089800000, 0x0000000089800000, 0x0000000089900000|  0%| F|  |TAMS 0x0000000089800000| PB 0x0000000089800000| Untracked |  0
| 153|0x0000000089900000, 0x0000000089900000, 0x0000000089a00000|  0%| F|  |TAMS 0x0000000089900000| PB 0x0000000089900000| Untracked |  0
|2035|0x00000000ff300000, 0x00000000ff400000, 0x00000000ff400000|100%| O|  |TAMS 0x00000000ff300000| PB 0x00000000ff300000| Untracked |  0
|2036|0x00000000ff400000, 0x00000000ff400000, 0x00000000ff500000|  0%| F|  |TAMS 0x00000000ff400000| PB 0x00000000ff400000| Untracked |  0
|2037|0x00000000ff500000, 0x00000000ff500000, 0x00000000ff600000|  0%| F|  |TAMS 0x00000000ff500000| PB 0x00000000ff500000| Untracked |  0
|2038|0x00000000ff600000, 0x00000000ff700000, 0x00000000ff700000|100%| O|  |TAMS 0x00000000ff600000| PB 0x00000000ff600000| Untracked |  0
|2039|0x00000000ff700000, 0x00000000ff800000, 0x00000000ff800000|100%| O|  |TAMS 0x00000000ff700000| PB 0x00000000ff700000| Untracked |  0
|2040|0x00000000ff800000, 0x00000000ff900000, 0x00000000ff900000|100%| O|  |TAMS 0x00000000ff800000| PB 0x00000000ff800000| Untracked |  0
|2041|0x00000000ff900000, 0x00000000ffa00000, 0x00000000ffa00000|100%| O|  |TAMS 0x00000000ff900000| PB 0x00000000ff900000| Untracked |  0
|2042|0x00000000ffa00000, 0x00000000ffa00000, 0x00000000ffb00000|  0%| F|  |TAMS 0x00000000ffa00000| PB 0x00000000ffa00000| Untracked |  0
|2043|0x00000000ffb00000, 0x00000000ffc00000, 0x00000000ffc00000|100%| O|  |TAMS 0x00000000ffb00000| PB 0x00000000ffb00000| Untracked |  0
|2044|0x00000000ffc00000, 0x00000000ffd00000, 0x00000000ffd00000|100%| O|  |TAMS 0x00000000ffc00000| PB 0x00000000ffc00000| Untracked |  0
|2045|0x00000000ffd00000, 0x00000000ffe00000, 0x00000000ffe00000|100%| O|  |TAMS 0x00000000ffd00000| PB 0x00000000ffd00000| Untracked |  0
|2046|0x00000000ffe00000, 0x00000000fff00000, 0x00000000fff00000|100%| O|  |TAMS 0x00000000ffe00000| PB 0x00000000ffe00000| Untracked |  0
|2047|0x00000000fff00000, 0x0000000100000000, 0x0000000100000000|100%| O|  |TAMS 0x00000000fff00000| PB 0x00000000fff00000| Untracked |  0

Card table byte_map: [0x0000020a71bf0000,0x0000020a71ff0000] _byte_map_base: 0x0000020a717f0000

Marking Bits: (CMBitMap*) 0x0000020a68fa97a0
 Bits: [0x0000020a71ff0000, 0x0000020a73ff0000)

Polling page: 0x0000020a66e80000

Metaspace:

Usage:
  Non-class:     95.12 MB used.
      Class:     14.62 MB used.
       Both:    109.74 MB used.

Virtual space:
  Non-class space:      128.00 MB reserved,      96.31 MB ( 75%) committed,  2 nodes.
      Class space:        1.00 GB reserved,      15.75 MB (  2%) committed,  1 nodes.
             Both:        1.12 GB reserved,     112.06 MB ( 10%) committed. 

Chunk freelists:
   Non-Class:  15.73 MB
       Class:  255.00 KB
        Both:  15.98 MB

MaxMetaspaceSize: unlimited
CompressedClassSpaceSize: 1.00 GB
Initial GC threshold: 21.00 MB
Current GC threshold: 180.56 MB
CDS: on
 - commit_granule_bytes: 65536.
 - commit_granule_words: 8192.
 - virtual_space_node_default_size: 8388608.
 - enlarge_chunks_in_place: 1.
 - use_allocation_guard: 0.


Internal statistics:

num_allocs_failed_limit: 12.
num_arena_births: 4042.
num_arena_deaths: 0.
num_vsnodes_births: 3.
num_vsnodes_deaths: 0.
num_space_committed: 1792.
num_space_uncommitted: 0.
num_chunks_returned_to_freelist: 12.
num_chunks_taken_from_freelist: 8653.
num_chunk_merges: 12.
num_chunk_splits: 6116.
num_chunks_enlarged: 4338.
num_inconsistent_stats: 0.

CodeHeap 'non-profiled nmethods': size=120000Kb used=6666Kb max_used=6666Kb free=113333Kb
 bounds [0x0000020a07ad0000, 0x0000020a08160000, 0x0000020a0f000000]
CodeHeap 'profiled nmethods': size=120000Kb used=24337Kb max_used=24337Kb free=95662Kb
 bounds [0x0000020a00000000, 0x0000020a017d0000, 0x0000020a07530000]
CodeHeap 'non-nmethods': size=5760Kb used=2328Kb max_used=2385Kb free=3431Kb
 bounds [0x0000020a07530000, 0x0000020a077a0000, 0x0000020a07ad0000]
 total_blobs=12766 nmethods=11767 adapters=900
 compilation: enabled
              stopped_count=0, restarted_count=0
 full_count=0

Compilation events (20 events):
Event: 16.604 Thread 0x0000020a54131e90 nmethod 13378 0x0000020a017bcc90 code [0x0000020a017bcea0, 0x0000020a017bd598]
Event: 16.604 Thread 0x0000020a54131e90 13379       3       com.google.common.collect.CollectSpliterators$1WithCharacteristics::estimateSize (10 bytes)
Event: 16.604 Thread 0x0000020a54131e90 nmethod 13379 0x0000020a017bd810 code [0x0000020a017bd9c0, 0x0000020a017bdb98]
Event: 16.604 Thread 0x0000020a54131e90 13380       3       org.gradle.internal.snapshot.DirectorySnapshot::getType (4 bytes)
Event: 16.604 Thread 0x0000020a54131e90 nmethod 13380 0x0000020a017bdc90 code [0x0000020a017bde20, 0x0000020a017bdf38]
Event: 16.604 Thread 0x0000020a54131e90 13381       3       org.gradle.internal.execution.workspace.impl.CacheBasedImmutableWorkspaceProvider::getWorkspace (32 bytes)
Event: 16.605 Thread 0x0000020a54131e90 nmethod 13381 0x0000020a017be010 code [0x0000020a017be1e0, 0x0000020a017be628]
Event: 16.605 Thread 0x0000020a54131e90 13382       3       org.gradle.internal.snapshot.impl.FilteredTrackingMerkleDirectorySnapshotBuilder::<init> (41 bytes)
Event: 16.605 Thread 0x0000020a54131e90 nmethod 13382 0x0000020a017be810 code [0x0000020a017bea40, 0x0000020a017bf438]
Event: 16.605 Thread 0x0000020a54131e90 13383       3       org.gradle.internal.execution.steps.ExecuteWorkBuildOperationFiringStep::execute (32 bytes)
Event: 16.607 Thread 0x0000020a54131e90 nmethod 13383 0x0000020a017bf710 code [0x0000020a017bfa20, 0x0000020a017c0f18]
Event: 16.607 Thread 0x0000020a54131e90 13384       3       org.gradle.internal.execution.steps.ExecuteWorkBuildOperationFiringStep::execute (10 bytes)
Event: 16.608 Thread 0x0000020a54131e90 nmethod 13384 0x0000020a017c1590 code [0x0000020a017c18c0, 0x0000020a017c2ee0]
Event: 16.609 Thread 0x0000020a54131e90 13388       3       com.google.common.collect.RegularImmutableAsList::<init> (15 bytes)
Event: 16.609 Thread 0x0000020a54131e90 nmethod 13388 0x0000020a017c3590 code [0x0000020a017c3760, 0x0000020a017c3af8]
Event: 16.609 Thread 0x0000020a54131e90 13387       3       org.gradle.internal.vfs.impl.DefaultFileSystemAccess$$Lambda/0x0000020a10d586a8::accept (14 bytes)
Event: 16.610 Thread 0x0000020a54131e90 nmethod 13387 0x0000020a017c3c90 code [0x0000020a017c3e40, 0x0000020a017c4128]
Event: 16.610 Thread 0x0000020a54131e90 13385       3       org.gradle.internal.execution.steps.ChoosePipelineStep::execute (10 bytes)
Event: 16.610 Thread 0x0000020a54131e90 nmethod 13385 0x0000020a017c4290 code [0x0000020a017c4440, 0x0000020a017c4658]
Event: 16.610 Thread 0x0000020a54131e90 13393       3       org.gradle.internal.execution.steps.ExecuteWorkBuildOperationFiringStep::lambda$execute$0 (78 bytes)

GC Heap History (20 events):
Event: 10.510 GC heap after
{Heap after GC invocations=21 (full 0):
 garbage-first heap   total reserved 2097152K, committed 150528K, used 71045K [0x0000000080000000, 0x0000000100000000)
  region size 1024K, 6 young (6144K), 6 survivors (6144K)
 Metaspace       used 79128K, committed 81088K, reserved 1179648K
  class space    used 10932K, committed 11840K, reserved 1048576K
}
Event: 11.286 GC heap before
{Heap before GC invocations=21 (full 0):
 garbage-first heap   total reserved 2097152K, committed 150528K, used 132485K [0x0000000080000000, 0x0000000100000000)
  region size 1024K, 67 young (68608K), 6 survivors (6144K)
 Metaspace       used 87064K, committed 89024K, reserved 1179648K
  class space    used 11866K, committed 12800K, reserved 1048576K
}
Event: 11.297 GC heap after
{Heap after GC invocations=22 (full 0):
 garbage-first heap   total reserved 2097152K, committed 150528K, used 75985K [0x0000000080000000, 0x0000000100000000)
  region size 1024K, 8 young (8192K), 8 survivors (8192K)
 Metaspace       used 87064K, committed 89024K, reserved 1179648K
  class space    used 11866K, committed 12800K, reserved 1048576K
}
Event: 12.164 GC heap before
{Heap before GC invocations=23 (full 0):
 garbage-first heap   total reserved 2097152K, committed 150528K, used 133329K [0x0000000080000000, 0x0000000100000000)
  region size 1024K, 64 young (65536K), 8 survivors (8192K)
 Metaspace       used 95813K, committed 97792K, reserved 1179648K
  class space    used 12669K, committed 13632K, reserved 1048576K
}
Event: 12.172 GC heap after
{Heap after GC invocations=24 (full 0):
 garbage-first heap   total reserved 2097152K, committed 150528K, used 76780K [0x0000000080000000, 0x0000000100000000)
  region size 1024K, 6 young (6144K), 6 survivors (6144K)
 Metaspace       used 95813K, committed 97792K, reserved 1179648K
  class space    used 12669K, committed 13632K, reserved 1048576K
}
Event: 12.951 GC heap before
{Heap before GC invocations=24 (full 0):
 garbage-first heap   total reserved 2097152K, committed 150528K, used 136172K [0x0000000080000000, 0x0000000100000000)
  region size 1024K, 63 young (64512K), 6 survivors (6144K)
 Metaspace       used 100568K, committed 102784K, reserved 1179648K
  class space    used 13442K, committed 14464K, reserved 1048576K
}
Event: 12.962 GC heap after
{Heap after GC invocations=25 (full 0):
 garbage-first heap   total reserved 2097152K, committed 151552K, used 82614K [0x0000000080000000, 0x0000000100000000)
  region size 1024K, 8 young (8192K), 8 survivors (8192K)
 Metaspace       used 100568K, committed 102784K, reserved 1179648K
  class space    used 13442K, committed 14464K, reserved 1048576K
}
Event: 13.319 GC heap before
{Heap before GC invocations=25 (full 0):
 garbage-first heap   total reserved 2097152K, committed 151552K, used 133814K [0x0000000080000000, 0x0000000100000000)
  region size 1024K, 58 young (59392K), 8 survivors (8192K)
 Metaspace       used 101155K, committed 103360K, reserved 1179648K
  class space    used 13483K, committed 14528K, reserved 1048576K
}
Event: 13.326 GC heap after
{Heap after GC invocations=26 (full 0):
 garbage-first heap   total reserved 2097152K, committed 151552K, used 87504K [0x0000000080000000, 0x0000000100000000)
  region size 1024K, 5 young (5120K), 5 survivors (5120K)
 Metaspace       used 101155K, committed 103360K, reserved 1179648K
  class space    used 13483K, committed 14528K, reserved 1048576K
}
Event: 14.252 GC heap before
{Heap before GC invocations=27 (full 0):
 garbage-first heap   total reserved 2097152K, committed 151552K, used 137680K [0x0000000080000000, 0x0000000100000000)
  region size 1024K, 54 young (55296K), 5 survivors (5120K)
 Metaspace       used 106181K, committed 108416K, reserved 1179648K
  class space    used 14223K, committed 15296K, reserved 1048576K
}
Event: 14.259 GC heap after
{Heap after GC invocations=28 (full 0):
 garbage-first heap   total reserved 2097152K, committed 151552K, used 92747K [0x0000000080000000, 0x0000000100000000)
  region size 1024K, 5 young (5120K), 5 survivors (5120K)
 Metaspace       used 106181K, committed 108416K, reserved 1179648K
  class space    used 14223K, committed 15296K, reserved 1048576K
}
Event: 14.686 GC heap before
{Heap before GC invocations=28 (full 0):
 garbage-first heap   total reserved 2097152K, committed 151552K, used 138827K [0x0000000080000000, 0x0000000100000000)
  region size 1024K, 49 young (50176K), 5 survivors (5120K)
 Metaspace       used 108242K, committed 110592K, reserved 1179648K
  class space    used 14548K, committed 15680K, reserved 1048576K
}
Event: 14.698 GC heap after
{Heap after GC invocations=29 (full 0):
 garbage-first heap   total reserved 2097152K, committed 153600K, used 99425K [0x0000000080000000, 0x0000000100000000)
  region size 1024K, 7 young (7168K), 7 survivors (7168K)
 Metaspace       used 108242K, committed 110592K, reserved 1179648K
  class space    used 14548K, committed 15680K, reserved 1048576K
}
Event: 14.943 GC heap before
{Heap before GC invocations=29 (full 0):
 garbage-first heap   total reserved 2097152K, committed 153600K, used 137313K [0x0000000080000000, 0x0000000100000000)
  region size 1024K, 44 young (45056K), 7 survivors (7168K)
 Metaspace       used 108643K, committed 110912K, reserved 1179648K
  class space    used 14577K, committed 15680K, reserved 1048576K
}
Event: 14.949 GC heap after
{Heap after GC invocations=30 (full 0):
 garbage-first heap   total reserved 2097152K, committed 153600K, used 100925K [0x0000000080000000, 0x0000000100000000)
  region size 1024K, 4 young (4096K), 4 survivors (4096K)
 Metaspace       used 108643K, committed 110912K, reserved 1179648K
  class space    used 14577K, committed 15680K, reserved 1048576K
}
Event: 15.939 GC heap before
{Heap before GC invocations=31 (full 0):
 garbage-first heap   total reserved 2097152K, committed 171008K, used 138813K [0x0000000080000000, 0x0000000100000000)
  region size 1024K, 41 young (41984K), 4 survivors (4096K)
 Metaspace       used 111215K, committed 113536K, reserved 1179648K
  class space    used 14871K, committed 16000K, reserved 1048576K
}
Event: 15.947 GC heap after
{Heap after GC invocations=32 (full 0):
 garbage-first heap   total reserved 2097152K, committed 171008K, used 105967K [0x0000000080000000, 0x0000000100000000)
  region size 1024K, 6 young (6144K), 6 survivors (6144K)
 Metaspace       used 111215K, committed 113536K, reserved 1179648K
  class space    used 14871K, committed 16000K, reserved 1048576K
}
Event: 16.327 GC heap before
{Heap before GC invocations=32 (full 0):
 garbage-first heap   total reserved 2097152K, committed 171008K, used 153071K [0x0000000080000000, 0x0000000100000000)
  region size 1024K, 53 young (54272K), 6 survivors (6144K)
 Metaspace       used 112093K, committed 114496K, reserved 1179648K
  class space    used 14972K, committed 16128K, reserved 1048576K
}
Event: 16.334 GC heap after
{Heap after GC invocations=33 (full 0):
 garbage-first heap   total reserved 2097152K, committed 171008K, used 95974K [0x0000000080000000, 0x0000000100000000)
  region size 1024K, 5 young (5120K), 5 survivors (5120K)
 Metaspace       used 112093K, committed 114496K, reserved 1179648K
  class space    used 14972K, committed 16128K, reserved 1048576K
}
Event: 16.611 GC heap before
{Heap before GC invocations=33 (full 0):
 garbage-first heap   total reserved 2097152K, committed 171008K, used 151270K [0x0000000080000000, 0x0000000100000000)
  region size 1024K, 60 young (61440K), 5 survivors (5120K)
 Metaspace       used 112378K, committed 114752K, reserved 1179648K
  class space    used 14974K, committed 16128K, reserved 1048576K
}

Dll operation events (15 events):
Event: 0.012 Loaded shared library C:\Program Files\Java\jdk-22\bin\java.dll
Event: 0.040 Loaded shared library C:\Program Files\Java\jdk-22\bin\jsvml.dll
Event: 0.074 Loaded shared library C:\Program Files\Java\jdk-22\bin\zip.dll
Event: 0.078 Loaded shared library C:\Program Files\Java\jdk-22\bin\instrument.dll
Event: 0.082 Loaded shared library C:\Program Files\Java\jdk-22\bin\net.dll
Event: 0.083 Loaded shared library C:\Program Files\Java\jdk-22\bin\nio.dll
Event: 0.086 Loaded shared library C:\Program Files\Java\jdk-22\bin\zip.dll
Event: 0.381 Loaded shared library C:\Program Files\Java\jdk-22\bin\jimage.dll
Event: 0.509 Loaded shared library C:\Program Files\Java\jdk-22\bin\verify.dll
Event: 0.609 Loaded shared library C:\Users\Victus\.gradle\native\c067742578af261105cb4f569cf0c3c89f3d7b1fecec35dd04571415982c5e48\windows-amd64\native-platform.dll
Event: 0.630 Loaded shared library C:\Users\Victus\.gradle\native\100fb08df4bc3b14c8652ba06237920a3bd2aa13389f12d3474272988ae205f9\windows-amd64\native-platform-file-events.dll
Event: 1.842 Loaded shared library C:\Program Files\Java\jdk-22\bin\management.dll
Event: 1.844 Loaded shared library C:\Program Files\Java\jdk-22\bin\management_ext.dll
Event: 2.039 Loaded shared library C:\Program Files\Java\jdk-22\bin\extnet.dll
Event: 2.191 Loaded shared library C:\Program Files\Java\jdk-22\bin\sunmscapi.dll

Deoptimization events (20 events):
Event: 16.339 Thread 0x0000020a583d7970 Uncommon trap: trap_request=0xffffff45 fr.pc=0x0000020a07d0e998 relative=0x00000000000010b8
Event: 16.339 Thread 0x0000020a583d7970 Uncommon trap: reason=unstable_if action=reinterpret pc=0x0000020a07d0e998 method=java.util.concurrent.ConcurrentHashMap.computeIfAbsent(Ljava/lang/Object;Ljava/util/function/Function;)Ljava/lang/Object; @ 279 c2
Event: 16.339 Thread 0x0000020a583d7970 DEOPT PACKING pc=0x0000020a07d0e998 sp=0x0000001e2a4fe0a0
Event: 16.339 Thread 0x0000020a583d7970 DEOPT UNPACKING pc=0x0000020a075846a2 sp=0x0000001e2a4fe018 mode 2
Event: 16.339 Thread 0x0000020a583d72e0 Uncommon trap: trap_request=0xffffff45 fr.pc=0x0000020a07d0e998 relative=0x00000000000010b8
Event: 16.339 Thread 0x0000020a583d72e0 Uncommon trap: reason=unstable_if action=reinterpret pc=0x0000020a07d0e998 method=java.util.concurrent.ConcurrentHashMap.computeIfAbsent(Ljava/lang/Object;Ljava/util/function/Function;)Ljava/lang/Object; @ 279 c2
Event: 16.339 Thread 0x0000020a583d72e0 DEOPT PACKING pc=0x0000020a07d0e998 sp=0x0000001e2a2fe170
Event: 16.339 Thread 0x0000020a583d72e0 DEOPT UNPACKING pc=0x0000020a075846a2 sp=0x0000001e2a2fe0e8 mode 2
Event: 16.339 Thread 0x0000020a583d37d0 Uncommon trap: trap_request=0xffffff45 fr.pc=0x0000020a07d0e998 relative=0x00000000000010b8
Event: 16.339 Thread 0x0000020a583d37d0 Uncommon trap: reason=unstable_if action=reinterpret pc=0x0000020a07d0e998 method=java.util.concurrent.ConcurrentHashMap.computeIfAbsent(Ljava/lang/Object;Ljava/util/function/Function;)Ljava/lang/Object; @ 279 c2
Event: 16.339 Thread 0x0000020a583d37d0 DEOPT PACKING pc=0x0000020a07d0e998 sp=0x0000001e2a1fde90
Event: 16.339 Thread 0x0000020a583d37d0 DEOPT UNPACKING pc=0x0000020a075846a2 sp=0x0000001e2a1fde08 mode 2
Event: 16.509 Thread 0x0000020a583d44f0 Uncommon trap: trap_request=0xffffff45 fr.pc=0x0000020a07cfac98 relative=0x0000000000001478
Event: 16.509 Thread 0x0000020a583d44f0 Uncommon trap: reason=unstable_if action=reinterpret pc=0x0000020a07cfac98 method=java.util.concurrent.ConcurrentHashMap.transfer([Ljava/util/concurrent/ConcurrentHashMap$Node;[Ljava/util/concurrent/ConcurrentHashMap$Node;)V @ 34 c2
Event: 16.509 Thread 0x0000020a583d44f0 DEOPT PACKING pc=0x0000020a07cfac98 sp=0x0000001e2a5fe200
Event: 16.509 Thread 0x0000020a583d44f0 DEOPT UNPACKING pc=0x0000020a075846a2 sp=0x0000001e2a5fe1a8 mode 2
Event: 16.509 Thread 0x0000020a583d58a0 Uncommon trap: trap_request=0xffffff45 fr.pc=0x0000020a07cfadc8 relative=0x00000000000015a8
Event: 16.509 Thread 0x0000020a583d58a0 Uncommon trap: reason=unstable_if action=reinterpret pc=0x0000020a07cfadc8 method=java.util.concurrent.ConcurrentHashMap.transfer([Ljava/util/concurrent/ConcurrentHashMap$Node;[Ljava/util/concurrent/ConcurrentHashMap$Node;)V @ 273 c2
Event: 16.509 Thread 0x0000020a583d58a0 DEOPT PACKING pc=0x0000020a07cfadc8 sp=0x0000001e2a0fdc10
Event: 16.509 Thread 0x0000020a583d58a0 DEOPT UNPACKING pc=0x0000020a075846a2 sp=0x0000001e2a0fdbb0 mode 2

Classes loaded (20 events):
Event: 15.315 Loading class jdk/internal/access/JavaObjectInputFilterAccess
Event: 15.315 Loading class jdk/internal/access/JavaObjectInputFilterAccess done
Event: 15.315 Loading class java/lang/System$Logger$Level
Event: 15.315 Loading class java/lang/System$Logger$Level done
Event: 15.316 Loading class jdk/internal/event/DeserializationEvent
Event: 15.318 Loading class jdk/internal/event/DeserializationEvent done
Event: 15.319 Loading class java/io/ObjectInputStream$FieldValues
Event: 15.319 Loading class java/io/ObjectInputStream$GetField
Event: 15.319 Loading class java/io/ObjectInputStream$GetField done
Event: 15.319 Loading class java/io/ObjectInputStream$FieldValues done
Event: 15.334 Loading class sun/reflect/ReflectionFactory
Event: 15.334 Loading class sun/reflect/ReflectionFactory done
Event: 15.334 Loading class sun/reflect/ReflectionFactory$1
Event: 15.334 Loading class sun/reflect/ReflectionFactory$1 done
Event: 15.905 Loading class java/util/Collections$ReverseComparator
Event: 15.905 Loading class java/util/Collections$ReverseComparator done
Event: 15.905 Loading class java/util/Collections$ReverseComparator2
Event: 15.905 Loading class java/util/Collections$ReverseComparator2 done
Event: 15.964 Loading class java/util/LinkedList$LLSpliterator
Event: 15.964 Loading class java/util/LinkedList$LLSpliterator done

Classes unloaded (0 events):
No events

Classes redefined (0 events):
No events

Internal exceptions (20 events):
Event: 15.179 Thread 0x0000020a55d65880 Exception <a 'sun/nio/fs/WindowsException'{0x00000000891cba58}> (0x00000000891cba58) 
thrown [s\open\src\hotspot\share\prims\jni.cpp, line 520]
Event: 15.179 Thread 0x0000020a55d65880 Exception <a 'sun/nio/fs/WindowsException'{0x00000000891cd420}> (0x00000000891cd420) 
thrown [s\open\src\hotspot\share\prims\jni.cpp, line 520]
Event: 15.182 Thread 0x0000020a55d65880 Exception <a 'sun/nio/fs/WindowsException'{0x00000000891dcdf0}> (0x00000000891dcdf0) 
thrown [s\open\src\hotspot\share\prims\jni.cpp, line 520]
Event: 15.185 Thread 0x0000020a55d65880 Exception <a 'sun/nio/fs/WindowsException'{0x00000000891e53f8}> (0x00000000891e53f8) 
thrown [s\open\src\hotspot\share\prims\jni.cpp, line 520]
Event: 15.190 Thread 0x0000020a55d65880 Exception <a 'sun/nio/fs/WindowsException'{0x00000000891ee3e0}> (0x00000000891ee3e0) 
thrown [s\open\src\hotspot\share\prims\jni.cpp, line 520]
Event: 15.282 Thread 0x0000020a55d65880 Exception <a 'java/lang/NoSuchMethodError'{0x0000000088edf788}: static Lorg/gradle/api/internal/catalog/DefaultVersionCatalog;.<clinit>()V> (0x0000000088edf788) 
thrown [s\open\src\hotspot\share\prims\jni.cpp, line 1111]
Event: 15.287 Thread 0x0000020a55d65880 Exception <a 'java/lang/NoSuchMethodError'{0x0000000088d0e860}: 'long java.lang.invoke.DirectMethodHandle$Holder.invokeSpecial(java.lang.Object, java.lang.Object)'> (0x0000000088d0e860) 
thrown [s\open\src\hotspot\share\interpreter\linkResolver.cpp, line 774]
Event: 15.288 Thread 0x0000020a55d65880 Exception <a 'java/lang/NoSuchMethodError'{0x0000000088d129f0}: 'long java.lang.invoke.Invokers$Holder.invokeExact_MT(java.lang.Object, java.lang.Object)'> (0x0000000088d129f0) 
thrown [s\open\src\hotspot\share\interpreter\linkResolver.cpp, line 774]
Event: 15.289 Thread 0x0000020a55d65880 Exception <a 'java/lang/NoSuchMethodError'{0x0000000088d33118}: static [Ljava/lang/Object;.<clinit>()V> (0x0000000088d33118) 
thrown [s\open\src\hotspot\share\prims\jni.cpp, line 1111]
Event: 15.291 Thread 0x0000020a55d65880 Exception <a 'java/lang/NoSuchMethodError'{0x0000000088d63518}: static Lorg/gradle/api/internal/catalog/DependencyModel;.<clinit>()V> (0x0000000088d63518) 
thrown [s\open\src\hotspot\share\prims\jni.cpp, line 1111]
Event: 15.292 Thread 0x0000020a55d65880 Exception <a 'java/lang/NoSuchMethodError'{0x0000000088d67010}: static Lorg/gradle/api/internal/catalog/AbstractContextAwareModel;.<clinit>()V> (0x0000000088d67010) 
thrown [s\open\src\hotspot\share\prims\jni.cpp, line 1111]
Event: 15.293 Thread 0x0000020a55d65880 Exception <a 'java/lang/NoSuchMethodError'{0x0000000088d7cd38}: static Lorg/gradle/api/internal/artifacts/dependencies/AbstractVersionConstraint;.<clinit>()V> (0x0000000088d7cd38) 
thrown [s\open\src\hotspot\share\prims\jni.cpp, line 1111]
Event: 15.303 Thread 0x0000020a55d65880 Exception <a 'java/lang/NoSuchMethodError'{0x0000000088dcdfd0}: static Lorg/gradle/api/internal/catalog/PluginModel;.<clinit>()V> (0x0000000088dcdfd0) 
thrown [s\open\src\hotspot\share\prims\jni.cpp, line 1111]
Event: 15.304 Thread 0x0000020a55d65880 Exception <a 'java/lang/NoSuchMethodError'{0x0000000088de2db8}: static Lorg/gradle/api/internal/catalog/VersionModel;.<clinit>()V> (0x0000000088de2db8) 
thrown [s\open\src\hotspot\share\prims\jni.cpp, line 1111]
Event: 15.307 Thread 0x0000020a55d65880 Exception <a 'java/lang/NoSuchMethodError'{0x0000000088c06fe0}: 'void java.lang.invoke.DirectMethodHandle$Holder.invokeSpecial(java.lang.Object, java.lang.Object, java.lang.Object, int)'> (0x0000000088c06fe0) 
thrown [s\open\src\hotspot\share\interpreter\linkResolver.cpp, line 774]
Event: 15.472 Thread 0x0000020a55d65880 Exception <a 'java/lang/NoSuchMethodError'{0x0000000088854280}: 'int java.lang.invoke.DirectMethodHandle$Holder.invokeSpecialIFC(java.lang.Object, java.lang.Object, java.lang.Object)'> (0x0000000088854280) 
thrown [s\open\src\hotspot\share\interpreter\linkResolver.cpp, line 774]
Event: 15.540 Thread 0x0000020a55d65880 Exception <a 'java/lang/NoSuchMethodError'{0x000000008840d248}: 'java.lang.Object java.lang.invoke.DirectMethodHandle$Holder.invokeSpecial(java.lang.Object, java.lang.Object, java.lang.Object, java.lang.Object, java.lang.Object, long)'> (0x000000008840d248) 
thrown [s\open\src\hotspot\share\interpreter\linkResolver.cpp, line 774]
Event: 15.542 Thread 0x0000020a55d65880 Exception <a 'java/lang/NoSuchMethodError'{0x000000008842db18}: 'void java.lang.invoke.DirectMethodHandle$Holder.invokeStatic(java.lang.Object, java.lang.Object, java.lang.Object, int, java.lang.Object)'> (0x000000008842db18) 
thrown [s\open\src\hotspot\share\interpreter\linkResolver.cpp, line 774]
Event: 15.965 Thread 0x0000020a55d65880 Exception <a 'java/lang/IncompatibleClassChangeError'{0x00000000ffa95a40}: Found class java.lang.Object, but interface was expected> (0x00000000ffa95a40) 
thrown [s\open\src\hotspot\share\interpreter\linkResolver.cpp, line 841]
Event: 16.324 Thread 0x0000020a55d65880 Exception <a 'java/lang/NoSuchMethodError'{0x00000000869d3460}: 'java.lang.Object java.lang.invoke.DirectMethodHandle$Holder.invokeSpecialIFC(java.lang.Object, java.lang.Object, java.lang.Object)'> (0x00000000869d3460) 
thrown [s\open\src\hotspot\share\interpreter\linkResolver.cpp, line 774]

ZGC Phase Switch (0 events):
No events

VM Operations (20 events):
Event: 15.012 Executing VM operation: G1PauseCleanup done
Event: 15.165 Executing VM operation: ICBufferFull
Event: 15.165 Executing VM operation: ICBufferFull done
Event: 15.285 Executing VM operation: HandshakeAllThreads (Deoptimize)
Event: 15.286 Executing VM operation: HandshakeAllThreads (Deoptimize) done
Event: 15.650 Executing VM operation: ICBufferFull
Event: 15.650 Executing VM operation: ICBufferFull done
Event: 15.864 Executing VM operation: HandshakeAllThreads (Deoptimize)
Event: 15.864 Executing VM operation: HandshakeAllThreads (Deoptimize) done
Event: 15.938 Executing VM operation: G1CollectForAllocation (G1 Evacuation Pause)
Event: 15.947 Executing VM operation: G1CollectForAllocation (G1 Evacuation Pause) done
Event: 16.149 Executing VM operation: ICBufferFull
Event: 16.149 Executing VM operation: ICBufferFull done
Event: 16.317 Executing VM operation: ICBufferFull
Event: 16.317 Executing VM operation: ICBufferFull done
Event: 16.327 Executing VM operation: G1CollectForAllocation (G1 Evacuation Pause)
Event: 16.334 Executing VM operation: G1CollectForAllocation (G1 Evacuation Pause) done
Event: 16.549 Executing VM operation: ICBufferFull
Event: 16.550 Executing VM operation: ICBufferFull done
Event: 16.610 Executing VM operation: G1CollectForAllocation (G1 Evacuation Pause)

Memory protections (0 events):
No events

Nmethod flushes (20 events):
Event: 14.986 Thread 0x0000020a76c69030 flushing  nmethod 0x0000020a009baa10
Event: 14.986 Thread 0x0000020a76c69030 flushing  nmethod 0x0000020a009bf390
Event: 14.986 Thread 0x0000020a76c69030 flushing  nmethod 0x0000020a00a1ba10
Event: 14.986 Thread 0x0000020a76c69030 flushing  nmethod 0x0000020a000b1110
Event: 14.986 Thread 0x0000020a76c69030 flushing  nmethod 0x0000020a000b8610
Event: 14.986 Thread 0x0000020a76c69030 flushing  nmethod 0x0000020a000f4310
Event: 14.986 Thread 0x0000020a76c69030 flushing  nmethod 0x0000020a00104710
Event: 14.986 Thread 0x0000020a76c69030 flushing  nmethod 0x0000020a0023e390
Event: 14.986 Thread 0x0000020a76c69030 flushing  nmethod 0x0000020a00274110
Event: 14.986 Thread 0x0000020a76c69030 flushing  nmethod 0x0000020a0044c810
Event: 14.986 Thread 0x0000020a76c69030 flushing  nmethod 0x0000020a004a8d10
Event: 14.986 Thread 0x0000020a76c69030 flushing  nmethod 0x0000020a004c5990
Event: 14.986 Thread 0x0000020a76c69030 flushing  nmethod 0x0000020a004eda90
Event: 14.986 Thread 0x0000020a76c69030 flushing  nmethod 0x0000020a0065e090
Event: 14.986 Thread 0x0000020a76c69030 flushing  nmethod 0x0000020a00685c10
Event: 14.986 Thread 0x0000020a76c69030 flushing  nmethod 0x0000020a0073fa90
Event: 14.986 Thread 0x0000020a76c69030 flushing  nmethod 0x0000020a0085aa90
Event: 14.986 Thread 0x0000020a76c69030 flushing  nmethod 0x0000020a00a40410
Event: 14.986 Thread 0x0000020a76c69030 flushing  nmethod 0x0000020a00a44e10
Event: 14.986 Thread 0x0000020a76c69030 flushing  nmethod 0x0000020a00ca8510

Events (20 events):
Event: 16.089 Thread 0x0000020a55d65880 Thread added: 0x0000020a574e2660
Event: 16.091 Thread 0x0000020a55d65880 Thread added: 0x0000020a574e40a0
Event: 16.093 Thread 0x0000020a55d65880 Thread added: 0x0000020a574e3380
Event: 16.095 Thread 0x0000020a55d65880 Thread added: 0x0000020a574e3a10
Event: 16.096 Thread 0x0000020a55d65880 Thread added: 0x0000020a5bc79bb0
Event: 16.099 Thread 0x0000020a55d65880 Thread added: 0x0000020a583d4b80
Event: 16.101 Thread 0x0000020a55d65880 Thread added: 0x0000020a583d6c50
Event: 16.102 Thread 0x0000020a55d65880 Thread added: 0x0000020a583d5f30
Event: 16.104 Thread 0x0000020a55d65880 Thread added: 0x0000020a583d65c0
Event: 16.324 Thread 0x0000020a55d65880 Thread added: 0x0000020a583d58a0
Event: 16.325 Thread 0x0000020a55d65880 Thread added: 0x0000020a583d37d0
Event: 16.325 Thread 0x0000020a55d65880 Thread added: 0x0000020a583d72e0
Event: 16.325 Thread 0x0000020a55d65880 Thread added: 0x0000020a583d3e60
Event: 16.326 Thread 0x0000020a55d65880 Thread added: 0x0000020a583d7970
Event: 16.326 Thread 0x0000020a55d65880 Thread added: 0x0000020a583d44f0
Event: 16.326 Thread 0x0000020a55d65880 Thread added: 0x0000020a583d8000
Event: 16.326 Thread 0x0000020a55d65880 Thread added: 0x0000020a583d8690
Event: 16.327 Thread 0x0000020a55d65880 Thread added: 0x0000020a583d5210
Event: 16.335 Thread 0x0000020a55d65880 Thread added: 0x0000020a583da0d0
Event: 16.336 Thread 0x0000020a55d65880 Thread added: 0x0000020a583dadf0


Dynamic libraries:
0x00007ff7357e0000 - 0x00007ff7357f0000 	C:\Program Files\Java\jdk-22\bin\java.exe
0x00007ff96c780000 - 0x00007ff96c9e8000 	C:\WINDOWS\SYSTEM32\ntdll.dll
0x00007ff96b9d0000 - 0x00007ff96ba99000 	C:\WINDOWS\System32\KERNEL32.DLL
0x00007ff96a100000 - 0x00007ff96a4ed000 	C:\WINDOWS\System32\KERNELBASE.dll
0x00007ff969cb0000 - 0x00007ff969dfb000 	C:\WINDOWS\System32\ucrtbase.dll
0x00007ff946700000 - 0x00007ff94671b000 	C:\Program Files\Java\jdk-22\bin\VCRUNTIME140.dll
0x00007ff9298e0000 - 0x00007ff9298f7000 	C:\Program Files\Java\jdk-22\bin\jli.dll
0x00007ff96b030000 - 0x00007ff96b1fc000 	C:\WINDOWS\System32\USER32.dll
0x00007ff945ec0000 - 0x00007ff94615a000 	C:\WINDOWS\WinSxS\amd64_microsoft.windows.common-controls_6595b64144ccf1df_6.0.26100.4484_none_3e0e6d4ce32ef3b3\COMCTL32.dll
0x00007ff96a4f0000 - 0x00007ff96a517000 	C:\WINDOWS\System32\win32u.dll
0x00007ff96aed0000 - 0x00007ff96af79000 	C:\WINDOWS\System32\msvcrt.dll
0x00007ff96aea0000 - 0x00007ff96aecb000 	C:\WINDOWS\System32\GDI32.dll
0x00007ff969ad0000 - 0x00007ff969c07000 	C:\WINDOWS\System32\gdi32full.dll
0x00007ff969a20000 - 0x00007ff969ac3000 	C:\WINDOWS\System32\msvcp_win.dll
0x00007ff96b7f0000 - 0x00007ff96b81f000 	C:\WINDOWS\System32\IMM32.DLL
0x00007ff95e350000 - 0x00007ff95e35c000 	C:\Program Files\Java\jdk-22\bin\vcruntime140_1.dll
0x00007ff902e60000 - 0x00007ff902eee000 	C:\Program Files\Java\jdk-22\bin\msvcp140.dll
0x00007ff88bd50000 - 0x00007ff88ca99000 	C:\Program Files\Java\jdk-22\bin\server\jvm.dll
0x00007ff96be30000 - 0x00007ff96bee4000 	C:\WINDOWS\System32\ADVAPI32.dll
0x00007ff96b740000 - 0x00007ff96b7e6000 	C:\WINDOWS\System32\sechost.dll
0x00007ff96b3f0000 - 0x00007ff96b508000 	C:\WINDOWS\System32\RPCRT4.dll
0x00007ff96b830000 - 0x00007ff96b8a4000 	C:\WINDOWS\System32\WS2_32.dll
0x00007ff968fd0000 - 0x00007ff96902e000 	C:\WINDOWS\SYSTEM32\POWRPROF.dll
0x00007ff95aa20000 - 0x00007ff95aa55000 	C:\WINDOWS\SYSTEM32\WINMM.dll
0x00007ff95dc30000 - 0x00007ff95dc3b000 	C:\WINDOWS\SYSTEM32\VERSION.dll
0x00007ff968f40000 - 0x00007ff968f54000 	C:\WINDOWS\SYSTEM32\UMPDC.dll
0x00007ff968670000 - 0x00007ff96868b000 	C:\WINDOWS\SYSTEM32\kernel.appcore.dll
0x00007ff944640000 - 0x00007ff94464a000 	C:\Program Files\Java\jdk-22\bin\jimage.dll
0x00007ff9671a0000 - 0x00007ff9673e1000 	C:\WINDOWS\SYSTEM32\DBGHELP.DLL
0x00007ff96ab10000 - 0x00007ff96ae96000 	C:\WINDOWS\System32\combase.dll
0x00007ff96a530000 - 0x00007ff96a610000 	C:\WINDOWS\System32\OLEAUT32.dll
0x00007ff9414a0000 - 0x00007ff9414e3000 	C:\WINDOWS\SYSTEM32\dbgcore.DLL
0x00007ff969c10000 - 0x00007ff969ca9000 	C:\WINDOWS\System32\bcryptPrimitives.dll
0x00007ff91e4a0000 - 0x00007ff91e4af000 	C:\Program Files\Java\jdk-22\bin\instrument.dll
0x00007ff9298c0000 - 0x00007ff9298de000 	C:\Program Files\Java\jdk-22\bin\java.dll
0x00007ff96bff0000 - 0x00007ff96c73a000 	C:\WINDOWS\System32\SHELL32.dll
0x00007ff969e00000 - 0x00007ff969f74000 	C:\WINDOWS\System32\wintypes.dll
0x00007ff96b590000 - 0x00007ff96b72e000 	C:\WINDOWS\System32\ole32.dll
0x00007ff9674e0000 - 0x00007ff967d3b000 	C:\WINDOWS\SYSTEM32\windows.storage.dll
0x00007ff96b2f0000 - 0x00007ff96b3e5000 	C:\WINDOWS\System32\SHCORE.dll
0x00007ff96b200000 - 0x00007ff96b26a000 	C:\WINDOWS\System32\shlwapi.dll
0x00007ff9697e0000 - 0x00007ff96980f000 	C:\WINDOWS\SYSTEM32\profapi.dll
0x00007ff8f8e70000 - 0x00007ff8f8f47000 	C:\Program Files\Java\jdk-22\bin\jsvml.dll
0x00007ff906260000 - 0x00007ff906277000 	C:\Program Files\Java\jdk-22\bin\zip.dll
0x00007ff928680000 - 0x00007ff928690000 	C:\Program Files\Java\jdk-22\bin\net.dll
0x00007ff968c70000 - 0x00007ff968cda000 	C:\WINDOWS\system32\mswsock.dll
0x00007ff90a550000 - 0x00007ff90a566000 	C:\Program Files\Java\jdk-22\bin\nio.dll
0x00007ff9261b0000 - 0x00007ff9261c0000 	C:\Program Files\Java\jdk-22\bin\verify.dll
0x00007ff937860000 - 0x00007ff937887000 	C:\Users\Victus\.gradle\native\c067742578af261105cb4f569cf0c3c89f3d7b1fecec35dd04571415982c5e48\windows-amd64\native-platform.dll
0x00007ff8f9eb0000 - 0x00007ff8f9ff4000 	C:\Users\Victus\.gradle\native\100fb08df4bc3b14c8652ba06237920a3bd2aa13389f12d3474272988ae205f9\windows-amd64\native-platform-file-events.dll
0x00007ff923b10000 - 0x00007ff923b1a000 	C:\Program Files\Java\jdk-22\bin\management.dll
0x00007ff91fb30000 - 0x00007ff91fb3b000 	C:\Program Files\Java\jdk-22\bin\management_ext.dll
0x00007ff96b8b0000 - 0x00007ff96b8b8000 	C:\WINDOWS\System32\PSAPI.DLL
0x00007ff968f60000 - 0x00007ff968f7b000 	C:\WINDOWS\SYSTEM32\CRYPTSP.dll
0x00007ff9685d0000 - 0x00007ff96860b000 	C:\WINDOWS\system32\rsaenh.dll
0x00007ff968d10000 - 0x00007ff968d3b000 	C:\WINDOWS\SYSTEM32\USERENV.dll
0x00007ff9697b0000 - 0x00007ff9697d6000 	C:\WINDOWS\SYSTEM32\bcrypt.dll
0x00007ff968f80000 - 0x00007ff968f8c000 	C:\WINDOWS\SYSTEM32\CRYPTBASE.dll
0x00007ff968110000 - 0x00007ff968143000 	C:\WINDOWS\SYSTEM32\IPHLPAPI.DLL
0x00007ff96a520000 - 0x00007ff96a52a000 	C:\WINDOWS\System32\NSI.dll
0x00007ff91f400000 - 0x00007ff91f409000 	C:\Program Files\Java\jdk-22\bin\extnet.dll
0x00007ff90a540000 - 0x00007ff90a54e000 	C:\Program Files\Java\jdk-22\bin\sunmscapi.dll
0x00007ff969f80000 - 0x00007ff96a0f7000 	C:\WINDOWS\System32\CRYPT32.dll
0x00007ff9691f0000 - 0x00007ff969220000 	C:\WINDOWS\SYSTEM32\ncrypt.dll
0x00007ff9691a0000 - 0x00007ff9691df000 	C:\WINDOWS\SYSTEM32\NTASN1.dll
0x00007ff935120000 - 0x00007ff935128000 	C:\WINDOWS\system32\wshunix.dll

dbghelp: loaded successfully - version: 4.0.5 - missing functions: none
symbol engine: initialized successfully - sym options: 0x614 - pdb path: .;C:\Program Files\Java\jdk-22\bin;C:\WINDOWS\SYSTEM32;C:\WINDOWS\WinSxS\amd64_microsoft.windows.common-controls_6595b64144ccf1df_6.0.26100.4484_none_3e0e6d4ce32ef3b3;C:\Program Files\Java\jdk-22\bin\server;C:\Users\Victus\.gradle\native\c067742578af261105cb4f569cf0c3c89f3d7b1fecec35dd04571415982c5e48\windows-amd64;C:\Users\Victus\.gradle\native\100fb08df4bc3b14c8652ba06237920a3bd2aa13389f12d3474272988ae205f9\windows-amd64

VM Arguments:
jvm_args: --add-opens=java.base/java.lang=ALL-UNNAMED --add-opens=java.base/java.lang.invoke=ALL-UNNAMED --add-opens=java.base/java.util=ALL-UNNAMED --add-opens=java.prefs/java.util.prefs=ALL-UNNAMED --add-exports=jdk.compiler/com.sun.tools.javac.api=ALL-UNNAMED --add-exports=jdk.compiler/com.sun.tools.javac.util=ALL-UNNAMED --add-opens=java.base/java.util=ALL-UNNAMED --add-opens=java.prefs/java.util.prefs=ALL-UNNAMED --add-opens=java.base/java.nio.charset=ALL-UNNAMED --add-opens=java.base/java.net=ALL-UNNAMED --add-opens=java.base/java.util.concurrent.atomic=ALL-UNNAMED --add-opens=java.xml/javax.xml.namespace=ALL-UNNAMED -Xmx2048m -Dfile.encoding=UTF-8 -Duser.country=US -Duser.language=en -Duser.variant -javaagent:C:\Users\Victus\.gradle\wrapper\dists\gradle-8.11.1-bin\bpt9gzteqjrbo1mjrsomdt32c\gradle-8.11.1\lib\agents\gradle-instrumentation-agent-8.11.1.jar 
java_command: org.gradle.launcher.daemon.bootstrap.GradleDaemon 8.11.1
java_class_path (initial): C:\Users\Victus\.gradle\wrapper\dists\gradle-8.11.1-bin\bpt9gzteqjrbo1mjrsomdt32c\gradle-8.11.1\lib\gradle-daemon-main-8.11.1.jar
Launcher Type: SUN_STANDARD

[Global flags]
     intx CICompilerCount                          = 4                                         {product} {ergonomic}
     uint ConcGCThreads                            = 3                                         {product} {ergonomic}
     uint G1ConcRefinementThreads                  = 10                                        {product} {ergonomic}
   size_t G1HeapRegionSize                         = 1048576                                   {product} {ergonomic}
   size_t InitialHeapSize                          = 130023424                                 {product} {ergonomic}
   size_t MarkStackSize                            = 4194304                                   {product} {ergonomic}
   size_t MaxHeapSize                              = 2147483648                                {product} {command line}
   size_t MaxNewSize                               = 1287651328                                {product} {ergonomic}
   size_t MinHeapDeltaBytes                        = 1048576                                   {product} {ergonomic}
   size_t MinHeapSize                              = 8388608                                   {product} {ergonomic}
    uintx NonNMethodCodeHeapSize                   = 5839372                                {pd product} {ergonomic}
    uintx NonProfiledCodeHeapSize                  = 122909434                              {pd product} {ergonomic}
    uintx ProfiledCodeHeapSize                     = 122909434                              {pd product} {ergonomic}
    uintx ReservedCodeCacheSize                    = 251658240                              {pd product} {ergonomic}
     bool SegmentedCodeCache                       = true                                      {product} {ergonomic}
   size_t SoftMaxHeapSize                          = 2147483648                             {manageable} {ergonomic}
     bool UseCompressedOops                        = true                           {product lp64_product} {ergonomic}
     bool UseG1GC                                  = true                                      {product} {ergonomic}
     bool UseLargePagesIndividualAllocation        = false                                  {pd product} {ergonomic}

Logging:
Log output configuration:
 #0: stdout all=warning uptime,level,tags foldmultilines=false
 #1: stderr all=off uptime,level,tags foldmultilines=false

Environment Variables:
CLASSPATH=C:\Users\Victus\Desktop\andridstudio\jawafai\\gradle\wrapper\gradle-wrapper.jar
PATH=C:\Program Files\Common Files\Oracle\Java\javapath;C:\Program Files (x86)\Common Files\Oracle\Java\javapath;C:\windows\system32;C:\windows;C:\windows\System32\Wbem;C:\windows\System32\WindowsPowerShell\v1.0\;C:\windows\System32\OpenSSH\;C:\Program Files (x86)\NVIDIA Corporation\PhysX\Common;C:\Program Files\NVIDIA Corporation\NVIDIA NvDLISR;C:\Users\Administrator\AppData\Local\Microsoft\WindowsApps;C:\Program Files\HP\OMEN-Broadcast\Common;C:\MinGW\bin;C:\Program Files\HP\HP One Agent;C:\Program Files\Git\cmd;C:\WINDOWS\system32;C:\WINDOWS;C:\WINDOWS\System32\Wbem;C:\WINDOWS\System32\WindowsPowerShell\v1.0\;C:\WINDOWS\System32\OpenSSH\;C:\Users\Victus\Downloads\gradle-8.12.1-bin.zip\gradle-8.12.1\bin;C:\Program Files\MySQL\MySQL Shell 8.0\bin\;C:\Users\Victus\AppData\Local\Programs\Python\Python312\Scripts\;C:\Users\Victus\AppData\Local\Programs\Python\Python312\;C:\Users\Victus\AppData\Local\Programs\Python\Launcher\;C:\Users\Victus\AppData\Local\Microsoft\WindowsApps;;C:\Users\Victus\AppData\Local\Programs\Microsoft VS Code\bin;C:\Users\Victus\PyCharm 2024.1\bin;
USERNAME=Victus
OS=Windows_NT
PROCESSOR_IDENTIFIER=Intel64 Family 6 Model 186 Stepping 2, GenuineIntel
TMP=C:\Users\Victus\AppData\Local\Temp
TEMP=C:\Users\Victus\AppData\Local\Temp




Periodic native trim disabled

---------------  S Y S T E M  ---------------

OS:
 Windows 11 , 64 bit Build 26100 (10.0.26100.4484)
OS uptime: 3 days 15:43 hours
Hyper-V role detected

CPU: total 12 (initial active 12) (6 cores per cpu, 2 threads per core) family 6 model 186 stepping 2 microcode 0x4122, cx8, cmov, fxsr, ht, mmx, 3dnowpref, sse, sse2, sse3, ssse3, sse4.1, sse4.2, popcnt, lzcnt, tsc, tscinvbit, avx, avx2, aes, erms, clmul, bmi1, bmi2, adx, sha, fma, vzeroupper, clflush, clflushopt, clwb, hv, serialize, rdtscp, rdpid, fsrm, f16c, cet_ibt, cet_ss
Processor Information for processor 0
  Max Mhz: 2100, Current Mhz: 2100, Mhz Limit: 2100
Processor Information for processor 1
  Max Mhz: 2100, Current Mhz: 1453, Mhz Limit: 2100
Processor Information for processor 2
  Max Mhz: 2100, Current Mhz: 1453, Mhz Limit: 2100
Processor Information for processor 3
  Max Mhz: 2100, Current Mhz: 2100, Mhz Limit: 2100
Processor Information for processor 4
  Max Mhz: 2100, Current Mhz: 2100, Mhz Limit: 2100
Processor Information for processor 5
  Max Mhz: 2100, Current Mhz: 2100, Mhz Limit: 2100
Processor Information for processor 6
  Max Mhz: 2100, Current Mhz: 1453, Mhz Limit: 2100
Processor Information for processor 7
  Max Mhz: 2100, Current Mhz: 1453, Mhz Limit: 2100
Processor Information for processor 8
  Max Mhz: 2100, Current Mhz: 1540, Mhz Limit: 2100
Processor Information for processor 9
  Max Mhz: 2100, Current Mhz: 1540, Mhz Limit: 2100
Processor Information for processor 10
  Max Mhz: 2100, Current Mhz: 1540, Mhz Limit: 2100
Processor Information for processor 11
  Max Mhz: 2100, Current Mhz: 1540, Mhz Limit: 2100

Memory: 4k page, system-wide physical 7832M (915M free)
TotalPageFile size 19219M (AvailPageFile size 5M)
current process WorkingSet (physical memory assigned to process): 491M, peak: 491M
current process commit charge ("private bytes"): 535M, peak: 569M

vm_info: Java HotSpot(TM) 64-Bit Server VM (22.0.2+9-70) for windows-amd64 JRE (22.0.2+9-70), built on 2024-06-04T16:52:23Z by "mach5one" with MS VC++ 17.6 (VS2022)

END.
