#
# There is insufficient memory for the Java Runtime Environment to continue.
# Native memory allocation (malloc) failed to allocate 74464 bytes. Error detail: Chunk::new
# Possible reasons:
#   The system is out of physical RAM or swap space
#   This process is running with CompressedOops enabled, and the Java Heap may be blocking the growth of the native heap
# Possible solutions:
#   Reduce memory load on the system
#   Increase physical memory or swap space
#   Check if swap backing store is full
#   Decrease Java heap size (-Xmx/-Xms)
#   Decrease number of Java threads
#   Decrease Java thread stack sizes (-Xss)
#   Set larger code cache with -XX:ReservedCodeCacheSize=
#   JVM is running with Unscaled Compressed Oops mode in which the Java heap is
#     placed in the first 4GB address space. The Java Heap base address is the
#     maximum limit for the native heap growth. Please use -XX:HeapBaseMinAddress
#     to set the Java Heap base and to place the Java Heap above 4GB virtual address.
# This output file may be truncated or incomplete.
#
#  Out of Memory Error (arena.cpp:150), pid=9116, tid=7324
#
# JRE version: Java(TM) SE Runtime Environment (22.0.2+9) (build 22.0.2+9-70)
# Java VM: Java HotSpot(TM) 64-Bit Server VM (22.0.2+9-70, mixed mode, sharing, tiered, compressed oops, compressed class ptrs, g1 gc, windows-amd64)
# No core dump will be written. Minidumps are not enabled by default on client versions of Windows
#

---------------  S U M M A R Y ------------

Command Line: -Xmx64m -Xms64m -Dorg.gradle.appname=gradlew org.gradle.wrapper.GradleWrapperMain build --no-daemon

Host: 13th Gen Intel(R) Core(TM) i5-13420H, 12 cores, 7G,  Windows 11 , 64 bit Build 26100 (10.0.26100.4484)
Time: Wed Jul 16 14:32:29 2025 Nepal Standard Time elapsed time: 158.523863 seconds (0d 0h 2m 38s)

---------------  T H R E A D  ---------------

Current thread (0x00000178f90711d0):  JavaThread "C2 CompilerThread0" daemon [_thread_in_native, id=7324, stack(0x000000606df00000,0x000000606e000000) (1024K)]


Current CompileTask:
C2:158525 2321 %     4       java.lang.StringCoding::implEncodeAsciiArray @ 3 (47 bytes)

Stack: [0x000000606df00000,0x000000606e000000]
Native frames: (J=compiled Java code, j=interpreted, Vv=VM code, C=native code)
V  [jvm.dll+0x6e26e9]  (no source info available)
V  [jvm.dll+0x875753]  (no source info available)
V  [jvm.dll+0x877b7e]  (no source info available)
V  [jvm.dll+0x878253]  (no source info available)
V  [jvm.dll+0x27fc86]  (no source info available)
V  [jvm.dll+0xc3d0f]  (no source info available)
V  [jvm.dll+0xc3f6b]  (no source info available)
V  [jvm.dll+0x3bb47c]  (no source info available)
V  [jvm.dll+0x387d4b]  (no source info available)
V  [jvm.dll+0x3871ba]  (no source info available)
V  [jvm.dll+0x2477f8]  (no source info available)
V  [jvm.dll+0x246e9f]  (no source info available)
V  [jvm.dll+0x1c4e80]  (no source info available)
V  [jvm.dll+0x2568f3]  (no source info available)
V  [jvm.dll+0x254baa]  (no source info available)
V  [jvm.dll+0x3f57a6]  (no source info available)
V  [jvm.dll+0x81dc0b]  (no source info available)
V  [jvm.dll+0x6e0d85]  (no source info available)
C  [ucrtbase.dll+0x37b0]  (no source info available)
C  [KERNEL32.DLL+0x2e8d7]  (no source info available)
C  [ntdll.dll+0x3c34c]  (no source info available)


---------------  P R O C E S S  ---------------

Threads class SMR info:
_java_thread_list=0x00000178d52c71d0, length=12, elements={
0x00000178eb8d2170, 0x00000178f905dfe0, 0x00000178f905ec40, 0x00000178f9066370,
0x00000178f906c710, 0x00000178f906b070, 0x00000178f906d560, 0x00000178f90711d0,
0x00000178f9078440, 0x00000178d4260120, 0x00000178d426dc20, 0x00000178d4f436d0
}

Java Threads: ( => current thread )
  0x00000178eb8d2170 JavaThread "main"                              [_thread_blocked, id=10440, stack(0x000000606d100000,0x000000606d200000) (1024K)]
  0x00000178f905dfe0 JavaThread "Reference Handler"          daemon [_thread_blocked, id=30532, stack(0x000000606d900000,0x000000606da00000) (1024K)]
  0x00000178f905ec40 JavaThread "Finalizer"                  daemon [_thread_blocked, id=29064, stack(0x000000606da00000,0x000000606db00000) (1024K)]
  0x00000178f9066370 JavaThread "Signal Dispatcher"          daemon [_thread_blocked, id=13040, stack(0x000000606db00000,0x000000606dc00000) (1024K)]
  0x00000178f906c710 JavaThread "Attach Listener"            daemon [_thread_blocked, id=24512, stack(0x000000606dc00000,0x000000606dd00000) (1024K)]
  0x00000178f906b070 JavaThread "Service Thread"             daemon [_thread_blocked, id=10860, stack(0x000000606dd00000,0x000000606de00000) (1024K)]
  0x00000178f906d560 JavaThread "Monitor Deflation Thread"   daemon [_thread_blocked, id=2128, stack(0x000000606de00000,0x000000606df00000) (1024K)]
=>0x00000178f90711d0 JavaThread "C2 CompilerThread0"         daemon [_thread_in_native, id=7324, stack(0x000000606df00000,0x000000606e000000) (1024K)]
  0x00000178f9078440 JavaThread "C1 CompilerThread0"         daemon [_thread_blocked, id=6856, stack(0x000000606e000000,0x000000606e100000) (1024K)]
  0x00000178d4260120 JavaThread "Notification Thread"        daemon [_thread_blocked, id=17612, stack(0x000000606e100000,0x000000606e200000) (1024K)]
  0x00000178d426dc20 JavaThread "Common-Cleaner"             daemon [_thread_blocked, id=11220, stack(0x000000606e200000,0x000000606e300000) (1024K)]
  0x00000178d4f436d0 JavaThread "pool-1-thread-1"                   [_thread_in_native, id=28616, stack(0x000000606e800000,0x000000606e900000) (1024K)]
Total: 12

Other Threads:
  0x00000178f9043bf0 VMThread "VM Thread"                           [id=7828, stack(0x000000606d800000,0x000000606d900000) (1024K)]
  0x00000178f9029750 WatcherThread "VM Periodic Task Thread"        [id=23088, stack(0x000000606d700000,0x000000606d800000) (1024K)]
  0x00000178edab9160 WorkerThread "GC Thread#0"                     [id=31372, stack(0x000000606d200000,0x000000606d300000) (1024K)]
  0x00000178d4ae09b0 WorkerThread "GC Thread#1"                     [id=10012, stack(0x000000606e500000,0x000000606e600000) (1024K)]
  0x00000178d4acc250 WorkerThread "GC Thread#2"                     [id=23632, stack(0x000000606e600000,0x000000606e700000) (1024K)]
  0x00000178d44e8810 WorkerThread "GC Thread#3"                     [id=21948, stack(0x000000606e700000,0x000000606e800000) (1024K)]
  0x00000178d53c47e0 WorkerThread "GC Thread#4"                     [id=11732, stack(0x000000606e900000,0x000000606ea00000) (1024K)]
  0x00000178d533c460 WorkerThread "GC Thread#5"                     [id=22192, stack(0x000000606ea00000,0x000000606eb00000) (1024K)]
  0x00000178d533d890 WorkerThread "GC Thread#6"                     [id=27896, stack(0x000000606eb00000,0x000000606ec00000) (1024K)]
  0x00000178d533dc40 WorkerThread "GC Thread#7"                     [id=29436, stack(0x000000606ec00000,0x000000606ed00000) (1024K)]
  0x00000178edaba950 ConcurrentGCThread "G1 Main Marker"            [id=9568, stack(0x000000606d300000,0x000000606d400000) (1024K)]
  0x00000178edabc380 WorkerThread "G1 Conc#0"                       [id=26316, stack(0x000000606d400000,0x000000606d500000) (1024K)]
  0x00000178edb51240 ConcurrentGCThread "G1 Refine#0"               [id=7232, stack(0x000000606d500000,0x000000606d600000) (1024K)]
  0x00000178edb53c80 ConcurrentGCThread "G1 Service"                [id=25268, stack(0x000000606d600000,0x000000606d700000) (1024K)]
Total: 14

Threads with active compile tasks:
C2 CompilerThread0  158796 2321 %     4       java.lang.StringCoding::implEncodeAsciiArray @ 3 (47 bytes)
Total: 1

VM state: not at safepoint (normal execution)

VM Mutex/Monitor currently owned by a thread: None

Heap address: 0x00000000fc000000, size: 64 MB, Compressed Oops mode: 32-bit

CDS archive(s) mapped at: [0x000001788f000000-0x000001788fc60000-0x000001788fc60000), size 12976128, SharedBaseAddress: 0x000001788f000000, ArchiveRelocationMode: 1.
Compressed class space mapped at: 0x0000017890000000-0x00000178d0000000, reserved size: 1073741824
Narrow klass base: 0x000001788f000000, Narrow klass shift: 0, Narrow klass range: 0x41000000

GC Precious Log:
 CardTable entry size: 512
 Card Set container configuration: InlinePtr #cards 5 size 8 Array Of Cards #cards 12 size 40 Howl #buckets 4 coarsen threshold 1843 Howl Bitmap #cards 512 size 80 coarsen threshold 460 Card regions per heap region 1 cards per card region 2048
 CPUs: 12 total, 12 available
 Memory: 7832M
 Large Page Support: Disabled
 NUMA Support: Disabled
 Compressed Oops: Enabled (32-bit)
 Heap Region Size: 1M
 Heap Min Capacity: 64M
 Heap Initial Capacity: 64M
 Heap Max Capacity: 64M
 Pre-touch: Disabled
 Parallel Workers: 10
 Concurrent Workers: 3
 Concurrent Refinement Workers: 10
 Periodic GC: Disabled

Heap:
 garbage-first heap   total reserved 65536K, committed 65536K, used 22209K [0x00000000fc000000, 0x0000000100000000)
  region size 1024K, 16 young (16384K), 5 survivors (5120K)
 Metaspace       used 10964K, committed 11264K, reserved 1114112K
  class space    used 1435K, committed 1536K, reserved 1048576K

Heap Regions: E=young(eden), S=young(survivor), O=old, HS=humongous(starts), HC=humongous(continues), CS=collection set, F=free, TAMS=top-at-mark-start, PB=parsable bottom
|   0|0x00000000fc000000, 0x00000000fc100000, 0x00000000fc100000|100%| O|  |TAMS 0x00000000fc000000| PB 0x00000000fc000000| Untracked |  0
|   1|0x00000000fc100000, 0x00000000fc200000, 0x00000000fc200000|100%|HS|  |TAMS 0x00000000fc100000| PB 0x00000000fc100000| Complete |  0
|   2|0x00000000fc200000, 0x00000000fc300000, 0x00000000fc300000|100%|HC|  |TAMS 0x00000000fc200000| PB 0x00000000fc200000| Complete |  0
|   3|0x00000000fc300000, 0x00000000fc400000, 0x00000000fc400000|100%|HC|  |TAMS 0x00000000fc300000| PB 0x00000000fc300000| Complete |  0
|   4|0x00000000fc400000, 0x00000000fc500000, 0x00000000fc500000|100%| O|  |TAMS 0x00000000fc400000| PB 0x00000000fc400000| Untracked |  0
|   5|0x00000000fc500000, 0x00000000fc600000, 0x00000000fc600000|100%| O|  |TAMS 0x00000000fc500000| PB 0x00000000fc500000| Untracked |  0
|   6|0x00000000fc600000, 0x00000000fc700000, 0x00000000fc700000|100%| O|  |TAMS 0x00000000fc600000| PB 0x00000000fc600000| Untracked |  0
|   7|0x00000000fc700000, 0x00000000fc745d80, 0x00000000fc800000| 27%| O|  |TAMS 0x00000000fc700000| PB 0x00000000fc700000| Untracked |  0
|   8|0x00000000fc800000, 0x00000000fc800000, 0x00000000fc900000|  0%| F|  |TAMS 0x00000000fc800000| PB 0x00000000fc800000| Untracked |  0
|   9|0x00000000fc900000, 0x00000000fc900000, 0x00000000fca00000|  0%| F|  |TAMS 0x00000000fc900000| PB 0x00000000fc900000| Untracked |  0
|  10|0x00000000fca00000, 0x00000000fca00000, 0x00000000fcb00000|  0%| F|  |TAMS 0x00000000fca00000| PB 0x00000000fca00000| Untracked |  0
|  11|0x00000000fcb00000, 0x00000000fcb00000, 0x00000000fcc00000|  0%| F|  |TAMS 0x00000000fcb00000| PB 0x00000000fcb00000| Untracked |  0
|  12|0x00000000fcc00000, 0x00000000fcc00000, 0x00000000fcd00000|  0%| F|  |TAMS 0x00000000fcc00000| PB 0x00000000fcc00000| Untracked |  0
|  13|0x00000000fcd00000, 0x00000000fcd00000, 0x00000000fce00000|  0%| F|  |TAMS 0x00000000fcd00000| PB 0x00000000fcd00000| Untracked |  0
|  14|0x00000000fce00000, 0x00000000fce00000, 0x00000000fcf00000|  0%| F|  |TAMS 0x00000000fce00000| PB 0x00000000fce00000| Untracked |  0
|  15|0x00000000fcf00000, 0x00000000fcf00000, 0x00000000fd000000|  0%| F|  |TAMS 0x00000000fcf00000| PB 0x00000000fcf00000| Untracked |  0
|  16|0x00000000fd000000, 0x00000000fd000000, 0x00000000fd100000|  0%| F|  |TAMS 0x00000000fd000000| PB 0x00000000fd000000| Untracked |  0
|  17|0x00000000fd100000, 0x00000000fd100000, 0x00000000fd200000|  0%| F|  |TAMS 0x00000000fd100000| PB 0x00000000fd100000| Untracked |  0
|  18|0x00000000fd200000, 0x00000000fd200000, 0x00000000fd300000|  0%| F|  |TAMS 0x00000000fd200000| PB 0x00000000fd200000| Untracked |  0
|  19|0x00000000fd300000, 0x00000000fd300000, 0x00000000fd400000|  0%| F|  |TAMS 0x00000000fd300000| PB 0x00000000fd300000| Untracked |  0
|  20|0x00000000fd400000, 0x00000000fd400000, 0x00000000fd500000|  0%| F|  |TAMS 0x00000000fd400000| PB 0x00000000fd400000| Untracked |  0
|  21|0x00000000fd500000, 0x00000000fd500000, 0x00000000fd600000|  0%| F|  |TAMS 0x00000000fd500000| PB 0x00000000fd500000| Untracked |  0
|  22|0x00000000fd600000, 0x00000000fd600000, 0x00000000fd700000|  0%| F|  |TAMS 0x00000000fd600000| PB 0x00000000fd600000| Untracked |  0
|  23|0x00000000fd700000, 0x00000000fd700000, 0x00000000fd800000|  0%| F|  |TAMS 0x00000000fd700000| PB 0x00000000fd700000| Untracked |  0
|  24|0x00000000fd800000, 0x00000000fd800000, 0x00000000fd900000|  0%| F|  |TAMS 0x00000000fd800000| PB 0x00000000fd800000| Untracked |  0
|  25|0x00000000fd900000, 0x00000000fd96aa20, 0x00000000fda00000| 41%| S|CS|TAMS 0x00000000fd900000| PB 0x00000000fd900000| Complete |  0
|  26|0x00000000fda00000, 0x00000000fdb00000, 0x00000000fdb00000|100%| S|CS|TAMS 0x00000000fda00000| PB 0x00000000fda00000| Complete |  0
|  27|0x00000000fdb00000, 0x00000000fdc00000, 0x00000000fdc00000|100%| S|CS|TAMS 0x00000000fdb00000| PB 0x00000000fdb00000| Complete |  0
|  28|0x00000000fdc00000, 0x00000000fdd00000, 0x00000000fdd00000|100%| S|CS|TAMS 0x00000000fdc00000| PB 0x00000000fdc00000| Complete |  0
|  29|0x00000000fdd00000, 0x00000000fde00000, 0x00000000fde00000|100%| S|CS|TAMS 0x00000000fdd00000| PB 0x00000000fdd00000| Complete |  0
|  30|0x00000000fde00000, 0x00000000fde00000, 0x00000000fdf00000|  0%| F|  |TAMS 0x00000000fde00000| PB 0x00000000fde00000| Untracked |  0
|  31|0x00000000fdf00000, 0x00000000fdf00000, 0x00000000fe000000|  0%| F|  |TAMS 0x00000000fdf00000| PB 0x00000000fdf00000| Untracked |  0
|  32|0x00000000fe000000, 0x00000000fe000000, 0x00000000fe100000|  0%| F|  |TAMS 0x00000000fe000000| PB 0x00000000fe000000| Untracked |  0
|  33|0x00000000fe100000, 0x00000000fe100000, 0x00000000fe200000|  0%| F|  |TAMS 0x00000000fe100000| PB 0x00000000fe100000| Untracked |  0
|  34|0x00000000fe200000, 0x00000000fe200000, 0x00000000fe300000|  0%| F|  |TAMS 0x00000000fe200000| PB 0x00000000fe200000| Untracked |  0
|  35|0x00000000fe300000, 0x00000000fe300000, 0x00000000fe400000|  0%| F|  |TAMS 0x00000000fe300000| PB 0x00000000fe300000| Untracked |  0
|  36|0x00000000fe400000, 0x00000000fe400000, 0x00000000fe500000|  0%| F|  |TAMS 0x00000000fe400000| PB 0x00000000fe400000| Untracked |  0
|  37|0x00000000fe500000, 0x00000000fe500000, 0x00000000fe600000|  0%| F|  |TAMS 0x00000000fe500000| PB 0x00000000fe500000| Untracked |  0
|  38|0x00000000fe600000, 0x00000000fe600000, 0x00000000fe700000|  0%| F|  |TAMS 0x00000000fe600000| PB 0x00000000fe600000| Untracked |  0
|  39|0x00000000fe700000, 0x00000000fe700000, 0x00000000fe800000|  0%| F|  |TAMS 0x00000000fe700000| PB 0x00000000fe700000| Untracked |  0
|  40|0x00000000fe800000, 0x00000000fe800000, 0x00000000fe900000|  0%| F|  |TAMS 0x00000000fe800000| PB 0x00000000fe800000| Untracked |  0
|  41|0x00000000fe900000, 0x00000000fe900000, 0x00000000fea00000|  0%| F|  |TAMS 0x00000000fe900000| PB 0x00000000fe900000| Untracked |  0
|  42|0x00000000fea00000, 0x00000000fea00000, 0x00000000feb00000|  0%| F|  |TAMS 0x00000000fea00000| PB 0x00000000fea00000| Untracked |  0
|  43|0x00000000feb00000, 0x00000000feb00000, 0x00000000fec00000|  0%| F|  |TAMS 0x00000000feb00000| PB 0x00000000feb00000| Untracked |  0
|  44|0x00000000fec00000, 0x00000000fec00000, 0x00000000fed00000|  0%| F|  |TAMS 0x00000000fec00000| PB 0x00000000fec00000| Untracked |  0
|  45|0x00000000fed00000, 0x00000000fed00000, 0x00000000fee00000|  0%| F|  |TAMS 0x00000000fed00000| PB 0x00000000fed00000| Untracked |  0
|  46|0x00000000fee00000, 0x00000000fee00000, 0x00000000fef00000|  0%| F|  |TAMS 0x00000000fee00000| PB 0x00000000fee00000| Untracked |  0
|  47|0x00000000fef00000, 0x00000000fef00000, 0x00000000ff000000|  0%| F|  |TAMS 0x00000000fef00000| PB 0x00000000fef00000| Untracked |  0
|  48|0x00000000ff000000, 0x00000000ff000000, 0x00000000ff100000|  0%| F|  |TAMS 0x00000000ff000000| PB 0x00000000ff000000| Untracked |  0
|  49|0x00000000ff100000, 0x00000000ff100000, 0x00000000ff200000|  0%| F|  |TAMS 0x00000000ff100000| PB 0x00000000ff100000| Untracked |  0
|  50|0x00000000ff200000, 0x00000000ff200000, 0x00000000ff300000|  0%| F|  |TAMS 0x00000000ff200000| PB 0x00000000ff200000| Untracked |  0
|  51|0x00000000ff300000, 0x00000000ff300000, 0x00000000ff400000|  0%| F|  |TAMS 0x00000000ff300000| PB 0x00000000ff300000| Untracked |  0
|  52|0x00000000ff400000, 0x00000000ff400000, 0x00000000ff500000|  0%| F|  |TAMS 0x00000000ff400000| PB 0x00000000ff400000| Untracked |  0
|  53|0x00000000ff500000, 0x00000000ff600000, 0x00000000ff600000|100%| E|  |TAMS 0x00000000ff500000| PB 0x00000000ff500000| Complete |  0
|  54|0x00000000ff600000, 0x00000000ff700000, 0x00000000ff700000|100%| E|CS|TAMS 0x00000000ff600000| PB 0x00000000ff600000| Complete |  0
|  55|0x00000000ff700000, 0x00000000ff800000, 0x00000000ff800000|100%| E|CS|TAMS 0x00000000ff700000| PB 0x00000000ff700000| Complete |  0
|  56|0x00000000ff800000, 0x00000000ff900000, 0x00000000ff900000|100%| E|CS|TAMS 0x00000000ff800000| PB 0x00000000ff800000| Complete |  0
|  57|0x00000000ff900000, 0x00000000ffa00000, 0x00000000ffa00000|100%| E|CS|TAMS 0x00000000ff900000| PB 0x00000000ff900000| Complete |  0
|  58|0x00000000ffa00000, 0x00000000ffb00000, 0x00000000ffb00000|100%| E|CS|TAMS 0x00000000ffa00000| PB 0x00000000ffa00000| Complete |  0
|  59|0x00000000ffb00000, 0x00000000ffc00000, 0x00000000ffc00000|100%| E|CS|TAMS 0x00000000ffb00000| PB 0x00000000ffb00000| Complete |  0
|  60|0x00000000ffc00000, 0x00000000ffd00000, 0x00000000ffd00000|100%| E|CS|TAMS 0x00000000ffc00000| PB 0x00000000ffc00000| Complete |  0
|  61|0x00000000ffd00000, 0x00000000ffe00000, 0x00000000ffe00000|100%| E|CS|TAMS 0x00000000ffd00000| PB 0x00000000ffd00000| Complete |  0
|  62|0x00000000ffe00000, 0x00000000fff00000, 0x00000000fff00000|100%| E|CS|TAMS 0x00000000ffe00000| PB 0x00000000ffe00000| Complete |  0
|  63|0x00000000fff00000, 0x0000000100000000, 0x0000000100000000|100%| E|CS|TAMS 0x00000000fff00000| PB 0x00000000fff00000| Complete |  0

Card table byte_map: [0x00000178ed9b0000,0x00000178ed9d0000] _byte_map_base: 0x00000178ed1d0000

Marking Bits: (CMBitMap*) 0x00000178edab9870
 Bits: [0x00000178f6350000, 0x00000178f6450000)

Polling page: 0x00000178ebc80000

Metaspace:

Usage:
  Non-class:      9.31 MB used.
      Class:      1.40 MB used.
       Both:     10.71 MB used.

Virtual space:
  Non-class space:       64.00 MB reserved,       9.50 MB ( 15%) committed,  1 nodes.
      Class space:        1.00 GB reserved,       1.50 MB ( <1%) committed,  1 nodes.
             Both:        1.06 GB reserved,      11.00 MB (  1%) committed. 

Chunk freelists:
   Non-Class:  6.30 MB
       Class:  14.50 MB
        Both:  20.80 MB

MaxMetaspaceSize: unlimited
CompressedClassSpaceSize: 1.00 GB
Initial GC threshold: 21.00 MB
Current GC threshold: 21.00 MB
CDS: on
 - commit_granule_bytes: 65536.
 - commit_granule_words: 8192.
 - virtual_space_node_default_size: 8388608.
 - enlarge_chunks_in_place: 1.
 - use_allocation_guard: 0.


Internal statistics:

num_allocs_failed_limit: 0.
num_arena_births: 272.
num_arena_deaths: 0.
num_vsnodes_births: 2.
num_vsnodes_deaths: 0.
num_space_committed: 176.
num_space_uncommitted: 0.
num_chunks_returned_to_freelist: 0.
num_chunks_taken_from_freelist: 588.
num_chunk_merges: 0.
num_chunk_splits: 387.
num_chunks_enlarged: 285.
num_inconsistent_stats: 0.

CodeHeap 'non-profiled nmethods': size=120000Kb used=922Kb max_used=922Kb free=119077Kb
 bounds [0x0000017887ad0000, 0x0000017887d40000, 0x000001788f000000]
CodeHeap 'profiled nmethods': size=120000Kb used=4459Kb max_used=4459Kb free=115541Kb
 bounds [0x0000017880000000, 0x0000017880460000, 0x0000017887530000]
CodeHeap 'non-nmethods': size=5760Kb used=1430Kb max_used=1452Kb free=4329Kb
 bounds [0x0000017887530000, 0x00000178877a0000, 0x0000017887ad0000]
 total_blobs=2852 nmethods=2330 adapters=426
 compilation: enabled
              stopped_count=0, restarted_count=0
 full_count=0

Compilation events (20 events):
Event: 158.395 Thread 0x00000178f90711d0 2314       4       org.fusesource.jansi.Ansi::flushAttributes (94 bytes)
Event: 158.405 Thread 0x00000178f90711d0 nmethod 2314 0x0000017887bb5010 code [0x0000017887bb5200, 0x0000017887bb5508]
Event: 158.405 Thread 0x00000178f90711d0 2315       4       java.lang.StringBuilder::append (8 bytes)
Event: 158.418 Thread 0x00000178f90711d0 nmethod 2315 0x0000017887bb5890 code [0x0000017887bb5a80, 0x0000017887bb62b8]
Event: 158.419 Thread 0x00000178f90711d0 2316       4       org.gradle.internal.logging.console.DefaultRedrawableLabel::newLineAdjustment (14 bytes)
Event: 158.420 Thread 0x00000178f90711d0 nmethod 2316 0x0000017887bb6690 code [0x0000017887bb6800, 0x0000017887bb68a0]
Event: 158.424 Thread 0x00000178f9078440 2317       3       org.gradle.internal.logging.text.AbstractLineChoppingStyledTextOutput$4::execute (9 bytes)
Event: 158.427 Thread 0x00000178f9078440 nmethod 2317 0x0000017880455690 code [0x0000017880455860, 0x0000017880455d98]
Event: 158.427 Thread 0x00000178f9078440 2318       3       org.gradle.internal.logging.text.AbstractLineChoppingStyledTextOutput$4::execute (12 bytes)
Event: 158.427 Thread 0x00000178f90711d0 2321 %     4       java.lang.StringCoding::implEncodeAsciiArray @ 3 (47 bytes)
Event: 158.427 Thread 0x00000178f9078440 nmethod 2318 0x0000017880455f90 code [0x0000017880456160, 0x0000017880456558]
Event: 158.427 Thread 0x00000178f9078440 2319       3       org.gradle.internal.logging.text.AbstractLineChoppingStyledTextOutput$StateContext::flushStartLine (8 bytes)
Event: 158.428 Thread 0x00000178f9078440 nmethod 2319 0x0000017880456710 code [0x00000178804568a0, 0x0000017880456a90]
Event: 158.428 Thread 0x00000178f9078440 2320       3       org.gradle.internal.logging.text.AbstractLineChoppingStyledTextOutput::doStartLine (1 bytes)
Event: 158.428 Thread 0x00000178f9078440 nmethod 2320 0x0000017880456b90 code [0x0000017880456d20, 0x0000017880456e28]
Event: 158.432 Thread 0x00000178f9078440 2322       3       org.gradle.internal.logging.text.AbstractLineChoppingStyledTextOutput::access$700 (4 bytes)
Event: 158.432 Thread 0x00000178f9078440 nmethod 2322 0x0000017880456e90 code [0x0000017880457020, 0x0000017880457118]
Event: 158.433 Thread 0x00000178f9078440 2323       3       org.gradle.internal.logging.text.AbstractLineChoppingStyledTextOutput$3::execute (9 bytes)
Event: 158.433 Thread 0x00000178f9078440 nmethod 2323 0x0000017880457190 code [0x0000017880457340, 0x0000017880457568]
Event: 158.433 Thread 0x00000178f9078440 2324       3       org.gradle.internal.logging.text.AbstractLineChoppingStyledTextOutput$3::execute (73 bytes)

GC Heap History (4 events):
Event: 0.506 GC heap before
{Heap before GC invocations=0 (full 0):
 garbage-first heap   total reserved 65536K, committed 65536K, used 23552K [0x00000000fc000000, 0x0000000100000000)
  region size 1024K, 24 young (24576K), 0 survivors (0K)
 Metaspace       used 1699K, committed 1920K, reserved 1114112K
  class space    used 153K, committed 256K, reserved 1048576K
}
Event: 0.510 GC heap after
{Heap after GC invocations=1 (full 0):
 garbage-first heap   total reserved 65536K, committed 65536K, used 4096K [0x00000000fc000000, 0x0000000100000000)
  region size 1024K, 3 young (3072K), 3 survivors (3072K)
 Metaspace       used 1699K, committed 1920K, reserved 1114112K
  class space    used 153K, committed 256K, reserved 1048576K
}
Event: 1.309 GC heap before
{Heap before GC invocations=1 (full 0):
 garbage-first heap   total reserved 65536K, committed 65536K, used 38912K [0x00000000fc000000, 0x0000000100000000)
  region size 1024K, 34 young (34816K), 3 survivors (3072K)
 Metaspace       used 8245K, committed 8512K, reserved 1114112K
  class space    used 1150K, committed 1280K, reserved 1048576K
}
Event: 1.315 GC heap after
{Heap after GC invocations=2 (full 0):
 garbage-first heap   total reserved 65536K, committed 65536K, used 11969K [0x00000000fc000000, 0x0000000100000000)
  region size 1024K, 5 young (5120K), 5 survivors (5120K)
 Metaspace       used 8245K, committed 8512K, reserved 1114112K
  class space    used 1150K, committed 1280K, reserved 1048576K
}

Dll operation events (13 events):
Event: 0.008 Loaded shared library C:\Program Files\Java\jdk-22\bin\java.dll
Event: 0.040 Loaded shared library C:\Program Files\Java\jdk-22\bin\jsvml.dll
Event: 0.057 Loaded shared library C:\Program Files\Java\jdk-22\bin\net.dll
Event: 0.058 Loaded shared library C:\Program Files\Java\jdk-22\bin\nio.dll
Event: 0.061 Loaded shared library C:\Program Files\Java\jdk-22\bin\zip.dll
Event: 0.394 Loaded shared library C:\Program Files\Java\jdk-22\bin\jimage.dll
Event: 0.671 Loaded shared library C:\Program Files\Java\jdk-22\bin\verify.dll
Event: 0.758 Loaded shared library C:\Program Files\Java\jdk-22\bin\management.dll
Event: 0.762 Loaded shared library C:\Program Files\Java\jdk-22\bin\management_ext.dll
Event: 0.870 Loaded shared library C:\Users\Victus\.gradle\native\c067742578af261105cb4f569cf0c3c89f3d7b1fecec35dd04571415982c5e48\windows-amd64\native-platform.dll
Event: 0.894 Loaded shared library C:\Users\Victus\.gradle\native\jansi\1.18\windows64\jansi.dll
Event: 3.448 Loaded shared library C:\Program Files\Java\jdk-22\bin\extnet.dll
Event: 3.509 Loaded shared library C:\Program Files\Java\jdk-22\bin\sunmscapi.dll

Deoptimization events (20 events):
Event: 3.493 Thread 0x00000178eb8d2170 DEOPT PACKING pc=0x00000178802b4d99 sp=0x000000606d1fcb40
Event: 3.493 Thread 0x00000178eb8d2170 DEOPT UNPACKING pc=0x0000017887584e42 sp=0x000000606d1fc008 mode 0
Event: 3.518 Thread 0x00000178eb8d2170 Uncommon trap: trap_request=0xffffff45 fr.pc=0x0000017887b4d5b8 relative=0x00000000000005b8
Event: 3.518 Thread 0x00000178eb8d2170 Uncommon trap: reason=unstable_if action=reinterpret pc=0x0000017887b4d5b8 method=java.lang.StringLatin1.getChars(II[B)I @ 25 c2
Event: 3.518 Thread 0x00000178eb8d2170 DEOPT PACKING pc=0x0000017887b4d5b8 sp=0x000000606d1fda10
Event: 3.518 Thread 0x00000178eb8d2170 DEOPT UNPACKING pc=0x00000178875846a2 sp=0x000000606d1fd960 mode 2
Event: 3.534 Thread 0x00000178eb8d2170 Uncommon trap: trap_request=0xffffffde fr.pc=0x0000017887b845e4 relative=0x0000000000000304
Event: 3.534 Thread 0x00000178eb8d2170 Uncommon trap: reason=class_check action=maybe_recompile pc=0x0000017887b845e4 method=java.util.regex.Pattern$BmpCharPropertyGreedy.match(Ljava/util/regex/Matcher;ILjava/lang/CharSequence;)Z @ 26 c2
Event: 3.534 Thread 0x00000178eb8d2170 DEOPT PACKING pc=0x0000017887b845e4 sp=0x000000606d1fcf60
Event: 3.534 Thread 0x00000178eb8d2170 DEOPT UNPACKING pc=0x00000178875846a2 sp=0x000000606d1fcf18 mode 2
Event: 3.534 Thread 0x00000178eb8d2170 Uncommon trap: trap_request=0xffffffde fr.pc=0x0000017887b845e4 relative=0x0000000000000304
Event: 3.534 Thread 0x00000178eb8d2170 Uncommon trap: reason=class_check action=maybe_recompile pc=0x0000017887b845e4 method=java.util.regex.Pattern$BmpCharPropertyGreedy.match(Ljava/util/regex/Matcher;ILjava/lang/CharSequence;)Z @ 26 c2
Event: 3.534 Thread 0x00000178eb8d2170 DEOPT PACKING pc=0x0000017887b845e4 sp=0x000000606d1fcc40
Event: 3.534 Thread 0x00000178eb8d2170 DEOPT UNPACKING pc=0x00000178875846a2 sp=0x000000606d1fcbf8 mode 2
Event: 143.460 Thread 0x00000178eb8d2170 DEOPT PACKING pc=0x00000178803879bd sp=0x000000606d1fdc20
Event: 143.461 Thread 0x00000178eb8d2170 DEOPT UNPACKING pc=0x0000017887584e42 sp=0x000000606d1fd0b8 mode 0
Event: 143.463 Thread 0x00000178eb8d2170 Uncommon trap: trap_request=0xffffff45 fr.pc=0x0000017887bad550 relative=0x0000000000000410
Event: 143.463 Thread 0x00000178eb8d2170 Uncommon trap: reason=unstable_if action=reinterpret pc=0x0000017887bad550 method=com.esotericsoftware.kryo.io.Input.readUtf8(I)V @ 79 c2
Event: 143.463 Thread 0x00000178eb8d2170 DEOPT PACKING pc=0x0000017887bad550 sp=0x000000606d1fdc10
Event: 143.463 Thread 0x00000178eb8d2170 DEOPT UNPACKING pc=0x00000178875846a2 sp=0x000000606d1fdbb8 mode 2

Classes loaded (20 events):
Event: 3.599 Loading class java/io/ObjectInputStream$BlockDataInputStream
Event: 3.600 Loading class java/io/ObjectInputStream$BlockDataInputStream done
Event: 3.600 Loading class java/io/ObjectInputStream$PeekInputStream
Event: 3.600 Loading class java/io/ObjectInputStream$PeekInputStream done
Event: 3.600 Loading class java/io/ObjectInputStream$HandleTable
Event: 3.600 Loading class java/io/ObjectInputStream$HandleTable done
Event: 3.600 Loading class java/io/ObjectInputStream$HandleTable$HandleList
Event: 3.600 Loading class java/io/ObjectInputStream$HandleTable$HandleList done
Event: 3.600 Loading class java/io/ObjectInputStream$ValidationList
Event: 3.600 Loading class java/io/ObjectInputStream$ValidationList done
Event: 3.600 Loading class java/io/ObjectInputFilter$Config
Event: 3.600 Loading class java/io/ObjectInputFilter$Config done
Event: 3.601 Loading class java/io/ObjectInputFilter
Event: 3.601 Loading class java/io/ObjectInputFilter done
Event: 3.601 Loading class java/io/ObjectInputFilter$Config$BuiltinFilterFactory
Event: 3.601 Loading class java/io/ObjectInputFilter$Config$BuiltinFilterFactory done
Event: 3.601 Loading class jdk/internal/access/JavaObjectInputFilterAccess
Event: 3.601 Loading class jdk/internal/access/JavaObjectInputFilterAccess done
Event: 24.019 Loading class java/lang/invoke/MethodHandle$1
Event: 24.019 Loading class java/lang/invoke/MethodHandle$1 done

Classes unloaded (0 events):
No events

Classes redefined (0 events):
No events

Internal exceptions (20 events):
Event: 0.958 Thread 0x00000178eb8d2170 Exception <a 'java/lang/NoSuchMethodError'{0x00000000fee89ef8}: 'java.lang.Object java.lang.invoke.Invokers$Holder.invokeExact_MT(java.lang.Object, java.lang.Object, java.lang.Object, java.lang.Object, java.lang.Object)'> (0x00000000fee89ef8) 
thrown [s\open\src\hotspot\share\interpreter\linkResolver.cpp, line 774]
Event: 0.963 Thread 0x00000178eb8d2170 Exception <a 'java/lang/NoSuchMethodError'{0x00000000feeb6658}: 'java.lang.Object java.lang.invoke.DirectMethodHandle$Holder.invokeVirtual(java.lang.Object, java.lang.Object, java.lang.Object, java.lang.Object, java.lang.Object, java.lang.Object, java.lang.Object)'> (0x00000000feeb6658) 
thrown [s\open\src\hotspot\share\interpreter\linkResolver.cpp, line 774]
Event: 0.970 Thread 0x00000178eb8d2170 Exception <a 'java/lang/NoSuchMethodError'{0x00000000feef4808}: 'java.lang.Object java.lang.invoke.DirectMethodHandle$Holder.invokeVirtual(java.lang.Object, java.lang.Object, java.lang.Object, java.lang.Object)'> (0x00000000feef4808) 
thrown [s\open\src\hotspot\share\interpreter\linkResolver.cpp, line 774]
Event: 1.014 Thread 0x00000178eb8d2170 Exception <a 'java/lang/NoSuchMethodError'{0x00000000fec5f798}: 'int java.lang.invoke.DirectMethodHandle$Holder.invokeVirtual(java.lang.Object, java.lang.Object, java.lang.Object)'> (0x00000000fec5f798) 
thrown [s\open\src\hotspot\share\interpreter\linkResolver.cpp, line 774]
Event: 1.028 Thread 0x00000178eb8d2170 Exception <a 'java/lang/NoSuchMethodError'{0x00000000fecbf7b8}: 'java.lang.Object java.lang.invoke.DirectMethodHandle$Holder.invokeStaticInit(java.lang.Object, int, int, int, int)'> (0x00000000fecbf7b8) 
thrown [s\open\src\hotspot\share\interpreter\linkResolver.cpp, line 774]
Event: 1.102 Thread 0x00000178eb8d2170 Exception <a 'java/lang/NoSuchMethodError'{0x00000000feba9ef0}: 'java.lang.Object java.lang.invoke.DirectMethodHandle$Holder.invokeStaticInit(java.lang.Object, java.lang.Object, int, int, int, int)'> (0x00000000feba9ef0) 
thrown [s\open\src\hotspot\share\interpreter\linkResolver.cpp, line 774]
Event: 1.110 Thread 0x00000178eb8d2170 Exception <a 'java/lang/NoSuchMethodError'{0x00000000febd4ca8}: 'int java.lang.invoke.DirectMethodHandle$Holder.invokeStatic(java.lang.Object)'> (0x00000000febd4ca8) 
thrown [s\open\src\hotspot\share\interpreter\linkResolver.cpp, line 774]
Event: 1.111 Thread 0x00000178eb8d2170 Exception <a 'java/lang/NoSuchMethodError'{0x00000000febd8190}: 'int java.lang.invoke.DirectMethodHandle$Holder.invokeStaticInit(java.lang.Object)'> (0x00000000febd8190) 
thrown [s\open\src\hotspot\share\interpreter\linkResolver.cpp, line 774]
Event: 1.133 Thread 0x00000178eb8d2170 Exception <a 'java/lang/NoSuchMethodError'{0x00000000feaddf88}: 'java.lang.Object java.lang.invoke.DirectMethodHandle$Holder.invokeVirtual(java.lang.Object, java.lang.Object, java.lang.Object, java.lang.Object, java.lang.Object, java.lang.Object)'> (0x00000000feaddf88) 
thrown [s\open\src\hotspot\share\interpreter\linkResolver.cpp, line 774]
Event: 1.152 Thread 0x00000178eb8d2170 Exception <a 'java/lang/NoSuchMethodError'{0x00000000fe992fb0}: 'java.lang.Object java.lang.invoke.DirectMethodHandle$Holder.invokeVirtual(java.lang.Object, java.lang.Object, java.lang.Object, java.lang.Object, java.lang.Object)'> (0x00000000fe992fb0) 
thrown [s\open\src\hotspot\share\interpreter\linkResolver.cpp, line 774]
Event: 1.154 Thread 0x00000178eb8d2170 Exception <a 'java/lang/NoSuchMethodError'{0x00000000fe9a5db0}: 'java.lang.Object java.lang.invoke.Invokers$Holder.invokeExact_MT(java.lang.Object, java.lang.Object, java.lang.Object, java.lang.Object, java.lang.Object, java.lang.Object)'> (0x00000000fe9a5db0) 
thrown [s\open\src\hotspot\share\interpreter\linkResolver.cpp, line 774]
Event: 1.172 Thread 0x00000178eb8d2170 Exception <a 'java/lang/NoSuchMethodError'{0x00000000fe86e8c0}: 'java.lang.Object java.lang.invoke.DirectMethodHandle$Holder.invokeSpecialIFC(java.lang.Object, java.lang.Object, java.lang.Object, java.lang.Object)'> (0x00000000fe86e8c0) 
thrown [s\open\src\hotspot\share\interpreter\linkResolver.cpp, line 774]
Event: 1.173 Thread 0x00000178eb8d2170 Exception <a 'java/lang/NoSuchMethodError'{0x00000000fe877b60}: 'java.lang.Object java.lang.invoke.DirectMethodHandle$Holder.invokeVirtual(java.lang.Object, java.lang.Object, java.lang.Object, java.lang.Object, java.lang.Object, java.lang.Object, java.lang.Object, java.lang.Object)'> (0x00000000fe877b60) 
thrown [s\open\src\hotspot\share\interpreter\linkResolver.cpp, line 774]
Event: 1.181 Thread 0x00000178eb8d2170 Exception <a 'java/lang/NoSuchMethodError'{0x00000000fe8d7ba8}: 'java.lang.Object java.lang.invoke.DirectMethodHandle$Holder.invokeVirtual(java.lang.Object, java.lang.Object, java.lang.Object, java.lang.Object, java.lang.Object, java.lang.Object, java.lang.Object, java.lang.Object, java.lang.Object)'> (0x00000000fe8d7ba8) 
thrown [s\open\src\hotspot\share\interpreter\linkResolver.cpp, line 774]
Event: 1.232 Thread 0x00000178eb8d2170 Exception <a 'java/lang/NoSuchMethodError'{0x00000000fe288d40}: 'void java.lang.invoke.DirectMethodHandle$Holder.invokeInterface(java.lang.Object, java.lang.Object, java.lang.Object)'> (0x00000000fe288d40) 
thrown [s\open\src\hotspot\share\interpreter\linkResolver.cpp, line 774]
Event: 1.336 Thread 0x00000178d5344130 Exception <a 'java/lang/NoSuchMethodError'{0x00000000ffe250e8}: 'void java.lang.invoke.DirectMethodHandle$Holder.invokeStatic(java.lang.Object, long)'> (0x00000000ffe250e8) 
thrown [s\open\src\hotspot\share\interpreter\linkResolver.cpp, line 774]
Event: 1.337 Thread 0x00000178d5344130 Exception <a 'java/lang/NoSuchMethodError'{0x00000000ffe2a4b0}: 'java.lang.Object java.lang.invoke.DirectMethodHandle$Holder.newInvokeSpecial(java.lang.Object, long)'> (0x00000000ffe2a4b0) 
thrown [s\open\src\hotspot\share\interpreter\linkResolver.cpp, line 774]
Event: 1.338 Thread 0x00000178d5344130 Exception <a 'java/lang/NoSuchMethodError'{0x00000000ffe314e8}: 'java.lang.Object java.lang.invoke.DirectMethodHandle$Holder.invokeStatic(java.lang.Object, long, java.lang.Object)'> (0x00000000ffe314e8) 
thrown [s\open\src\hotspot\share\interpreter\linkResolver.cpp, line 774]
Event: 1.339 Thread 0x00000178d5344130 Exception <a 'java/lang/NoSuchMethodError'{0x00000000ffe34ca0}: 'java.lang.Object java.lang.invoke.DirectMethodHandle$Holder.invokeStaticInit(java.lang.Object, long, java.lang.Object)'> (0x00000000ffe34ca0) 
thrown [s\open\src\hotspot\share\interpreter\linkResolver.cpp, line 774]
Event: 3.451 Thread 0x00000178eb8d2170 Exception <a 'java/lang/NoSuchMethodError'{0x00000000ffd74060}: 'void java.lang.invoke.DirectMethodHandle$Holder.invokeStatic(java.lang.Object, java.lang.Object, java.lang.Object)'> (0x00000000ffd74060) 
thrown [s\open\src\hotspot\share\interpreter\linkResolver.cpp, line 774]

ZGC Phase Switch (0 events):
No events

VM Operations (20 events):
Event: 112.708 Executing VM operation: Cleanup
Event: 112.709 Executing VM operation: Cleanup done
Event: 117.736 Executing VM operation: Cleanup
Event: 117.736 Executing VM operation: Cleanup done
Event: 120.268 Executing VM operation: HandshakeAllThreads (HandshakeForDeflation)
Event: 120.269 Executing VM operation: HandshakeAllThreads (HandshakeForDeflation) done
Event: 120.269 Executing VM operation: Cleanup
Event: 120.269 Executing VM operation: Cleanup done
Event: 120.269 Executing VM operation: RendezvousGCThreads
Event: 120.269 Executing VM operation: RendezvousGCThreads done
Event: 121.279 Executing VM operation: Cleanup
Event: 121.279 Executing VM operation: Cleanup done
Event: 122.280 Executing VM operation: Cleanup
Event: 122.280 Executing VM operation: Cleanup done
Event: 143.491 Executing VM operation: Cleanup
Event: 143.491 Executing VM operation: Cleanup done
Event: 144.500 Executing VM operation: Cleanup
Event: 144.500 Executing VM operation: Cleanup done
Event: 145.511 Executing VM operation: Cleanup
Event: 145.511 Executing VM operation: Cleanup done

Memory protections (0 events):
No events

Nmethod flushes (0 events):
No events

Events (20 events):
Event: 0.037 Thread 0x00000178eb8d2170 Thread added: 0x00000178f905ec40
Event: 0.038 Thread 0x00000178eb8d2170 Thread added: 0x00000178f9066370
Event: 0.038 Thread 0x00000178eb8d2170 Thread added: 0x00000178f906c710
Event: 0.038 Thread 0x00000178eb8d2170 Thread added: 0x00000178f906b070
Event: 0.038 Thread 0x00000178eb8d2170 Thread added: 0x00000178f906d560
Event: 0.038 Thread 0x00000178eb8d2170 Thread added: 0x00000178f90711d0
Event: 0.038 Thread 0x00000178eb8d2170 Thread added: 0x00000178f9078440
Event: 0.052 Thread 0x00000178eb8d2170 Thread added: 0x00000178d4260120
Event: 0.054 Thread 0x00000178eb8d2170 Thread added: 0x00000178d426dc20
Event: 0.323 Thread 0x00000178f9078440 Thread added: 0x00000178d44a6ec0
Event: 0.391 Thread 0x00000178d44a6ec0 Thread added: 0x00000178d4716d90
Event: 0.917 Thread 0x00000178eb8d2170 Thread added: 0x00000178d4f436d0
Event: 1.329 Thread 0x00000178eb8d2170 Thread added: 0x00000178d5344130
Event: 1.344 Thread 0x00000178d5344130 Thread added: 0x00000178d52c7090
Event: 1.345 Thread 0x00000178d5344130 Thread added: 0x00000178d52c7700
Event: 1.349 Thread 0x00000178d52c7090 Thread exited: 0x00000178d52c7090
Event: 1.629 Thread 0x00000178d4716d90 Thread exited: 0x00000178d4716d90
Event: 1.722 Thread 0x00000178d44a6ec0 Thread exited: 0x00000178d44a6ec0
Event: 3.430 Thread 0x00000178d5344130 Thread exited: 0x00000178d5344130
Event: 3.430 Thread 0x00000178d52c7700 Thread exited: 0x00000178d52c7700


Dynamic libraries:
0x00007ff6015f0000 - 0x00007ff601600000 	C:\Program Files\Java\jdk-22\bin\java.exe
0x00007ff96c780000 - 0x00007ff96c9e8000 	C:\WINDOWS\SYSTEM32\ntdll.dll
0x00007ff96b9d0000 - 0x00007ff96ba99000 	C:\WINDOWS\System32\KERNEL32.DLL
0x00007ff96a100000 - 0x00007ff96a4ed000 	C:\WINDOWS\System32\KERNELBASE.dll
0x00007ff969cb0000 - 0x00007ff969dfb000 	C:\WINDOWS\System32\ucrtbase.dll
0x00007ff9030d0000 - 0x00007ff9030e7000 	C:\Program Files\Java\jdk-22\bin\jli.dll
0x00007ff906260000 - 0x00007ff90627b000 	C:\Program Files\Java\jdk-22\bin\VCRUNTIME140.dll
0x00007ff96b030000 - 0x00007ff96b1fc000 	C:\WINDOWS\System32\USER32.dll
0x00007ff96a4f0000 - 0x00007ff96a517000 	C:\WINDOWS\System32\win32u.dll
0x00007ff96aea0000 - 0x00007ff96aecb000 	C:\WINDOWS\System32\GDI32.dll
0x00007ff945ec0000 - 0x00007ff94615a000 	C:\WINDOWS\WinSxS\amd64_microsoft.windows.common-controls_6595b64144ccf1df_6.0.26100.4484_none_3e0e6d4ce32ef3b3\COMCTL32.dll
0x00007ff969ad0000 - 0x00007ff969c07000 	C:\WINDOWS\System32\gdi32full.dll
0x00007ff96aed0000 - 0x00007ff96af79000 	C:\WINDOWS\System32\msvcrt.dll
0x00007ff969a20000 - 0x00007ff969ac3000 	C:\WINDOWS\System32\msvcp_win.dll
0x00007ff96b7f0000 - 0x00007ff96b81f000 	C:\WINDOWS\System32\IMM32.DLL
0x00007ff93e430000 - 0x00007ff93e43c000 	C:\Program Files\Java\jdk-22\bin\vcruntime140_1.dll
0x00007ff902e60000 - 0x00007ff902eee000 	C:\Program Files\Java\jdk-22\bin\msvcp140.dll
0x00007ff88bd50000 - 0x00007ff88ca99000 	C:\Program Files\Java\jdk-22\bin\server\jvm.dll
0x00007ff96be30000 - 0x00007ff96bee4000 	C:\WINDOWS\System32\ADVAPI32.dll
0x00007ff96b740000 - 0x00007ff96b7e6000 	C:\WINDOWS\System32\sechost.dll
0x00007ff96b3f0000 - 0x00007ff96b508000 	C:\WINDOWS\System32\RPCRT4.dll
0x00007ff96b830000 - 0x00007ff96b8a4000 	C:\WINDOWS\System32\WS2_32.dll
0x00007ff968fd0000 - 0x00007ff96902e000 	C:\WINDOWS\SYSTEM32\POWRPROF.dll
0x00007ff95dc30000 - 0x00007ff95dc3b000 	C:\WINDOWS\SYSTEM32\VERSION.dll
0x00007ff95aa20000 - 0x00007ff95aa55000 	C:\WINDOWS\SYSTEM32\WINMM.dll
0x00007ff968f40000 - 0x00007ff968f54000 	C:\WINDOWS\SYSTEM32\UMPDC.dll
0x00007ff968670000 - 0x00007ff96868b000 	C:\WINDOWS\SYSTEM32\kernel.appcore.dll
0x00007ff93d0d0000 - 0x00007ff93d0da000 	C:\Program Files\Java\jdk-22\bin\jimage.dll
0x00007ff9671a0000 - 0x00007ff9673e1000 	C:\WINDOWS\SYSTEM32\DBGHELP.DLL
0x00007ff96ab10000 - 0x00007ff96ae96000 	C:\WINDOWS\System32\combase.dll
0x00007ff96a530000 - 0x00007ff96a610000 	C:\WINDOWS\System32\OLEAUT32.dll
0x00007ff9414a0000 - 0x00007ff9414e3000 	C:\WINDOWS\SYSTEM32\dbgcore.DLL
0x00007ff969c10000 - 0x00007ff969ca9000 	C:\WINDOWS\System32\bcryptPrimitives.dll
0x00007ff9030b0000 - 0x00007ff9030ce000 	C:\Program Files\Java\jdk-22\bin\java.dll
0x00007ff96bff0000 - 0x00007ff96c73a000 	C:\WINDOWS\System32\SHELL32.dll
0x00007ff969e00000 - 0x00007ff969f74000 	C:\WINDOWS\System32\wintypes.dll
0x00007ff96b590000 - 0x00007ff96b72e000 	C:\WINDOWS\System32\ole32.dll
0x00007ff9674e0000 - 0x00007ff967d3b000 	C:\WINDOWS\SYSTEM32\windows.storage.dll
0x00007ff96b2f0000 - 0x00007ff96b3e5000 	C:\WINDOWS\System32\SHCORE.dll
0x00007ff96b200000 - 0x00007ff96b26a000 	C:\WINDOWS\System32\shlwapi.dll
0x00007ff9697e0000 - 0x00007ff96980f000 	C:\WINDOWS\SYSTEM32\profapi.dll
0x00007ff8fa900000 - 0x00007ff8fa9d7000 	C:\Program Files\Java\jdk-22\bin\jsvml.dll
0x00007ff937120000 - 0x00007ff937130000 	C:\Program Files\Java\jdk-22\bin\net.dll
0x00007ff968c70000 - 0x00007ff968cda000 	C:\WINDOWS\system32\mswsock.dll
0x00007ff902df0000 - 0x00007ff902e06000 	C:\Program Files\Java\jdk-22\bin\nio.dll
0x00007ff902dd0000 - 0x00007ff902de7000 	C:\Program Files\Java\jdk-22\bin\zip.dll
0x00007ff9342a0000 - 0x00007ff9342b0000 	C:\Program Files\Java\jdk-22\bin\verify.dll
0x00007ff9319f0000 - 0x00007ff9319fa000 	C:\Program Files\Java\jdk-22\bin\management.dll
0x00007ff931990000 - 0x00007ff93199b000 	C:\Program Files\Java\jdk-22\bin\management_ext.dll
0x00007ff96b8b0000 - 0x00007ff96b8b8000 	C:\WINDOWS\System32\PSAPI.DLL
0x00007ff902c00000 - 0x00007ff902c27000 	C:\Users\Victus\.gradle\native\c067742578af261105cb4f569cf0c3c89f3d7b1fecec35dd04571415982c5e48\windows-amd64\native-platform.dll
0x00007ff929bb0000 - 0x00007ff929bba000 	C:\Users\Victus\.gradle\native\jansi\1.18\windows64\jansi.dll
0x00007ff968f60000 - 0x00007ff968f7b000 	C:\WINDOWS\SYSTEM32\CRYPTSP.dll
0x00007ff9685d0000 - 0x00007ff96860b000 	C:\WINDOWS\system32\rsaenh.dll
0x00007ff968d10000 - 0x00007ff968d3b000 	C:\WINDOWS\SYSTEM32\USERENV.dll
0x00007ff9697b0000 - 0x00007ff9697d6000 	C:\WINDOWS\SYSTEM32\bcrypt.dll
0x00007ff968f80000 - 0x00007ff968f8c000 	C:\WINDOWS\SYSTEM32\CRYPTBASE.dll
0x00007ff968110000 - 0x00007ff968143000 	C:\WINDOWS\SYSTEM32\IPHLPAPI.DLL
0x00007ff96a520000 - 0x00007ff96a52a000 	C:\WINDOWS\System32\NSI.dll
0x00007ff9298c0000 - 0x00007ff9298c9000 	C:\Program Files\Java\jdk-22\bin\extnet.dll
0x00007ff9261b0000 - 0x00007ff9261be000 	C:\Program Files\Java\jdk-22\bin\sunmscapi.dll
0x00007ff969f80000 - 0x00007ff96a0f7000 	C:\WINDOWS\System32\CRYPT32.dll
0x00007ff9691f0000 - 0x00007ff969220000 	C:\WINDOWS\SYSTEM32\ncrypt.dll
0x00007ff9691a0000 - 0x00007ff9691df000 	C:\WINDOWS\SYSTEM32\NTASN1.dll
0x00007ff935120000 - 0x00007ff935128000 	C:\WINDOWS\system32\wshunix.dll

dbghelp: loaded successfully - version: 4.0.5 - missing functions: none
symbol engine: initialized successfully - sym options: 0x614 - pdb path: .;C:\Program Files\Java\jdk-22\bin;C:\WINDOWS\SYSTEM32;C:\WINDOWS\WinSxS\amd64_microsoft.windows.common-controls_6595b64144ccf1df_6.0.26100.4484_none_3e0e6d4ce32ef3b3;C:\Program Files\Java\jdk-22\bin\server;C:\Users\Victus\.gradle\native\c067742578af261105cb4f569cf0c3c89f3d7b1fecec35dd04571415982c5e48\windows-amd64;C:\Users\Victus\.gradle\native\jansi\1.18\windows64

VM Arguments:
jvm_args: -Xmx64m -Xms64m -Dorg.gradle.appname=gradlew 
java_command: org.gradle.wrapper.GradleWrapperMain build --no-daemon
java_class_path (initial): C:\Users\Victus\Desktop\andridstudio\jawafai\\gradle\wrapper\gradle-wrapper.jar
Launcher Type: SUN_STANDARD

[Global flags]
     intx CICompilerCount                          = 4                                         {product} {ergonomic}
     uint ConcGCThreads                            = 3                                         {product} {ergonomic}
     uint G1ConcRefinementThreads                  = 10                                        {product} {ergonomic}
   size_t G1HeapRegionSize                         = 1048576                                   {product} {ergonomic}
   size_t InitialHeapSize                          = 67108864                                  {product} {command line}
   size_t MarkStackSize                            = 4194304                                   {product} {ergonomic}
   size_t MaxHeapSize                              = 67108864                                  {product} {command line}
   size_t MaxNewSize                               = 39845888                                  {product} {ergonomic}
   size_t MinHeapDeltaBytes                        = 1048576                                   {product} {ergonomic}
   size_t MinHeapSize                              = 67108864                                  {product} {command line}
    uintx NonNMethodCodeHeapSize                   = 5839372                                {pd product} {ergonomic}
    uintx NonProfiledCodeHeapSize                  = 122909434                              {pd product} {ergonomic}
    uintx ProfiledCodeHeapSize                     = 122909434                              {pd product} {ergonomic}
    uintx ReservedCodeCacheSize                    = 251658240                              {pd product} {ergonomic}
     bool SegmentedCodeCache                       = true                                      {product} {ergonomic}
   size_t SoftMaxHeapSize                          = 67108864                               {manageable} {ergonomic}
     bool UseCompressedOops                        = true                           {product lp64_product} {ergonomic}
     bool UseG1GC                                  = true                                      {product} {ergonomic}
     bool UseLargePagesIndividualAllocation        = false                                  {pd product} {ergonomic}

Logging:
Log output configuration:
 #0: stdout all=warning uptime,level,tags foldmultilines=false
 #1: stderr all=off uptime,level,tags foldmultilines=false

Environment Variables:
CLASSPATH=C:\Users\Victus\Desktop\andridstudio\jawafai\\gradle\wrapper\gradle-wrapper.jar
PATH=C:\Program Files\Common Files\Oracle\Java\javapath;C:\Program Files (x86)\Common Files\Oracle\Java\javapath;C:\windows\system32;C:\windows;C:\windows\System32\Wbem;C:\windows\System32\WindowsPowerShell\v1.0\;C:\windows\System32\OpenSSH\;C:\Program Files (x86)\NVIDIA Corporation\PhysX\Common;C:\Program Files\NVIDIA Corporation\NVIDIA NvDLISR;C:\Users\Administrator\AppData\Local\Microsoft\WindowsApps;C:\Program Files\HP\OMEN-Broadcast\Common;C:\MinGW\bin;C:\Program Files\HP\HP One Agent;C:\Program Files\Git\cmd;C:\WINDOWS\system32;C:\WINDOWS;C:\WINDOWS\System32\Wbem;C:\WINDOWS\System32\WindowsPowerShell\v1.0\;C:\WINDOWS\System32\OpenSSH\;C:\Users\Victus\Downloads\gradle-8.12.1-bin.zip\gradle-8.12.1\bin;C:\Program Files\MySQL\MySQL Shell 8.0\bin\;C:\Users\Victus\AppData\Local\Programs\Python\Python312\Scripts\;C:\Users\Victus\AppData\Local\Programs\Python\Python312\;C:\Users\Victus\AppData\Local\Programs\Python\Launcher\;C:\Users\Victus\AppData\Local\Microsoft\WindowsApps;;C:\Users\Victus\AppData\Local\Programs\Microsoft VS Code\bin;C:\Users\Victus\PyCharm 2024.1\bin;
USERNAME=Victus
OS=Windows_NT
PROCESSOR_IDENTIFIER=Intel64 Family 6 Model 186 Stepping 2, GenuineIntel
TMP=C:\Users\Victus\AppData\Local\Temp
TEMP=C:\Users\Victus\AppData\Local\Temp




Periodic native trim disabled

---------------  S Y S T E M  ---------------

OS:
 Windows 11 , 64 bit Build 26100 (10.0.26100.4484)
OS uptime: 3 days 15:50 hours
Hyper-V role detected

CPU: total 12 (initial active 12) (6 cores per cpu, 2 threads per core) family 6 model 186 stepping 2 microcode 0x4122, cx8, cmov, fxsr, ht, mmx, 3dnowpref, sse, sse2, sse3, ssse3, sse4.1, sse4.2, popcnt, lzcnt, tsc, tscinvbit, avx, avx2, aes, erms, clmul, bmi1, bmi2, adx, sha, fma, vzeroupper, clflush, clflushopt, clwb, hv, serialize, rdtscp, rdpid, fsrm, f16c, cet_ibt, cet_ss
Processor Information for processor 0
  Max Mhz: 2100, Current Mhz: 2100, Mhz Limit: 2100
Processor Information for processor 1
  Max Mhz: 2100, Current Mhz: 2100, Mhz Limit: 2100
Processor Information for processor 2
  Max Mhz: 2100, Current Mhz: 2100, Mhz Limit: 2100
Processor Information for processor 3
  Max Mhz: 2100, Current Mhz: 2100, Mhz Limit: 2100
Processor Information for processor 4
  Max Mhz: 2100, Current Mhz: 2100, Mhz Limit: 2100
Processor Information for processor 5
  Max Mhz: 2100, Current Mhz: 2100, Mhz Limit: 2100
Processor Information for processor 6
  Max Mhz: 2100, Current Mhz: 2100, Mhz Limit: 2100
Processor Information for processor 7
  Max Mhz: 2100, Current Mhz: 2100, Mhz Limit: 2100
Processor Information for processor 8
  Max Mhz: 2100, Current Mhz: 2100, Mhz Limit: 2100
Processor Information for processor 9
  Max Mhz: 2100, Current Mhz: 1540, Mhz Limit: 2100
Processor Information for processor 10
  Max Mhz: 2100, Current Mhz: 2100, Mhz Limit: 2100
Processor Information for processor 11
  Max Mhz: 2100, Current Mhz: 1540, Mhz Limit: 2100

Memory: 4k page, system-wide physical 7832M (417M free)
TotalPageFile size 20689M (AvailPageFile size 7M)
current process WorkingSet (physical memory assigned to process): 18M, peak: 117M
current process commit charge ("private bytes"): 174M, peak: 178M

vm_info: Java HotSpot(TM) 64-Bit Server VM (22.0.2+9-70) for windows-amd64 JRE (22.0.2+9-70), built on 2024-06-04T16:52:23Z by "mach5one" with MS VC++ 17.6 (VS2022)

END.
